Some weights of SegformerForSemanticSegmentation were not initialized from the model checkpoint at nvidia/segformer-b0-finetuned-ade-512-512 and are newly initialized because the shapes did not match:
- decode_head.classifier.weight: found shape torch.Size([150, 256, 1, 1]) in the checkpoint and torch.Size([3, 256, 1, 1]) in the model instantiated
- decode_head.classifier.bias: found shape torch.Size([150]) in the checkpoint and torch.Size([3]) in the model instantiated
You should probably TRAIN this model on a down-stream task to be able to use it for predictions and inference.
/work/archcomplab/yorazov2/Swin3DEnv/lib/python3.9/site-packages/torch/optim/lr_scheduler.py:143: UserWarning: Detected call of `lr_scheduler.step()` before `optimizer.step()`. In PyTorch 1.1.0 and later, you should call them in the opposite order: `optimizer.step()` before `lr_scheduler.step()`.  Failure to do this will result in PyTorch skipping the first value of the learning rate schedule. See more details at https://pytorch.org/docs/stable/optim.html#how-to-adjust-learning-rate
  warnings.warn("Detected call of `lr_scheduler.step()` before `optimizer.step()`. "
/work/archcomplab/yorazov2/Swin3DEnv/lib/python3.9/site-packages/torch/nn/modules/conv.py:456: UserWarning: Applied workaround for CuDNN issue, install nvrtc.so (Triggered internally at ../aten/src/ATen/native/cudnn/Conv_v8.cpp:80.)
  return F.conv2d(input, weight, bias, self.stride,
[001/100] train_loss=1.851 train_acc=0.578 | val_loss=1.831 val_acc=0.685 | head_lr=6.76e-05
    IoU  [0.690, 0.104, 0.050]
    F1   [0.816, 0.188, 0.095]
    Rcl  [0.759, 0.238, 0.202]
    Prc  [0.884, 0.156, 0.062]
    AccC [0.759, 0.238, 0.202]
✔ Saved improved model → 15_warmup_Swin2DDice+CrossEntropy_uxb_tpi_clr_segformer_b0_best.pth
[002/100] train_loss=1.797 train_acc=0.690 | val_loss=1.758 val_acc=0.725 | head_lr=1.34e-04
    IoU  [0.738, 0.121, 0.084]
    F1   [0.849, 0.215, 0.155]
    Rcl  [0.801, 0.228, 0.393]
    Prc  [0.904, 0.204, 0.097]
    AccC [0.801, 0.228, 0.393]
✔ Saved improved model → 15_warmup_Swin2DDice+CrossEntropy_uxb_tpi_clr_segformer_b0_best.pth
[003/100] train_loss=1.729 train_acc=0.717 | val_loss=1.677 val_acc=0.758 | head_lr=2.01e-04
    IoU  [0.773, 0.148, 0.112]
    F1   [0.872, 0.258, 0.202]
    Rcl  [0.832, 0.271, 0.453]
    Prc  [0.917, 0.247, 0.130]
    AccC [0.832, 0.271, 0.453]
✔ Saved improved model → 15_warmup_Swin2DDice+CrossEntropy_uxb_tpi_clr_segformer_b0_best.pth
[004/100] train_loss=1.645 train_acc=0.743 | val_loss=1.583 val_acc=0.768 | head_lr=2.67e-04
    IoU  [0.784, 0.165, 0.135]
    F1   [0.879, 0.284, 0.238]
    Rcl  [0.836, 0.311, 0.505]
    Prc  [0.926, 0.261, 0.155]
    AccC [0.836, 0.311, 0.505]
✔ Saved improved model → 15_warmup_Swin2DDice+CrossEntropy_uxb_tpi_clr_segformer_b0_best.pth
[005/100] train_loss=1.562 train_acc=0.747 | val_loss=1.495 val_acc=0.762 | head_lr=3.34e-04
    IoU  [0.777, 0.186, 0.149]
    F1   [0.875, 0.314, 0.259]
    Rcl  [0.819, 0.366, 0.590]
    Prc  [0.938, 0.275, 0.166]
    AccC [0.819, 0.366, 0.590]
✔ Saved improved model → 15_warmup_Swin2DDice+CrossEntropy_uxb_tpi_clr_segformer_b0_best.pth
[006/100] train_loss=1.491 train_acc=0.753 | val_loss=1.434 val_acc=0.744 | head_lr=4.01e-04
    IoU  [0.753, 0.213, 0.156]
    F1   [0.859, 0.351, 0.269]
    Rcl  [0.783, 0.491, 0.575]
    Prc  [0.951, 0.274, 0.176]
    AccC [0.783, 0.491, 0.575]
✔ Saved improved model → 15_warmup_Swin2DDice+CrossEntropy_uxb_tpi_clr_segformer_b0_best.pth
[007/100] train_loss=1.436 train_acc=0.746 | val_loss=1.395 val_acc=0.752 | head_lr=4.67e-04
    IoU  [0.762, 0.222, 0.157]
    F1   [0.865, 0.363, 0.272]
    Rcl  [0.791, 0.487, 0.611]
    Prc  [0.953, 0.289, 0.175]
    AccC [0.791, 0.487, 0.611]
✔ Saved improved model → 15_warmup_Swin2DDice+CrossEntropy_uxb_tpi_clr_segformer_b0_best.pth
[008/100] train_loss=1.407 train_acc=0.759 | val_loss=1.365 val_acc=0.769 | head_lr=5.34e-04
    IoU  [0.775, 0.244, 0.178]
    F1   [0.873, 0.392, 0.302]
    Rcl  [0.804, 0.544, 0.565]
    Prc  [0.955, 0.306, 0.206]
    AccC [0.804, 0.544, 0.565]
✔ Saved improved model → 15_warmup_Swin2DDice+CrossEntropy_uxb_tpi_clr_segformer_b0_best.pth
[009/100] train_loss=1.380 train_acc=0.756 | val_loss=1.335 val_acc=0.765 | head_lr=6.00e-04
    IoU  [0.775, 0.246, 0.168]
    F1   [0.874, 0.395, 0.288]
    Rcl  [0.801, 0.524, 0.651]
    Prc  [0.961, 0.317, 0.185]
    AccC [0.801, 0.524, 0.651]
✔ Saved improved model → 15_warmup_Swin2DDice+CrossEntropy_uxb_tpi_clr_segformer_b0_best.pth
[010/100] train_loss=1.355 train_acc=0.766 | val_loss=1.315 val_acc=0.769 | head_lr=6.67e-04
    IoU  [0.777, 0.256, 0.175]
    F1   [0.875, 0.408, 0.298]
    Rcl  [0.801, 0.560, 0.628]
    Prc  [0.963, 0.321, 0.195]
    AccC [0.801, 0.560, 0.628]
✔ Saved improved model → 15_warmup_Swin2DDice+CrossEntropy_uxb_tpi_clr_segformer_b0_best.pth
[011/100] train_loss=1.330 train_acc=0.769 | val_loss=1.309 val_acc=0.756 | head_lr=7.34e-04
    IoU  [0.762, 0.253, 0.176]
    F1   [0.865, 0.404, 0.300]
    Rcl  [0.782, 0.582, 0.647]
    Prc  [0.967, 0.309, 0.195]
    AccC [0.782, 0.582, 0.647]
✔ Saved improved model → 15_warmup_Swin2DDice+CrossEntropy_uxb_tpi_clr_segformer_b0_best.pth
[012/100] train_loss=1.311 train_acc=0.770 | val_loss=1.283 val_acc=0.780 | head_lr=8.00e-04
    IoU  [0.791, 0.262, 0.177]
    F1   [0.884, 0.415, 0.301]
    Rcl  [0.816, 0.528, 0.684]
    Prc  [0.964, 0.342, 0.193]
    AccC [0.816, 0.528, 0.684]
✔ Saved improved model → 15_warmup_Swin2DDice+CrossEntropy_uxb_tpi_clr_segformer_b0_best.pth
[013/100] train_loss=1.291 train_acc=0.781 | val_loss=1.286 val_acc=0.756 | head_lr=8.67e-04
    IoU  [0.765, 0.255, 0.167]
    F1   [0.867, 0.406, 0.286]
    Rcl  [0.784, 0.558, 0.698]
    Prc  [0.969, 0.319, 0.180]
    AccC [0.784, 0.558, 0.698]
[014/100] train_loss=1.275 train_acc=0.786 | val_loss=1.256 val_acc=0.801 | head_lr=9.33e-04
    IoU  [0.809, 0.301, 0.197]
    F1   [0.894, 0.462, 0.329]
    Rcl  [0.832, 0.611, 0.607]
    Prc  [0.966, 0.372, 0.226]
    AccC [0.832, 0.611, 0.607]
✔ Saved improved model → 15_warmup_Swin2DDice+CrossEntropy_uxb_tpi_clr_segformer_b0_best.pth
[015/100] train_loss=1.256 train_acc=0.788 | val_loss=1.258 val_acc=0.782 | head_lr=1.00e-03
    IoU  [0.785, 0.294, 0.201]
    F1   [0.879, 0.454, 0.335]
    Rcl  [0.803, 0.672, 0.581]
    Prc  [0.971, 0.343, 0.236]
    AccC [0.803, 0.672, 0.581]
→ Unfroze encoder stage at epoch 16
[016/100] train_loss=1.255 train_acc=0.789 | val_loss=1.240 val_acc=0.808 | head_lr=1.00e-03 | enc_lr=7.60e-06
    IoU  [0.816, 0.306, 0.208]
    F1   [0.899, 0.468, 0.345]
    Rcl  [0.841, 0.602, 0.633]
    Prc  [0.965, 0.383, 0.237]
    AccC [0.841, 0.602, 0.633]
✔ Saved improved model → 15_warmup_Swin2DDice+CrossEntropy_uxb_tpi_clr_segformer_b0_best.pth
[017/100] train_loss=1.246 train_acc=0.791 | val_loss=1.237 val_acc=0.812 | head_lr=1.00e-03 | enc_lr=1.42e-05
    IoU  [0.822, 0.307, 0.205]
    F1   [0.902, 0.470, 0.340]
    Rcl  [0.847, 0.586, 0.637]
    Prc  [0.964, 0.392, 0.232]
    AccC [0.847, 0.586, 0.637]
✔ Saved improved model → 15_warmup_Swin2DDice+CrossEntropy_uxb_tpi_clr_segformer_b0_best.pth
[018/100] train_loss=1.244 train_acc=0.796 | val_loss=1.249 val_acc=0.754 | head_lr=1.00e-03 | enc_lr=2.08e-05
    IoU  [0.751, 0.282, 0.206]
    F1   [0.858, 0.440, 0.341]
    Rcl  [0.762, 0.729, 0.604]
    Prc  [0.980, 0.315, 0.238]
    AccC [0.762, 0.729, 0.604]
[019/100] train_loss=1.233 train_acc=0.794 | val_loss=1.223 val_acc=0.767 | head_lr=1.00e-03 | enc_lr=2.74e-05
    IoU  [0.770, 0.293, 0.186]
    F1   [0.870, 0.454, 0.314]
    Rcl  [0.783, 0.664, 0.704]
    Prc  [0.980, 0.345, 0.202]
    AccC [0.783, 0.664, 0.704]
✔ Saved improved model → 15_warmup_Swin2DDice+CrossEntropy_uxb_tpi_clr_segformer_b0_best.pth
[020/100] train_loss=1.216 train_acc=0.803 | val_loss=1.203 val_acc=0.803 | head_lr=1.00e-03 | enc_lr=3.40e-05
    IoU  [0.808, 0.314, 0.219]
    F1   [0.894, 0.478, 0.359]
    Rcl  [0.827, 0.661, 0.634]
    Prc  [0.972, 0.374, 0.251]
    AccC [0.827, 0.661, 0.634]
✔ Saved improved model → 15_warmup_Swin2DDice+CrossEntropy_uxb_tpi_clr_segformer_b0_best.pth
[021/100] train_loss=1.207 train_acc=0.803 | val_loss=1.210 val_acc=0.815 | head_lr=1.00e-03 | enc_lr=4.06e-05
    IoU  [0.821, 0.327, 0.222]
    F1   [0.902, 0.493, 0.364]
    Rcl  [0.843, 0.661, 0.599]
    Prc  [0.969, 0.393, 0.261]
    AccC [0.843, 0.661, 0.599]
[022/100] train_loss=1.204 train_acc=0.808 | val_loss=1.208 val_acc=0.844 | head_lr=1.00e-03 | enc_lr=4.72e-05
    IoU  [0.853, 0.342, 0.240]
    F1   [0.921, 0.509, 0.387]
    Rcl  [0.885, 0.584, 0.622]
    Prc  [0.960, 0.451, 0.281]
    AccC [0.885, 0.584, 0.622]
[023/100] train_loss=1.195 train_acc=0.800 | val_loss=1.175 val_acc=0.809 | head_lr=1.00e-03 | enc_lr=5.38e-05
    IoU  [0.818, 0.321, 0.215]
    F1   [0.900, 0.486, 0.354]
    Rcl  [0.836, 0.627, 0.712]
    Prc  [0.974, 0.396, 0.236]
    AccC [0.836, 0.627, 0.712]
✔ Saved improved model → 15_warmup_Swin2DDice+CrossEntropy_uxb_tpi_clr_segformer_b0_best.pth
[024/100] train_loss=1.175 train_acc=0.813 | val_loss=1.174 val_acc=0.823 | head_lr=1.00e-03 | enc_lr=6.04e-05
    IoU  [0.829, 0.337, 0.236]
    F1   [0.906, 0.504, 0.381]
    Rcl  [0.851, 0.653, 0.654]
    Prc  [0.970, 0.411, 0.269]
    AccC [0.851, 0.653, 0.654]
✔ Saved improved model → 15_warmup_Swin2DDice+CrossEntropy_uxb_tpi_clr_segformer_b0_best.pth
[025/100] train_loss=1.170 train_acc=0.814 | val_loss=1.165 val_acc=0.833 | head_lr=1.00e-03 | enc_lr=6.70e-05
    IoU  [0.843, 0.345, 0.224]
    F1   [0.915, 0.513, 0.366]
    Rcl  [0.867, 0.607, 0.698]
    Prc  [0.969, 0.445, 0.248]
    AccC [0.867, 0.607, 0.698]
✔ Saved improved model → 15_warmup_Swin2DDice+CrossEntropy_uxb_tpi_clr_segformer_b0_best.pth
[026/100] train_loss=1.161 train_acc=0.816 | val_loss=1.153 val_acc=0.807 | head_lr=1.00e-03 | enc_lr=7.36e-05
    IoU  [0.811, 0.329, 0.234]
    F1   [0.896, 0.495, 0.379]
    Rcl  [0.826, 0.690, 0.692]
    Prc  [0.978, 0.387, 0.261]
    AccC [0.826, 0.690, 0.692]
✔ Saved improved model → 15_warmup_Swin2DDice+CrossEntropy_uxb_tpi_clr_segformer_b0_best.pth
[027/100] train_loss=1.168 train_acc=0.814 | val_loss=1.162 val_acc=0.789 | head_lr=1.00e-03 | enc_lr=8.02e-05
    IoU  [0.792, 0.317, 0.217]
    F1   [0.884, 0.481, 0.356]
    Rcl  [0.804, 0.693, 0.721]
    Prc  [0.982, 0.368, 0.237]
    AccC [0.804, 0.693, 0.721]
[028/100] train_loss=1.161 train_acc=0.814 | val_loss=1.149 val_acc=0.839 | head_lr=1.00e-03 | enc_lr=8.68e-05
    IoU  [0.848, 0.353, 0.245]
    F1   [0.918, 0.522, 0.393]
    Rcl  [0.873, 0.627, 0.678]
    Prc  [0.968, 0.448, 0.277]
    AccC [0.873, 0.627, 0.678]
✔ Saved improved model → 15_warmup_Swin2DDice+CrossEntropy_uxb_tpi_clr_segformer_b0_best.pth
[029/100] train_loss=1.143 train_acc=0.821 | val_loss=1.156 val_acc=0.798 | head_lr=1.00e-03 | enc_lr=9.34e-05
    IoU  [0.803, 0.323, 0.214]
    F1   [0.891, 0.488, 0.352]
    Rcl  [0.817, 0.674, 0.717]
    Prc  [0.979, 0.383, 0.233]
    AccC [0.817, 0.674, 0.717]
[030/100] train_loss=1.137 train_acc=0.823 | val_loss=1.133 val_acc=0.823 | head_lr=1.00e-03 | enc_lr=1.00e-04
    IoU  [0.830, 0.342, 0.234]
    F1   [0.907, 0.510, 0.380]
    Rcl  [0.849, 0.651, 0.714]
    Prc  [0.975, 0.419, 0.259]
    AccC [0.849, 0.651, 0.714]
✔ Saved improved model → 15_warmup_Swin2DDice+CrossEntropy_uxb_tpi_clr_segformer_b0_best.pth
[031/100] train_loss=1.131 train_acc=0.823 | val_loss=1.133 val_acc=0.843 | head_lr=1.00e-03 | enc_lr=1.00e-04
    IoU  [0.851, 0.368, 0.252]
    F1   [0.919, 0.538, 0.403]
    Rcl  [0.873, 0.656, 0.672]
    Prc  [0.971, 0.456, 0.288]
    AccC [0.873, 0.656, 0.672]
✔ Saved improved model → 15_warmup_Swin2DDice+CrossEntropy_uxb_tpi_clr_segformer_b0_best.pth
[032/100] train_loss=1.126 train_acc=0.823 | val_loss=1.122 val_acc=0.821 | head_lr=1.00e-03 | enc_lr=1.00e-04
    IoU  [0.827, 0.351, 0.235]
    F1   [0.905, 0.520, 0.381]
    Rcl  [0.842, 0.683, 0.714]
    Prc  [0.978, 0.420, 0.260]
    AccC [0.842, 0.683, 0.714]
✔ Saved improved model → 15_warmup_Swin2DDice+CrossEntropy_uxb_tpi_clr_segformer_b0_best.pth
[033/100] train_loss=1.114 train_acc=0.833 | val_loss=1.117 val_acc=0.842 | head_lr=1.00e-03 | enc_lr=1.00e-04
    IoU  [0.848, 0.375, 0.261]
    F1   [0.918, 0.546, 0.414]
    Rcl  [0.867, 0.698, 0.657]
    Prc  [0.975, 0.448, 0.302]
    AccC [0.867, 0.698, 0.657]
✔ Saved improved model → 15_warmup_Swin2DDice+CrossEntropy_uxb_tpi_clr_segformer_b0_best.pth
[034/100] train_loss=1.127 train_acc=0.826 | val_loss=1.128 val_acc=0.831 | head_lr=1.00e-03 | enc_lr=1.00e-04
    IoU  [0.835, 0.360, 0.255]
    F1   [0.910, 0.529, 0.406]
    Rcl  [0.853, 0.700, 0.659]
    Prc  [0.975, 0.425, 0.294]
    AccC [0.853, 0.700, 0.659]
[035/100] train_loss=1.127 train_acc=0.827 | val_loss=1.109 val_acc=0.824 | head_lr=1.00e-03 | enc_lr=1.00e-04
    IoU  [0.828, 0.354, 0.256]
    F1   [0.906, 0.523, 0.407]
    Rcl  [0.843, 0.713, 0.693]
    Prc  [0.980, 0.413, 0.289]
    AccC [0.843, 0.713, 0.693]
✔ Saved improved model → 15_warmup_Swin2DDice+CrossEntropy_uxb_tpi_clr_segformer_b0_best.pth
[036/100] train_loss=1.100 train_acc=0.831 | val_loss=1.113 val_acc=0.859 | head_lr=1.00e-03 | enc_lr=1.00e-04
    IoU  [0.873, 0.374, 0.244]
    F1   [0.932, 0.544, 0.392]
    Rcl  [0.901, 0.567, 0.735]
    Prc  [0.966, 0.524, 0.267]
    AccC [0.901, 0.567, 0.735]
[037/100] train_loss=1.092 train_acc=0.835 | val_loss=1.113 val_acc=0.830 | head_lr=1.00e-03 | enc_lr=1.00e-04
    IoU  [0.831, 0.369, 0.272]
    F1   [0.908, 0.539, 0.428]
    Rcl  [0.845, 0.766, 0.615]
    Prc  [0.981, 0.416, 0.328]
    AccC [0.845, 0.766, 0.615]
[038/100] train_loss=1.096 train_acc=0.837 | val_loss=1.093 val_acc=0.839 | head_lr=1.00e-03 | enc_lr=1.00e-04
    IoU  [0.846, 0.374, 0.253]
    F1   [0.916, 0.544, 0.403]
    Rcl  [0.863, 0.687, 0.705]
    Prc  [0.977, 0.451, 0.283]
    AccC [0.863, 0.687, 0.705]
✔ Saved improved model → 15_warmup_Swin2DDice+CrossEntropy_uxb_tpi_clr_segformer_b0_best.pth
[039/100] train_loss=1.084 train_acc=0.840 | val_loss=1.100 val_acc=0.859 | head_lr=1.00e-03 | enc_lr=1.00e-04
    IoU  [0.873, 0.385, 0.247]
    F1   [0.932, 0.556, 0.396]
    Rcl  [0.898, 0.594, 0.737]
    Prc  [0.969, 0.523, 0.270]
    AccC [0.898, 0.594, 0.737]
[040/100] train_loss=1.083 train_acc=0.838 | val_loss=1.096 val_acc=0.867 | head_lr=1.00e-03 | enc_lr=1.00e-04
    IoU  [0.873, 0.414, 0.292]
    F1   [0.932, 0.585, 0.451]
    Rcl  [0.896, 0.703, 0.628]
    Prc  [0.972, 0.502, 0.352]
    AccC [0.896, 0.703, 0.628]
[041/100] train_loss=1.070 train_acc=0.841 | val_loss=1.089 val_acc=0.820 | head_lr=1.00e-03 | enc_lr=1.00e-04
    IoU  [0.823, 0.354, 0.261]
    F1   [0.903, 0.523, 0.414]
    Rcl  [0.835, 0.732, 0.702]
    Prc  [0.982, 0.407, 0.293]
    AccC [0.835, 0.732, 0.702]
✔ Saved improved model → 15_warmup_Swin2DDice+CrossEntropy_uxb_tpi_clr_segformer_b0_best.pth
[042/100] train_loss=1.064 train_acc=0.843 | val_loss=1.089 val_acc=0.850 | head_lr=1.00e-03 | enc_lr=1.00e-04
    IoU  [0.859, 0.389, 0.252]
    F1   [0.924, 0.560, 0.402]
    Rcl  [0.877, 0.674, 0.703]
    Prc  [0.976, 0.480, 0.281]
    AccC [0.877, 0.674, 0.703]
[043/100] train_loss=1.069 train_acc=0.846 | val_loss=1.092 val_acc=0.819 | head_lr=1.00e-03 | enc_lr=1.00e-04
    IoU  [0.824, 0.356, 0.236]
    F1   [0.903, 0.525, 0.382]
    Rcl  [0.837, 0.702, 0.732]
    Prc  [0.982, 0.419, 0.258]
    AccC [0.837, 0.702, 0.732]
[044/100] train_loss=1.048 train_acc=0.846 | val_loss=1.079 val_acc=0.848 | head_lr=1.00e-03 | enc_lr=1.00e-04
    IoU  [0.853, 0.394, 0.284]
    F1   [0.920, 0.565, 0.442]
    Rcl  [0.869, 0.742, 0.655]
    Prc  [0.979, 0.457, 0.334]
    AccC [0.869, 0.742, 0.655]
✔ Saved improved model → 15_warmup_Swin2DDice+CrossEntropy_uxb_tpi_clr_segformer_b0_best.pth
[045/100] train_loss=1.052 train_acc=0.848 | val_loss=1.079 val_acc=0.830 | head_lr=1.00e-03 | enc_lr=1.00e-04
    IoU  [0.838, 0.368, 0.237]
    F1   [0.912, 0.538, 0.383]
    Rcl  [0.852, 0.683, 0.744]
    Prc  [0.981, 0.444, 0.257]
    AccC [0.852, 0.683, 0.744]
✔ Saved improved model → 15_warmup_Swin2DDice+CrossEntropy_uxb_tpi_clr_segformer_b0_best.pth
[046/100] train_loss=1.046 train_acc=0.848 | val_loss=1.073 val_acc=0.850 | head_lr=1.00e-03 | enc_lr=1.00e-04
    IoU  [0.857, 0.394, 0.274]
    F1   [0.923, 0.566, 0.431]
    Rcl  [0.874, 0.711, 0.692]
    Prc  [0.978, 0.470, 0.313]
    AccC [0.874, 0.711, 0.692]
✔ Saved improved model → 15_warmup_Swin2DDice+CrossEntropy_uxb_tpi_clr_segformer_b0_best.pth
[047/100] train_loss=1.038 train_acc=0.849 | val_loss=1.082 val_acc=0.834 | head_lr=1.00e-03 | enc_lr=1.00e-04
    IoU  [0.835, 0.378, 0.282]
    F1   [0.910, 0.548, 0.439]
    Rcl  [0.848, 0.766, 0.659]
    Prc  [0.982, 0.427, 0.330]
    AccC [0.848, 0.766, 0.659]
[048/100] train_loss=1.033 train_acc=0.850 | val_loss=1.084 val_acc=0.865 | head_lr=1.00e-03 | enc_lr=1.00e-04
    IoU  [0.876, 0.406, 0.268]
    F1   [0.934, 0.577, 0.423]
    Rcl  [0.898, 0.645, 0.723]
    Prc  [0.973, 0.522, 0.299]
    AccC [0.898, 0.645, 0.723]
[049/100] train_loss=1.024 train_acc=0.857 | val_loss=1.067 val_acc=0.858 | head_lr=1.00e-03 | enc_lr=1.00e-04
    IoU  [0.863, 0.406, 0.303]
    F1   [0.927, 0.577, 0.465]
    Rcl  [0.881, 0.734, 0.658]
    Prc  [0.977, 0.475, 0.359]
    AccC [0.881, 0.734, 0.658]
✔ Saved improved model → 15_warmup_Swin2DDice+CrossEntropy_uxb_tpi_clr_segformer_b0_best.pth
[050/100] train_loss=1.023 train_acc=0.853 | val_loss=1.068 val_acc=0.874 | head_lr=1.00e-03 | enc_lr=1.00e-04
    IoU  [0.880, 0.427, 0.312]
    F1   [0.936, 0.599, 0.475]
    Rcl  [0.903, 0.709, 0.651]
    Prc  [0.973, 0.518, 0.374]
    AccC [0.903, 0.709, 0.651]
[051/100] train_loss=1.007 train_acc=0.857 | val_loss=1.034 val_acc=0.843 | head_lr=1.00e-03 | enc_lr=1.00e-04
    IoU  [0.849, 0.392, 0.270]
    F1   [0.919, 0.563, 0.425]
    Rcl  [0.862, 0.728, 0.727]
    Prc  [0.983, 0.459, 0.300]
    AccC [0.862, 0.728, 0.727]
✔ Saved improved model → 15_warmup_Swin2DDice+CrossEntropy_uxb_tpi_clr_segformer_b0_best.pth
[052/100] train_loss=1.009 train_acc=0.857 | val_loss=1.046 val_acc=0.864 | head_lr=1.00e-03 | enc_lr=1.00e-04
    IoU  [0.869, 0.422, 0.309]
    F1   [0.930, 0.594, 0.473]
    Rcl  [0.885, 0.754, 0.655]
    Prc  [0.979, 0.490, 0.370]
    AccC [0.885, 0.754, 0.655]
[053/100] train_loss=0.999 train_acc=0.860 | val_loss=1.034 val_acc=0.870 | head_lr=1.00e-03 | enc_lr=1.00e-04
    IoU  [0.881, 0.421, 0.281]
    F1   [0.937, 0.593, 0.438]
    Rcl  [0.901, 0.665, 0.745]
    Prc  [0.976, 0.535, 0.310]
    AccC [0.901, 0.665, 0.745]
✔ Saved improved model → 15_warmup_Swin2DDice+CrossEntropy_uxb_tpi_clr_segformer_b0_best.pth
[054/100] train_loss=1.014 train_acc=0.856 | val_loss=1.035 val_acc=0.885 | head_lr=1.00e-03 | enc_lr=1.00e-04
    IoU  [0.896, 0.444, 0.310]
    F1   [0.945, 0.615, 0.473]
    Rcl  [0.920, 0.663, 0.711]
    Prc  [0.971, 0.573, 0.355]
    AccC [0.920, 0.663, 0.711]
[055/100] train_loss=1.004 train_acc=0.858 | val_loss=1.008 val_acc=0.867 | head_lr=1.00e-03 | enc_lr=1.00e-04
    IoU  [0.875, 0.426, 0.303]
    F1   [0.933, 0.597, 0.465]
    Rcl  [0.890, 0.724, 0.725]
    Prc  [0.980, 0.508, 0.342]
    AccC [0.890, 0.724, 0.725]
✔ Saved improved model → 15_warmup_Swin2DDice+CrossEntropy_uxb_tpi_clr_segformer_b0_best.pth
[056/100] train_loss=0.999 train_acc=0.860 | val_loss=1.010 val_acc=0.872 | head_lr=1.00e-03 | enc_lr=1.00e-04
    IoU  [0.881, 0.435, 0.291]
    F1   [0.937, 0.606, 0.450]
    Rcl  [0.900, 0.693, 0.744]
    Prc  [0.978, 0.538, 0.323]
    AccC [0.900, 0.693, 0.744]
[057/100] train_loss=0.973 train_acc=0.867 | val_loss=1.017 val_acc=0.876 | head_lr=1.00e-03 | enc_lr=1.00e-04
    IoU  [0.886, 0.436, 0.300]
    F1   [0.940, 0.607, 0.462]
    Rcl  [0.906, 0.689, 0.722]
    Prc  [0.976, 0.542, 0.340]
    AccC [0.906, 0.689, 0.722]
[058/100] train_loss=0.983 train_acc=0.864 | val_loss=0.998 val_acc=0.866 | head_lr=1.00e-03 | enc_lr=1.00e-04
    IoU  [0.872, 0.425, 0.310]
    F1   [0.932, 0.597, 0.473]
    Rcl  [0.887, 0.734, 0.736]
    Prc  [0.981, 0.503, 0.349]
    AccC [0.887, 0.734, 0.736]
✔ Saved improved model → 15_warmup_Swin2DDice+CrossEntropy_uxb_tpi_clr_segformer_b0_best.pth
[059/100] train_loss=0.983 train_acc=0.865 | val_loss=1.001 val_acc=0.867 | head_lr=1.00e-03 | enc_lr=1.00e-04
    IoU  [0.870, 0.427, 0.335]
    F1   [0.931, 0.599, 0.502]
    Rcl  [0.885, 0.766, 0.691]
    Prc  [0.981, 0.491, 0.394]
    AccC [0.885, 0.766, 0.691]
[060/100] train_loss=0.981 train_acc=0.862 | val_loss=0.984 val_acc=0.867 | head_lr=1.00e-03 | enc_lr=1.00e-04
    IoU  [0.873, 0.435, 0.316]
    F1   [0.932, 0.606, 0.480]
    Rcl  [0.886, 0.761, 0.715]
    Prc  [0.983, 0.504, 0.362]
    AccC [0.886, 0.761, 0.715]
✔ Saved improved model → 15_warmup_Swin2DDice+CrossEntropy_uxb_tpi_clr_segformer_b0_best.pth
[061/100] train_loss=0.984 train_acc=0.863 | val_loss=1.008 val_acc=0.888 | head_lr=1.00e-03 | enc_lr=1.00e-04
    IoU  [0.896, 0.460, 0.328]
    F1   [0.945, 0.630, 0.494]
    Rcl  [0.919, 0.701, 0.699]
    Prc  [0.974, 0.572, 0.381]
    AccC [0.919, 0.701, 0.699]
[062/100] train_loss=0.966 train_acc=0.865 | val_loss=0.994 val_acc=0.860 | head_lr=1.00e-03 | enc_lr=1.00e-04
    IoU  [0.867, 0.420, 0.295]
    F1   [0.929, 0.591, 0.455]
    Rcl  [0.881, 0.733, 0.744]
    Prc  [0.983, 0.495, 0.328]
    AccC [0.881, 0.733, 0.744]
[063/100] train_loss=0.973 train_acc=0.867 | val_loss=0.984 val_acc=0.864 | head_lr=1.00e-03 | enc_lr=1.00e-04
    IoU  [0.871, 0.427, 0.306]
    F1   [0.931, 0.598, 0.469]
    Rcl  [0.884, 0.742, 0.743]
    Prc  [0.983, 0.501, 0.342]
    AccC [0.884, 0.742, 0.743]
[064/100] train_loss=0.961 train_acc=0.866 | val_loss=0.992 val_acc=0.865 | head_lr=1.00e-03 | enc_lr=1.00e-04
    IoU  [0.872, 0.432, 0.306]
    F1   [0.931, 0.603, 0.469]
    Rcl  [0.885, 0.754, 0.721]
    Prc  [0.983, 0.502, 0.348]
    AccC [0.885, 0.754, 0.721]
[065/100] train_loss=0.949 train_acc=0.873 | val_loss=0.998 val_acc=0.866 | head_lr=1.00e-03 | enc_lr=1.00e-04
    IoU  [0.878, 0.424, 0.275]
    F1   [0.935, 0.596, 0.431]
    Rcl  [0.893, 0.678, 0.785]
    Prc  [0.981, 0.531, 0.297]
    AccC [0.893, 0.678, 0.785]
[066/100] train_loss=0.945 train_acc=0.870 | val_loss=0.985 val_acc=0.891 | head_lr=1.00e-03 | enc_lr=1.00e-04
    IoU  [0.897, 0.472, 0.349]
    F1   [0.946, 0.641, 0.517]
    Rcl  [0.917, 0.742, 0.681]
    Prc  [0.977, 0.565, 0.417]
    AccC [0.917, 0.742, 0.681]
[067/100] train_loss=0.958 train_acc=0.869 | val_loss=0.997 val_acc=0.888 | head_lr=1.00e-03 | enc_lr=1.00e-04
    IoU  [0.895, 0.464, 0.341]
    F1   [0.945, 0.634, 0.508]
    Rcl  [0.916, 0.729, 0.682]
    Prc  [0.975, 0.562, 0.405]
    AccC [0.916, 0.729, 0.682]
[068/100] train_loss=0.963 train_acc=0.867 | val_loss=1.006 val_acc=0.883 | head_lr=1.00e-03 | enc_lr=1.00e-04
    IoU  [0.890, 0.458, 0.326]
    F1   [0.942, 0.629, 0.492]
    Rcl  [0.907, 0.748, 0.680]
    Prc  [0.979, 0.542, 0.385]
    AccC [0.907, 0.748, 0.680]
[069/100] train_loss=0.945 train_acc=0.871 | val_loss=0.973 val_acc=0.862 | head_lr=1.00e-03 | enc_lr=1.00e-04
    IoU  [0.869, 0.427, 0.296]
    F1   [0.930, 0.598, 0.457]
    Rcl  [0.880, 0.747, 0.753]
    Prc  [0.985, 0.499, 0.328]
    AccC [0.880, 0.747, 0.753]
✔ Saved improved model → 15_warmup_Swin2DDice+CrossEntropy_uxb_tpi_clr_segformer_b0_best.pth
[070/100] train_loss=0.921 train_acc=0.876 | val_loss=0.955 val_acc=0.883 | head_lr=1.00e-03 | enc_lr=1.00e-04
    IoU  [0.894, 0.463, 0.308]
    F1   [0.944, 0.633, 0.471]
    Rcl  [0.909, 0.716, 0.753]
    Prc  [0.981, 0.568, 0.342]
    AccC [0.909, 0.716, 0.753]
✔ Saved improved model → 15_warmup_Swin2DDice+CrossEntropy_uxb_tpi_clr_segformer_b0_best.pth
[071/100] train_loss=0.932 train_acc=0.875 | val_loss=0.966 val_acc=0.872 | head_lr=1.00e-03 | enc_lr=1.00e-04
    IoU  [0.878, 0.445, 0.322]
    F1   [0.935, 0.616, 0.487]
    Rcl  [0.890, 0.772, 0.710]
    Prc  [0.984, 0.513, 0.371]
    AccC [0.890, 0.772, 0.710]
[072/100] train_loss=0.916 train_acc=0.878 | val_loss=0.966 val_acc=0.895 | head_lr=1.00e-03 | enc_lr=1.00e-04
    IoU  [0.904, 0.480, 0.346]
    F1   [0.950, 0.649, 0.514]
    Rcl  [0.924, 0.721, 0.713]
    Prc  [0.977, 0.590, 0.402]
    AccC [0.924, 0.721, 0.713]
[073/100] train_loss=0.918 train_acc=0.878 | val_loss=0.975 val_acc=0.885 | head_lr=1.00e-03 | enc_lr=1.00e-04
    IoU  [0.892, 0.465, 0.335]
    F1   [0.943, 0.634, 0.502]
    Rcl  [0.908, 0.744, 0.721]
    Prc  [0.980, 0.553, 0.385]
    AccC [0.908, 0.744, 0.721]
[074/100] train_loss=0.916 train_acc=0.877 | val_loss=0.962 val_acc=0.885 | head_lr=1.00e-03 | enc_lr=1.00e-04
    IoU  [0.892, 0.468, 0.339]
    F1   [0.943, 0.638, 0.506]
    Rcl  [0.907, 0.756, 0.719]
    Prc  [0.981, 0.551, 0.391]
    AccC [0.907, 0.756, 0.719]
[075/100] train_loss=0.898 train_acc=0.882 | val_loss=0.955 val_acc=0.889 | head_lr=1.00e-03 | enc_lr=1.00e-04
    IoU  [0.896, 0.472, 0.344]
    F1   [0.945, 0.641, 0.512]
    Rcl  [0.913, 0.742, 0.722]
    Prc  [0.979, 0.564, 0.396]
    AccC [0.913, 0.742, 0.722]
[076/100] train_loss=0.921 train_acc=0.877 | val_loss=0.945 val_acc=0.869 | head_lr=1.00e-03 | enc_lr=1.00e-04
    IoU  [0.874, 0.445, 0.329]
    F1   [0.933, 0.616, 0.495]
    Rcl  [0.885, 0.784, 0.732]
    Prc  [0.986, 0.507, 0.374]
    AccC [0.885, 0.784, 0.732]
✔ Saved improved model → 15_warmup_Swin2DDice+CrossEntropy_uxb_tpi_clr_segformer_b0_best.pth
[077/100] train_loss=0.924 train_acc=0.876 | val_loss=0.954 val_acc=0.886 | head_lr=1.00e-03 | enc_lr=1.00e-04
    IoU  [0.891, 0.470, 0.370]
    F1   [0.942, 0.639, 0.540]
    Rcl  [0.905, 0.789, 0.686]
    Prc  [0.982, 0.538, 0.445]
    AccC [0.905, 0.789, 0.686]
[078/100] train_loss=0.903 train_acc=0.879 | val_loss=0.952 val_acc=0.869 | head_lr=1.00e-03 | enc_lr=1.00e-04
    IoU  [0.874, 0.440, 0.326]
    F1   [0.933, 0.611, 0.491]
    Rcl  [0.886, 0.773, 0.733]
    Prc  [0.985, 0.505, 0.370]
    AccC [0.886, 0.773, 0.733]
[079/100] train_loss=0.893 train_acc=0.884 | val_loss=0.966 val_acc=0.879 | head_lr=1.00e-03 | enc_lr=1.00e-04
    IoU  [0.886, 0.463, 0.327]
    F1   [0.939, 0.633, 0.493]
    Rcl  [0.899, 0.769, 0.720]
    Prc  [0.984, 0.538, 0.374]
    AccC [0.899, 0.769, 0.720]
[080/100] train_loss=0.901 train_acc=0.881 | val_loss=0.947 val_acc=0.885 | head_lr=1.00e-03 | enc_lr=1.00e-04
    IoU  [0.893, 0.466, 0.333]
    F1   [0.943, 0.636, 0.500]
    Rcl  [0.908, 0.745, 0.731]
    Prc  [0.981, 0.554, 0.380]
    AccC [0.908, 0.745, 0.731]
[081/100] train_loss=0.897 train_acc=0.882 | val_loss=0.929 val_acc=0.871 | head_lr=1.00e-03 | enc_lr=1.00e-04
    IoU  [0.879, 0.443, 0.312]
    F1   [0.936, 0.614, 0.475]
    Rcl  [0.891, 0.746, 0.773]
    Prc  [0.986, 0.522, 0.343]
    AccC [0.891, 0.746, 0.773]
✔ Saved improved model → 15_warmup_Swin2DDice+CrossEntropy_uxb_tpi_clr_segformer_b0_best.pth
[082/100] train_loss=0.891 train_acc=0.881 | val_loss=0.937 val_acc=0.889 | head_lr=1.00e-03 | enc_lr=1.00e-04
    IoU  [0.896, 0.478, 0.345]
    F1   [0.945, 0.646, 0.513]
    Rcl  [0.911, 0.759, 0.733]
    Prc  [0.983, 0.563, 0.395]
    AccC [0.911, 0.759, 0.733]
[083/100] train_loss=0.896 train_acc=0.886 | val_loss=0.932 val_acc=0.880 | head_lr=1.00e-03 | enc_lr=1.00e-04
    IoU  [0.887, 0.464, 0.327]
    F1   [0.940, 0.634, 0.493]
    Rcl  [0.900, 0.764, 0.733]
    Prc  [0.984, 0.542, 0.371]
    AccC [0.900, 0.764, 0.733]
[084/100] train_loss=0.884 train_acc=0.884 | val_loss=0.935 val_acc=0.871 | head_lr=1.00e-03 | enc_lr=1.00e-04
    IoU  [0.879, 0.450, 0.310]
    F1   [0.936, 0.620, 0.473]
    Rcl  [0.890, 0.761, 0.759]
    Prc  [0.987, 0.524, 0.343]
    AccC [0.890, 0.761, 0.759]
[085/100] train_loss=0.870 train_acc=0.891 | val_loss=0.958 val_acc=0.904 | head_lr=1.00e-03 | enc_lr=1.00e-04
    IoU  [0.913, 0.503, 0.359]
    F1   [0.954, 0.669, 0.528]
    Rcl  [0.935, 0.717, 0.714]
    Prc  [0.975, 0.628, 0.419]
    AccC [0.935, 0.717, 0.714]
[086/100] train_loss=0.892 train_acc=0.880 | val_loss=0.948 val_acc=0.894 | head_lr=1.00e-03 | enc_lr=1.00e-04
    IoU  [0.903, 0.488, 0.334]
    F1   [0.949, 0.656, 0.500]
    Rcl  [0.919, 0.735, 0.743]
    Prc  [0.981, 0.592, 0.377]
    AccC [0.919, 0.735, 0.743]
[087/100] train_loss=0.886 train_acc=0.888 | val_loss=0.943 val_acc=0.904 | head_lr=1.00e-03 | enc_lr=1.00e-04
    IoU  [0.912, 0.502, 0.372]
    F1   [0.954, 0.668, 0.542]
    Rcl  [0.932, 0.733, 0.718]
    Prc  [0.977, 0.614, 0.436]
    AccC [0.932, 0.733, 0.718]
[088/100] train_loss=0.885 train_acc=0.883 | val_loss=0.925 val_acc=0.887 | head_lr=1.00e-03 | enc_lr=1.00e-04
    IoU  [0.897, 0.473, 0.321]
    F1   [0.946, 0.642, 0.486]
    Rcl  [0.911, 0.727, 0.778]
    Prc  [0.983, 0.575, 0.354]
    AccC [0.911, 0.727, 0.778]
✔ Saved improved model → 15_warmup_Swin2DDice+CrossEntropy_uxb_tpi_clr_segformer_b0_best.pth
[089/100] train_loss=0.882 train_acc=0.885 | val_loss=0.938 val_acc=0.897 | head_lr=1.00e-03 | enc_lr=1.00e-04
    IoU  [0.905, 0.488, 0.353]
    F1   [0.950, 0.656, 0.522]
    Rcl  [0.923, 0.730, 0.745]
    Prc  [0.979, 0.596, 0.401]
    AccC [0.923, 0.730, 0.745]
[090/100] train_loss=0.881 train_acc=0.885 | val_loss=0.927 val_acc=0.879 | head_lr=1.00e-03 | enc_lr=1.00e-04
    IoU  [0.886, 0.463, 0.324]
    F1   [0.940, 0.633, 0.490]
    Rcl  [0.898, 0.765, 0.755]
    Prc  [0.986, 0.540, 0.362]
    AccC [0.898, 0.765, 0.755]
[091/100] train_loss=0.856 train_acc=0.891 | val_loss=0.921 val_acc=0.892 | head_lr=1.00e-03 | enc_lr=1.00e-04
    IoU  [0.902, 0.483, 0.338]
    F1   [0.948, 0.651, 0.506]
    Rcl  [0.918, 0.732, 0.765]
    Prc  [0.982, 0.587, 0.378]
    AccC [0.918, 0.732, 0.765]
✔ Saved improved model → 15_warmup_Swin2DDice+CrossEntropy_uxb_tpi_clr_segformer_b0_best.pth
[092/100] train_loss=0.860 train_acc=0.890 | val_loss=0.899 val_acc=0.888 | head_lr=1.00e-03 | enc_lr=1.00e-04
    IoU  [0.895, 0.475, 0.350]
    F1   [0.945, 0.644, 0.518]
    Rcl  [0.909, 0.757, 0.764]
    Prc  [0.984, 0.561, 0.392]
    AccC [0.909, 0.757, 0.764]
✔ Saved improved model → 15_warmup_Swin2DDice+CrossEntropy_uxb_tpi_clr_segformer_b0_best.pth
[093/100] train_loss=0.866 train_acc=0.888 | val_loss=0.933 val_acc=0.903 | head_lr=1.00e-03 | enc_lr=1.00e-04
    IoU  [0.912, 0.504, 0.363]
    F1   [0.954, 0.670, 0.532]
    Rcl  [0.930, 0.734, 0.737]
    Prc  [0.979, 0.617, 0.417]
    AccC [0.930, 0.734, 0.737]
[094/100] train_loss=0.838 train_acc=0.894 | val_loss=0.910 val_acc=0.888 | head_lr=1.00e-03 | enc_lr=1.00e-04
    IoU  [0.895, 0.479, 0.361]
    F1   [0.945, 0.648, 0.530]
    Rcl  [0.908, 0.778, 0.743]
    Prc  [0.985, 0.555, 0.412]
    AccC [0.908, 0.778, 0.743]
[095/100] train_loss=0.841 train_acc=0.896 | val_loss=0.924 val_acc=0.886 | head_lr=1.00e-03 | enc_lr=1.00e-04
    IoU  [0.893, 0.476, 0.345]
    F1   [0.943, 0.645, 0.513]
    Rcl  [0.905, 0.771, 0.745]
    Prc  [0.985, 0.554, 0.391]
    AccC [0.905, 0.771, 0.745]
[096/100] train_loss=0.832 train_acc=0.898 | val_loss=0.915 val_acc=0.892 | head_lr=1.00e-03 | enc_lr=1.00e-04
    IoU  [0.900, 0.489, 0.351]
    F1   [0.947, 0.657, 0.520]
    Rcl  [0.914, 0.766, 0.743]
    Prc  [0.984, 0.575, 0.400]
    AccC [0.914, 0.766, 0.743]
[097/100] train_loss=0.856 train_acc=0.890 | val_loss=0.924 val_acc=0.885 | head_lr=1.00e-03 | enc_lr=1.00e-04
    IoU  [0.892, 0.472, 0.345]
    F1   [0.943, 0.642, 0.513]
    Rcl  [0.904, 0.769, 0.757]
    Prc  [0.986, 0.550, 0.388]
    AccC [0.904, 0.769, 0.757]
[098/100] train_loss=0.848 train_acc=0.893 | val_loss=0.909 val_acc=0.905 | head_lr=1.00e-03 | enc_lr=1.00e-04
    IoU  [0.911, 0.513, 0.395]
    F1   [0.954, 0.678, 0.566]
    Rcl  [0.929, 0.771, 0.709]
    Prc  [0.980, 0.606, 0.471]
    AccC [0.929, 0.771, 0.709]
[099/100] train_loss=0.839 train_acc=0.893 | val_loss=0.912 val_acc=0.904 | head_lr=1.00e-03 | enc_lr=1.00e-04
    IoU  [0.913, 0.509, 0.373]
    F1   [0.954, 0.675, 0.543]
    Rcl  [0.930, 0.744, 0.745]
    Prc  [0.980, 0.618, 0.428]
    AccC [0.930, 0.744, 0.745]
[100/100] train_loss=0.842 train_acc=0.893 | val_loss=0.914 val_acc=0.886 | head_lr=1.00e-03 | enc_lr=1.00e-04
    IoU  [0.890, 0.476, 0.374]
    F1   [0.942, 0.645, 0.544]
    Rcl  [0.902, 0.804, 0.716]
    Prc  [0.986, 0.539, 0.439]
    AccC [0.902, 0.804, 0.716]
