Some weights of SegformerForSemanticSegmentation were not initialized from the model checkpoint at nvidia/segformer-b0-finetuned-ade-512-512 and are newly initialized because the shapes did not match:
- decode_head.classifier.weight: found shape torch.Size([150, 256, 1, 1]) in the checkpoint and torch.Size([3, 256, 1, 1]) in the model instantiated
- decode_head.classifier.bias: found shape torch.Size([150]) in the checkpoint and torch.Size([3]) in the model instantiated
You should probably TRAIN this model on a down-stream task to be able to use it for predictions and inference.
/work/archcomplab/yorazov2/Swin3DEnv/lib/python3.9/site-packages/torch/optim/lr_scheduler.py:143: UserWarning: Detected call of `lr_scheduler.step()` before `optimizer.step()`. In PyTorch 1.1.0 and later, you should call them in the opposite order: `optimizer.step()` before `lr_scheduler.step()`.  Failure to do this will result in PyTorch skipping the first value of the learning rate schedule. See more details at https://pytorch.org/docs/stable/optim.html#how-to-adjust-learning-rate
  warnings.warn("Detected call of `lr_scheduler.step()` before `optimizer.step()`. "
/work/archcomplab/yorazov2/Swin3DEnv/lib/python3.9/site-packages/torch/nn/modules/conv.py:456: UserWarning: Applied workaround for CuDNN issue, install nvrtc.so (Triggered internally at ../aten/src/ATen/native/cudnn/Conv_v8.cpp:80.)
  return F.conv2d(input, weight, bias, self.stride,
[001/100] train_loss=1.153 train_acc=0.108 | val_loss=1.136 val_acc=0.080 | head_lr=2.60e-05
    IoU  [0.047, 0.069, 0.026]
    F1   [0.090, 0.128, 0.051]
    Rcl  [0.048, 0.169, 0.736]
    Prc  [0.834, 0.104, 0.027]
    AccC [0.048, 0.169, 0.736]
✔ Saved improved model → Swin2dCrossEntropy_uxb_tpi_clr_segformer_b0_best.pth
[002/100] train_loss=1.134 train_acc=0.143 | val_loss=1.103 val_acc=0.162 | head_lr=5.09e-05
    IoU  [0.131, 0.085, 0.030]
    F1   [0.231, 0.157, 0.059]
    Rcl  [0.132, 0.259, 0.682]
    Prc  [0.905, 0.113, 0.031]
    AccC [0.132, 0.259, 0.682]
✔ Saved improved model → Swin2dCrossEntropy_uxb_tpi_clr_segformer_b0_best.pth
[003/100] train_loss=1.090 train_acc=0.245 | val_loss=1.065 val_acc=0.351 | head_lr=7.58e-05
    IoU  [0.338, 0.098, 0.044]
    F1   [0.505, 0.178, 0.085]
    Rcl  [0.346, 0.318, 0.637]
    Prc  [0.930, 0.123, 0.045]
    AccC [0.346, 0.318, 0.637]
✔ Saved improved model → Swin2dCrossEntropy_uxb_tpi_clr_segformer_b0_best.pth
[004/100] train_loss=1.055 train_acc=0.377 | val_loss=1.029 val_acc=0.500 | head_lr=1.01e-04
    IoU  [0.496, 0.115, 0.066]
    F1   [0.663, 0.207, 0.123]
    Rcl  [0.514, 0.364, 0.601]
    Prc  [0.935, 0.144, 0.069]
    AccC [0.514, 0.364, 0.601]
✔ Saved improved model → Swin2dCrossEntropy_uxb_tpi_clr_segformer_b0_best.pth
[005/100] train_loss=1.020 train_acc=0.520 | val_loss=0.987 val_acc=0.628 | head_lr=1.26e-04
    IoU  [0.636, 0.132, 0.091]
    F1   [0.778, 0.234, 0.166]
    Rcl  [0.666, 0.340, 0.595]
    Prc  [0.933, 0.178, 0.097]
    AccC [0.666, 0.340, 0.595]
✔ Saved improved model → Swin2dCrossEntropy_uxb_tpi_clr_segformer_b0_best.pth
[006/100] train_loss=0.985 train_acc=0.596 | val_loss=0.943 val_acc=0.649 | head_lr=1.51e-04
    IoU  [0.654, 0.155, 0.108]
    F1   [0.791, 0.269, 0.195]
    Rcl  [0.681, 0.418, 0.595]
    Prc  [0.943, 0.198, 0.117]
    AccC [0.681, 0.418, 0.595]
✔ Saved improved model → Swin2dCrossEntropy_uxb_tpi_clr_segformer_b0_best.pth
[007/100] train_loss=0.941 train_acc=0.645 | val_loss=0.905 val_acc=0.686 | head_lr=1.76e-04
    IoU  [0.696, 0.169, 0.122]
    F1   [0.821, 0.290, 0.217]
    Rcl  [0.724, 0.417, 0.625]
    Prc  [0.948, 0.222, 0.131]
    AccC [0.724, 0.417, 0.625]
✔ Saved improved model → Swin2dCrossEntropy_uxb_tpi_clr_segformer_b0_best.pth
[008/100] train_loss=0.908 train_acc=0.683 | val_loss=0.865 val_acc=0.703 | head_lr=2.01e-04
    IoU  [0.716, 0.176, 0.128]
    F1   [0.834, 0.300, 0.227]
    Rcl  [0.743, 0.405, 0.672]
    Prc  [0.951, 0.238, 0.137]
    AccC [0.743, 0.405, 0.672]
✔ Saved improved model → Swin2dCrossEntropy_uxb_tpi_clr_segformer_b0_best.pth
[009/100] train_loss=0.866 train_acc=0.692 | val_loss=0.833 val_acc=0.708 | head_lr=2.26e-04
    IoU  [0.718, 0.187, 0.138]
    F1   [0.836, 0.314, 0.243]
    Rcl  [0.743, 0.446, 0.661]
    Prc  [0.954, 0.243, 0.149]
    AccC [0.743, 0.446, 0.661]
✔ Saved improved model → Swin2dCrossEntropy_uxb_tpi_clr_segformer_b0_best.pth
[010/100] train_loss=0.836 train_acc=0.697 | val_loss=0.808 val_acc=0.706 | head_lr=2.51e-04
    IoU  [0.717, 0.190, 0.138]
    F1   [0.835, 0.320, 0.243]
    Rcl  [0.740, 0.455, 0.686]
    Prc  [0.958, 0.247, 0.148]
    AccC [0.740, 0.455, 0.686]
✔ Saved improved model → Swin2dCrossEntropy_uxb_tpi_clr_segformer_b0_best.pth
[011/100] train_loss=0.820 train_acc=0.707 | val_loss=0.790 val_acc=0.721 | head_lr=2.75e-04
    IoU  [0.732, 0.201, 0.145]
    F1   [0.845, 0.335, 0.253]
    Rcl  [0.756, 0.467, 0.680]
    Prc  [0.958, 0.261, 0.156]
    AccC [0.756, 0.467, 0.680]
✔ Saved improved model → Swin2dCrossEntropy_uxb_tpi_clr_segformer_b0_best.pth
[012/100] train_loss=0.798 train_acc=0.718 | val_loss=0.772 val_acc=0.714 | head_lr=3.00e-04
    IoU  [0.722, 0.207, 0.150]
    F1   [0.838, 0.343, 0.260]
    Rcl  [0.742, 0.505, 0.693]
    Prc  [0.964, 0.260, 0.160]
    AccC [0.742, 0.505, 0.693]
✔ Saved improved model → Swin2dCrossEntropy_uxb_tpi_clr_segformer_b0_best.pth
[013/100] train_loss=0.782 train_acc=0.721 | val_loss=0.763 val_acc=0.722 | head_lr=3.25e-04
    IoU  [0.728, 0.217, 0.155]
    F1   [0.843, 0.357, 0.269]
    Rcl  [0.748, 0.531, 0.671]
    Prc  [0.965, 0.269, 0.168]
    AccC [0.748, 0.531, 0.671]
✔ Saved improved model → Swin2dCrossEntropy_uxb_tpi_clr_segformer_b0_best.pth
[014/100] train_loss=0.770 train_acc=0.716 | val_loss=0.750 val_acc=0.741 | head_lr=3.50e-04
    IoU  [0.749, 0.231, 0.160]
    F1   [0.857, 0.375, 0.276]
    Rcl  [0.770, 0.529, 0.679]
    Prc  [0.965, 0.290, 0.173]
    AccC [0.770, 0.529, 0.679]
✔ Saved improved model → Swin2dCrossEntropy_uxb_tpi_clr_segformer_b0_best.pth
[015/100] train_loss=0.763 train_acc=0.728 | val_loss=0.739 val_acc=0.723 | head_lr=3.75e-04
    IoU  [0.726, 0.233, 0.165]
    F1   [0.841, 0.378, 0.283]
    Rcl  [0.742, 0.593, 0.666]
    Prc  [0.971, 0.277, 0.179]
    AccC [0.742, 0.593, 0.666]
✔ Saved improved model → Swin2dCrossEntropy_uxb_tpi_clr_segformer_b0_best.pth
[016/100] train_loss=0.743 train_acc=0.731 | val_loss=0.734 val_acc=0.721 | head_lr=4.00e-04
    IoU  [0.725, 0.229, 0.159]
    F1   [0.841, 0.372, 0.275]
    Rcl  [0.741, 0.569, 0.696]
    Prc  [0.971, 0.277, 0.171]
    AccC [0.741, 0.569, 0.696]
✔ Saved improved model → Swin2dCrossEntropy_uxb_tpi_clr_segformer_b0_best.pth
[017/100] train_loss=0.751 train_acc=0.742 | val_loss=0.727 val_acc=0.742 | head_lr=4.25e-04
    IoU  [0.748, 0.243, 0.165]
    F1   [0.856, 0.391, 0.283]
    Rcl  [0.766, 0.569, 0.682]
    Prc  [0.970, 0.298, 0.179]
    AccC [0.766, 0.569, 0.682]
✔ Saved improved model → Swin2dCrossEntropy_uxb_tpi_clr_segformer_b0_best.pth
[018/100] train_loss=0.730 train_acc=0.726 | val_loss=0.719 val_acc=0.743 | head_lr=4.50e-04
    IoU  [0.750, 0.248, 0.166]
    F1   [0.857, 0.397, 0.284]
    Rcl  [0.767, 0.576, 0.688]
    Prc  [0.971, 0.303, 0.179]
    AccC [0.767, 0.576, 0.688]
✔ Saved improved model → Swin2dCrossEntropy_uxb_tpi_clr_segformer_b0_best.pth
[019/100] train_loss=0.721 train_acc=0.745 | val_loss=0.709 val_acc=0.762 | head_lr=4.75e-04
    IoU  [0.769, 0.262, 0.176]
    F1   [0.869, 0.415, 0.300]
    Rcl  [0.789, 0.583, 0.669]
    Prc  [0.968, 0.322, 0.193]
    AccC [0.789, 0.583, 0.669]
✔ Saved improved model → Swin2dCrossEntropy_uxb_tpi_clr_segformer_b0_best.pth
[020/100] train_loss=0.711 train_acc=0.742 | val_loss=0.704 val_acc=0.772 | head_lr=5.00e-04
    IoU  [0.780, 0.269, 0.181]
    F1   [0.877, 0.424, 0.306]
    Rcl  [0.801, 0.582, 0.663]
    Prc  [0.968, 0.334, 0.199]
    AccC [0.801, 0.582, 0.663]
✔ Saved improved model → Swin2dCrossEntropy_uxb_tpi_clr_segformer_b0_best.pth
→ Unfroze last backbone stage at epoch 21
[021/100] train_loss=0.711 train_acc=0.752 | val_loss=0.693 val_acc=0.753 | head_lr=5.00e-04 | enc_lr=5.95e-06
    IoU  [0.761, 0.260, 0.167]
    F1   [0.864, 0.412, 0.287]
    Rcl  [0.777, 0.573, 0.728]
    Prc  [0.973, 0.322, 0.179]
    AccC [0.777, 0.573, 0.728]
✔ Saved improved model → Swin2dCrossEntropy_uxb_tpi_clr_segformer_b0_best.pth
[022/100] train_loss=0.706 train_acc=0.750 | val_loss=0.694 val_acc=0.740 | head_lr=5.00e-04 | enc_lr=1.09e-05
    IoU  [0.748, 0.249, 0.163]
    F1   [0.856, 0.399, 0.281]
    Rcl  [0.762, 0.573, 0.732]
    Prc  [0.975, 0.306, 0.174]
    AccC [0.762, 0.573, 0.732]
[023/100] train_loss=0.695 train_acc=0.751 | val_loss=0.690 val_acc=0.749 | head_lr=5.00e-04 | enc_lr=1.58e-05
    IoU  [0.757, 0.254, 0.170]
    F1   [0.862, 0.405, 0.290]
    Rcl  [0.773, 0.571, 0.737]
    Prc  [0.974, 0.314, 0.180]
    AccC [0.773, 0.571, 0.737]
✔ Saved improved model → Swin2dCrossEntropy_uxb_tpi_clr_segformer_b0_best.pth
[024/100] train_loss=0.691 train_acc=0.752 | val_loss=0.683 val_acc=0.777 | head_lr=5.00e-04 | enc_lr=2.08e-05
    IoU  [0.785, 0.276, 0.182]
    F1   [0.880, 0.432, 0.308]
    Rcl  [0.805, 0.579, 0.692]
    Prc  [0.969, 0.345, 0.198]
    AccC [0.805, 0.579, 0.692]
✔ Saved improved model → Swin2dCrossEntropy_uxb_tpi_clr_segformer_b0_best.pth
[025/100] train_loss=0.682 train_acc=0.761 | val_loss=0.679 val_acc=0.768 | head_lr=5.00e-04 | enc_lr=2.58e-05
    IoU  [0.772, 0.278, 0.189]
    F1   [0.871, 0.435, 0.318]
    Rcl  [0.789, 0.633, 0.659]
    Prc  [0.973, 0.331, 0.209]
    AccC [0.789, 0.633, 0.659]
✔ Saved improved model → Swin2dCrossEntropy_uxb_tpi_clr_segformer_b0_best.pth
[026/100] train_loss=0.677 train_acc=0.755 | val_loss=0.671 val_acc=0.768 | head_lr=5.00e-04 | enc_lr=3.07e-05
    IoU  [0.777, 0.273, 0.173]
    F1   [0.875, 0.429, 0.295]
    Rcl  [0.794, 0.574, 0.731]
    Prc  [0.973, 0.343, 0.185]
    AccC [0.794, 0.574, 0.731]
✔ Saved improved model → Swin2dCrossEntropy_uxb_tpi_clr_segformer_b0_best.pth
[027/100] train_loss=0.680 train_acc=0.765 | val_loss=0.676 val_acc=0.770 | head_lr=5.00e-04 | enc_lr=3.56e-05
    IoU  [0.773, 0.285, 0.195]
    F1   [0.872, 0.443, 0.326]
    Rcl  [0.789, 0.660, 0.641]
    Prc  [0.975, 0.334, 0.219]
    AccC [0.789, 0.660, 0.641]
[028/100] train_loss=0.672 train_acc=0.755 | val_loss=0.671 val_acc=0.778 | head_lr=5.00e-04 | enc_lr=4.06e-05
    IoU  [0.784, 0.287, 0.186]
    F1   [0.879, 0.446, 0.314]
    Rcl  [0.802, 0.618, 0.678]
    Prc  [0.972, 0.349, 0.205]
    AccC [0.802, 0.618, 0.678]
✔ Saved improved model → Swin2dCrossEntropy_uxb_tpi_clr_segformer_b0_best.pth
[029/100] train_loss=0.663 train_acc=0.766 | val_loss=0.667 val_acc=0.781 | head_lr=5.00e-04 | enc_lr=4.56e-05
    IoU  [0.789, 0.289, 0.188]
    F1   [0.882, 0.448, 0.316]
    Rcl  [0.807, 0.605, 0.697]
    Prc  [0.972, 0.355, 0.204]
    AccC [0.807, 0.605, 0.697]
✔ Saved improved model → Swin2dCrossEntropy_uxb_tpi_clr_segformer_b0_best.pth
[030/100] train_loss=0.661 train_acc=0.770 | val_loss=0.661 val_acc=0.780 | head_lr=5.00e-04 | enc_lr=5.05e-05
    IoU  [0.785, 0.293, 0.195]
    F1   [0.880, 0.453, 0.326]
    Rcl  [0.802, 0.638, 0.679]
    Prc  [0.974, 0.351, 0.215]
    AccC [0.802, 0.638, 0.679]
✔ Saved improved model → Swin2dCrossEntropy_uxb_tpi_clr_segformer_b0_best.pth
[031/100] train_loss=0.660 train_acc=0.766 | val_loss=0.658 val_acc=0.764 | head_lr=5.00e-04 | enc_lr=5.54e-05
    IoU  [0.769, 0.280, 0.188]
    F1   [0.869, 0.438, 0.317]
    Rcl  [0.783, 0.638, 0.706]
    Prc  [0.977, 0.333, 0.204]
    AccC [0.783, 0.638, 0.706]
✔ Saved improved model → Swin2dCrossEntropy_uxb_tpi_clr_segformer_b0_best.pth
[032/100] train_loss=0.653 train_acc=0.764 | val_loss=0.653 val_acc=0.784 | head_lr=5.00e-04 | enc_lr=6.04e-05
    IoU  [0.791, 0.294, 0.195]
    F1   [0.884, 0.455, 0.326]
    Rcl  [0.808, 0.620, 0.705]
    Prc  [0.974, 0.359, 0.212]
    AccC [0.808, 0.620, 0.705]
✔ Saved improved model → Swin2dCrossEntropy_uxb_tpi_clr_segformer_b0_best.pth
[033/100] train_loss=0.651 train_acc=0.777 | val_loss=0.648 val_acc=0.789 | head_lr=5.00e-04 | enc_lr=6.54e-05
    IoU  [0.795, 0.301, 0.201]
    F1   [0.886, 0.462, 0.334]
    Rcl  [0.812, 0.634, 0.695]
    Prc  [0.974, 0.364, 0.220]
    AccC [0.812, 0.634, 0.695]
✔ Saved improved model → Swin2dCrossEntropy_uxb_tpi_clr_segformer_b0_best.pth
[034/100] train_loss=0.650 train_acc=0.772 | val_loss=0.649 val_acc=0.786 | head_lr=5.00e-04 | enc_lr=7.03e-05
    IoU  [0.789, 0.304, 0.210]
    F1   [0.882, 0.466, 0.347]
    Rcl  [0.804, 0.676, 0.660]
    Prc  [0.976, 0.356, 0.235]
    AccC [0.804, 0.676, 0.660]
[035/100] train_loss=0.646 train_acc=0.773 | val_loss=0.645 val_acc=0.761 | head_lr=5.00e-04 | enc_lr=7.52e-05
    IoU  [0.765, 0.280, 0.186]
    F1   [0.867, 0.438, 0.314]
    Rcl  [0.777, 0.641, 0.732]
    Prc  [0.980, 0.332, 0.200]
    AccC [0.777, 0.641, 0.732]
✔ Saved improved model → Swin2dCrossEntropy_uxb_tpi_clr_segformer_b0_best.pth
[036/100] train_loss=0.647 train_acc=0.770 | val_loss=0.646 val_acc=0.750 | head_lr=5.00e-04 | enc_lr=8.02e-05
    IoU  [0.750, 0.277, 0.192]
    F1   [0.857, 0.434, 0.323]
    Rcl  [0.760, 0.683, 0.706]
    Prc  [0.983, 0.318, 0.209]
    AccC [0.760, 0.683, 0.706]
[037/100] train_loss=0.638 train_acc=0.773 | val_loss=0.639 val_acc=0.805 | head_lr=5.00e-04 | enc_lr=8.51e-05
    IoU  [0.815, 0.312, 0.204]
    F1   [0.898, 0.476, 0.339]
    Rcl  [0.835, 0.603, 0.710]
    Prc  [0.972, 0.393, 0.222]
    AccC [0.835, 0.603, 0.710]
✔ Saved improved model → Swin2dCrossEntropy_uxb_tpi_clr_segformer_b0_best.pth
[038/100] train_loss=0.635 train_acc=0.778 | val_loss=0.635 val_acc=0.791 | head_lr=5.00e-04 | enc_lr=9.01e-05
    IoU  [0.799, 0.305, 0.199]
    F1   [0.888, 0.467, 0.332]
    Rcl  [0.815, 0.626, 0.718]
    Prc  [0.976, 0.372, 0.216]
    AccC [0.815, 0.626, 0.718]
✔ Saved improved model → Swin2dCrossEntropy_uxb_tpi_clr_segformer_b0_best.pth
[039/100] train_loss=0.632 train_acc=0.780 | val_loss=0.633 val_acc=0.781 | head_lr=5.00e-04 | enc_lr=9.51e-05
    IoU  [0.786, 0.297, 0.204]
    F1   [0.880, 0.457, 0.339]
    Rcl  [0.800, 0.649, 0.713]
    Prc  [0.977, 0.353, 0.222]
    AccC [0.800, 0.649, 0.713]
✔ Saved improved model → Swin2dCrossEntropy_uxb_tpi_clr_segformer_b0_best.pth
[040/100] train_loss=0.622 train_acc=0.785 | val_loss=0.628 val_acc=0.787 | head_lr=5.00e-04 | enc_lr=1.00e-04
    IoU  [0.791, 0.307, 0.211]
    F1   [0.883, 0.470, 0.348]
    Rcl  [0.805, 0.668, 0.709]
    Prc  [0.978, 0.363, 0.231]
    AccC [0.805, 0.668, 0.709]
✔ Saved improved model → Swin2dCrossEntropy_uxb_tpi_clr_segformer_b0_best.pth
[041/100] train_loss=0.629 train_acc=0.780 | val_loss=0.629 val_acc=0.802 | head_lr=5.00e-04 | enc_lr=1.00e-04
    IoU  [0.809, 0.317, 0.215]
    F1   [0.894, 0.482, 0.354]
    Rcl  [0.826, 0.646, 0.702]
    Prc  [0.975, 0.384, 0.236]
    AccC [0.826, 0.646, 0.702]
[042/100] train_loss=0.619 train_acc=0.781 | val_loss=0.628 val_acc=0.785 | head_lr=5.00e-04 | enc_lr=1.00e-04
    IoU  [0.789, 0.305, 0.209]
    F1   [0.882, 0.467, 0.345]
    Rcl  [0.803, 0.665, 0.718]
    Prc  [0.979, 0.360, 0.227]
    AccC [0.803, 0.665, 0.718]
[043/100] train_loss=0.621 train_acc=0.779 | val_loss=0.628 val_acc=0.804 | head_lr=5.00e-04 | enc_lr=1.00e-04
    IoU  [0.809, 0.324, 0.219]
    F1   [0.894, 0.489, 0.359]
    Rcl  [0.826, 0.664, 0.692]
    Prc  [0.975, 0.387, 0.242]
    AccC [0.826, 0.664, 0.692]
[044/100] train_loss=0.619 train_acc=0.787 | val_loss=0.623 val_acc=0.774 | head_lr=5.00e-04 | enc_lr=1.00e-04
    IoU  [0.777, 0.301, 0.201]
    F1   [0.875, 0.462, 0.334]
    Rcl  [0.788, 0.679, 0.719]
    Prc  [0.982, 0.350, 0.218]
    AccC [0.788, 0.679, 0.719]
✔ Saved improved model → Swin2dCrossEntropy_uxb_tpi_clr_segformer_b0_best.pth
[045/100] train_loss=0.613 train_acc=0.787 | val_loss=0.624 val_acc=0.800 | head_lr=5.00e-04 | enc_lr=1.00e-04
    IoU  [0.808, 0.318, 0.208]
    F1   [0.894, 0.482, 0.344]
    Rcl  [0.824, 0.641, 0.720]
    Prc  [0.976, 0.387, 0.226]
    AccC [0.824, 0.641, 0.720]
[046/100] train_loss=0.613 train_acc=0.794 | val_loss=0.620 val_acc=0.785 | head_lr=5.00e-04 | enc_lr=1.00e-04
    IoU  [0.789, 0.307, 0.209]
    F1   [0.882, 0.470, 0.346]
    Rcl  [0.801, 0.672, 0.722]
    Prc  [0.980, 0.361, 0.227]
    AccC [0.801, 0.672, 0.722]
✔ Saved improved model → Swin2dCrossEntropy_uxb_tpi_clr_segformer_b0_best.pth
[047/100] train_loss=0.608 train_acc=0.784 | val_loss=0.619 val_acc=0.800 | head_lr=5.00e-04 | enc_lr=1.00e-04
    IoU  [0.804, 0.324, 0.217]
    F1   [0.891, 0.490, 0.356]
    Rcl  [0.819, 0.679, 0.699]
    Prc  [0.978, 0.383, 0.239]
    AccC [0.819, 0.679, 0.699]
✔ Saved improved model → Swin2dCrossEntropy_uxb_tpi_clr_segformer_b0_best.pth
[048/100] train_loss=0.606 train_acc=0.797 | val_loss=0.615 val_acc=0.804 | head_lr=5.00e-04 | enc_lr=1.00e-04
    IoU  [0.809, 0.326, 0.221]
    F1   [0.894, 0.491, 0.362]
    Rcl  [0.824, 0.674, 0.696]
    Prc  [0.978, 0.387, 0.245]
    AccC [0.824, 0.674, 0.696]
✔ Saved improved model → Swin2dCrossEntropy_uxb_tpi_clr_segformer_b0_best.pth
[049/100] train_loss=0.605 train_acc=0.788 | val_loss=0.611 val_acc=0.793 | head_lr=5.00e-04 | enc_lr=1.00e-04
    IoU  [0.802, 0.312, 0.198]
    F1   [0.890, 0.475, 0.330]
    Rcl  [0.816, 0.628, 0.758]
    Prc  [0.980, 0.382, 0.211]
    AccC [0.816, 0.628, 0.758]
✔ Saved improved model → Swin2dCrossEntropy_uxb_tpi_clr_segformer_b0_best.pth
[050/100] train_loss=0.607 train_acc=0.794 | val_loss=0.612 val_acc=0.822 | head_lr=5.00e-04 | enc_lr=1.00e-04
    IoU  [0.832, 0.338, 0.221]
    F1   [0.908, 0.505, 0.362]
    Rcl  [0.851, 0.626, 0.719]
    Prc  [0.974, 0.424, 0.242]
    AccC [0.851, 0.626, 0.719]
[051/100] train_loss=0.603 train_acc=0.786 | val_loss=0.605 val_acc=0.818 | head_lr=5.00e-04 | enc_lr=1.00e-04
    IoU  [0.823, 0.343, 0.232]
    F1   [0.903, 0.511, 0.377]
    Rcl  [0.840, 0.678, 0.697]
    Prc  [0.977, 0.410, 0.259]
    AccC [0.840, 0.678, 0.697]
✔ Saved improved model → Swin2dCrossEntropy_uxb_tpi_clr_segformer_b0_best.pth
[052/100] train_loss=0.599 train_acc=0.802 | val_loss=0.604 val_acc=0.791 | head_lr=5.00e-04 | enc_lr=1.00e-04
    IoU  [0.796, 0.317, 0.214]
    F1   [0.886, 0.482, 0.352]
    Rcl  [0.808, 0.682, 0.724]
    Prc  [0.982, 0.372, 0.232]
    AccC [0.808, 0.682, 0.724]
✔ Saved improved model → Swin2dCrossEntropy_uxb_tpi_clr_segformer_b0_best.pth
[053/100] train_loss=0.602 train_acc=0.792 | val_loss=0.606 val_acc=0.823 | head_lr=5.00e-04 | enc_lr=1.00e-04
    IoU  [0.831, 0.343, 0.227]
    F1   [0.908, 0.510, 0.370]
    Rcl  [0.850, 0.645, 0.709]
    Prc  [0.974, 0.422, 0.250]
    AccC [0.850, 0.645, 0.709]
[054/100] train_loss=0.592 train_acc=0.795 | val_loss=0.606 val_acc=0.798 | head_lr=5.00e-04 | enc_lr=1.00e-04
    IoU  [0.805, 0.319, 0.208]
    F1   [0.892, 0.484, 0.345]
    Rcl  [0.819, 0.653, 0.735]
    Prc  [0.980, 0.385, 0.225]
    AccC [0.819, 0.653, 0.735]
[055/100] train_loss=0.587 train_acc=0.799 | val_loss=0.601 val_acc=0.804 | head_lr=5.00e-04 | enc_lr=1.00e-04
    IoU  [0.810, 0.327, 0.221]
    F1   [0.895, 0.492, 0.362]
    Rcl  [0.824, 0.671, 0.719]
    Prc  [0.979, 0.389, 0.242]
    AccC [0.824, 0.671, 0.719]
✔ Saved improved model → Swin2dCrossEntropy_uxb_tpi_clr_segformer_b0_best.pth
[056/100] train_loss=0.586 train_acc=0.797 | val_loss=0.602 val_acc=0.813 | head_lr=5.00e-04 | enc_lr=1.00e-04
    IoU  [0.817, 0.338, 0.245]
    F1   [0.899, 0.505, 0.393]
    Rcl  [0.832, 0.703, 0.673]
    Prc  [0.978, 0.394, 0.278]
    AccC [0.832, 0.703, 0.673]
[057/100] train_loss=0.594 train_acc=0.803 | val_loss=0.594 val_acc=0.802 | head_lr=5.00e-04 | enc_lr=1.00e-04
    IoU  [0.808, 0.326, 0.221]
    F1   [0.894, 0.491, 0.362]
    Rcl  [0.822, 0.669, 0.740]
    Prc  [0.980, 0.388, 0.239]
    AccC [0.822, 0.669, 0.740]
✔ Saved improved model → Swin2dCrossEntropy_uxb_tpi_clr_segformer_b0_best.pth
[058/100] train_loss=0.577 train_acc=0.802 | val_loss=0.598 val_acc=0.809 | head_lr=5.00e-04 | enc_lr=1.00e-04
    IoU  [0.813, 0.339, 0.232]
    F1   [0.897, 0.506, 0.377]
    Rcl  [0.826, 0.704, 0.694]
    Prc  [0.980, 0.395, 0.259]
    AccC [0.826, 0.704, 0.694]
[059/100] train_loss=0.576 train_acc=0.802 | val_loss=0.596 val_acc=0.795 | head_lr=5.00e-04 | enc_lr=1.00e-04
    IoU  [0.799, 0.322, 0.222]
    F1   [0.888, 0.488, 0.363]
    Rcl  [0.811, 0.693, 0.726]
    Prc  [0.982, 0.376, 0.242]
    AccC [0.811, 0.693, 0.726]
[060/100] train_loss=0.590 train_acc=0.801 | val_loss=0.593 val_acc=0.804 | head_lr=5.00e-04 | enc_lr=1.00e-04
    IoU  [0.811, 0.330, 0.218]
    F1   [0.896, 0.496, 0.357]
    Rcl  [0.824, 0.667, 0.738]
    Prc  [0.980, 0.395, 0.236]
    AccC [0.824, 0.667, 0.738]
✔ Saved improved model → Swin2dCrossEntropy_uxb_tpi_clr_segformer_b0_best.pth
[061/100] train_loss=0.573 train_acc=0.802 | val_loss=0.588 val_acc=0.816 | head_lr=5.00e-04 | enc_lr=1.00e-04
    IoU  [0.823, 0.341, 0.231]
    F1   [0.903, 0.509, 0.376]
    Rcl  [0.838, 0.669, 0.729]
    Prc  [0.978, 0.410, 0.253]
    AccC [0.838, 0.669, 0.729]
✔ Saved improved model → Swin2dCrossEntropy_uxb_tpi_clr_segformer_b0_best.pth
[062/100] train_loss=0.576 train_acc=0.811 | val_loss=0.584 val_acc=0.791 | head_lr=5.00e-04 | enc_lr=1.00e-04
    IoU  [0.795, 0.320, 0.221]
    F1   [0.886, 0.485, 0.361]
    Rcl  [0.805, 0.696, 0.749]
    Prc  [0.985, 0.372, 0.238]
    AccC [0.805, 0.696, 0.749]
✔ Saved improved model → Swin2dCrossEntropy_uxb_tpi_clr_segformer_b0_best.pth
[063/100] train_loss=0.563 train_acc=0.808 | val_loss=0.592 val_acc=0.806 | head_lr=5.00e-04 | enc_lr=1.00e-04
    IoU  [0.813, 0.329, 0.221]
    F1   [0.897, 0.495, 0.363]
    Rcl  [0.827, 0.662, 0.741]
    Prc  [0.980, 0.395, 0.240]
    AccC [0.827, 0.662, 0.741]
[064/100] train_loss=0.572 train_acc=0.810 | val_loss=0.594 val_acc=0.839 | head_lr=5.00e-04 | enc_lr=1.00e-04
    IoU  [0.847, 0.367, 0.252]
    F1   [0.917, 0.537, 0.402]
    Rcl  [0.866, 0.667, 0.701]
    Prc  [0.975, 0.449, 0.282]
    AccC [0.866, 0.667, 0.701]
[065/100] train_loss=0.573 train_acc=0.803 | val_loss=0.574 val_acc=0.814 | head_lr=5.00e-04 | enc_lr=1.00e-04
    IoU  [0.824, 0.345, 0.219]
    F1   [0.903, 0.513, 0.359]
    Rcl  [0.836, 0.661, 0.765]
    Prc  [0.982, 0.419, 0.234]
    AccC [0.836, 0.661, 0.765]
✔ Saved improved model → Swin2dCrossEntropy_uxb_tpi_clr_segformer_b0_best.pth
[066/100] train_loss=0.559 train_acc=0.814 | val_loss=0.578 val_acc=0.808 | head_lr=5.00e-04 | enc_lr=1.00e-04
    IoU  [0.812, 0.340, 0.234]
    F1   [0.896, 0.508, 0.379]
    Rcl  [0.823, 0.709, 0.727]
    Prc  [0.984, 0.396, 0.256]
    AccC [0.823, 0.709, 0.727]
[067/100] train_loss=0.557 train_acc=0.812 | val_loss=0.576 val_acc=0.807 | head_lr=5.00e-04 | enc_lr=1.00e-04
    IoU  [0.814, 0.334, 0.222]
    F1   [0.897, 0.501, 0.363]
    Rcl  [0.826, 0.670, 0.759]
    Prc  [0.982, 0.400, 0.239]
    AccC [0.826, 0.670, 0.759]
[068/100] train_loss=0.559 train_acc=0.811 | val_loss=0.580 val_acc=0.819 | head_lr=5.00e-04 | enc_lr=1.00e-04
    IoU  [0.827, 0.347, 0.230]
    F1   [0.905, 0.516, 0.374]
    Rcl  [0.842, 0.670, 0.737]
    Prc  [0.979, 0.419, 0.250]
    AccC [0.842, 0.670, 0.737]
[069/100] train_loss=0.554 train_acc=0.821 | val_loss=0.582 val_acc=0.806 | head_lr=5.00e-04 | enc_lr=1.00e-04
    IoU  [0.811, 0.336, 0.230]
    F1   [0.895, 0.504, 0.374]
    Rcl  [0.823, 0.699, 0.726]
    Prc  [0.982, 0.393, 0.252]
    AccC [0.823, 0.699, 0.726]
[070/100] train_loss=0.562 train_acc=0.812 | val_loss=0.571 val_acc=0.825 | head_lr=5.00e-04 | enc_lr=1.00e-04
    IoU  [0.833, 0.357, 0.239]
    F1   [0.909, 0.527, 0.385]
    Rcl  [0.846, 0.686, 0.734]
    Prc  [0.981, 0.428, 0.261]
    AccC [0.846, 0.686, 0.734]
✔ Saved improved model → Swin2dCrossEntropy_uxb_tpi_clr_segformer_b0_best.pth
[071/100] train_loss=0.552 train_acc=0.811 | val_loss=0.572 val_acc=0.827 | head_lr=5.00e-04 | enc_lr=1.00e-04
    IoU  [0.839, 0.351, 0.221]
    F1   [0.913, 0.520, 0.362]
    Rcl  [0.855, 0.627, 0.772]
    Prc  [0.979, 0.445, 0.236]
    AccC [0.855, 0.627, 0.772]
[072/100] train_loss=0.553 train_acc=0.824 | val_loss=0.571 val_acc=0.836 | head_lr=5.00e-04 | enc_lr=1.00e-04
    IoU  [0.845, 0.367, 0.248]
    F1   [0.916, 0.537, 0.397]
    Rcl  [0.861, 0.670, 0.727]
    Prc  [0.978, 0.447, 0.273]
    AccC [0.861, 0.670, 0.727]
[073/100] train_loss=0.548 train_acc=0.812 | val_loss=0.562 val_acc=0.830 | head_lr=5.00e-04 | enc_lr=1.00e-04
    IoU  [0.842, 0.358, 0.228]
    F1   [0.914, 0.527, 0.372]
    Rcl  [0.857, 0.639, 0.776]
    Prc  [0.980, 0.449, 0.244]
    AccC [0.857, 0.639, 0.776]
✔ Saved improved model → Swin2dCrossEntropy_uxb_tpi_clr_segformer_b0_best.pth
[074/100] train_loss=0.543 train_acc=0.821 | val_loss=0.567 val_acc=0.806 | head_lr=5.00e-04 | enc_lr=1.00e-04
    IoU  [0.807, 0.342, 0.248]
    F1   [0.893, 0.510, 0.397]
    Rcl  [0.817, 0.743, 0.715]
    Prc  [0.986, 0.388, 0.275]
    AccC [0.817, 0.743, 0.715]
[075/100] train_loss=0.553 train_acc=0.818 | val_loss=0.560 val_acc=0.834 | head_lr=5.00e-04 | enc_lr=1.00e-04
    IoU  [0.842, 0.370, 0.252]
    F1   [0.914, 0.540, 0.402]
    Rcl  [0.856, 0.691, 0.736]
    Prc  [0.981, 0.443, 0.277]
    AccC [0.856, 0.691, 0.736]
✔ Saved improved model → Swin2dCrossEntropy_uxb_tpi_clr_segformer_b0_best.pth
[076/100] train_loss=0.547 train_acc=0.817 | val_loss=0.565 val_acc=0.829 | head_lr=5.00e-04 | enc_lr=1.00e-04
    IoU  [0.837, 0.364, 0.242]
    F1   [0.911, 0.534, 0.390]
    Rcl  [0.850, 0.690, 0.737]
    Prc  [0.982, 0.435, 0.265]
    AccC [0.850, 0.690, 0.737]
[077/100] train_loss=0.539 train_acc=0.823 | val_loss=0.562 val_acc=0.832 | head_lr=5.00e-04 | enc_lr=1.00e-04
    IoU  [0.840, 0.367, 0.246]
    F1   [0.913, 0.537, 0.394]
    Rcl  [0.854, 0.687, 0.740]
    Prc  [0.981, 0.440, 0.269]
    AccC [0.854, 0.687, 0.740]
[078/100] train_loss=0.539 train_acc=0.816 | val_loss=0.563 val_acc=0.828 | head_lr=5.00e-04 | enc_lr=1.00e-04
    IoU  [0.836, 0.365, 0.238]
    F1   [0.911, 0.535, 0.385]
    Rcl  [0.849, 0.689, 0.741]
    Prc  [0.982, 0.437, 0.260]
    AccC [0.849, 0.689, 0.741]
[079/100] train_loss=0.534 train_acc=0.829 | val_loss=0.557 val_acc=0.835 | head_lr=5.00e-04 | enc_lr=1.00e-04
    IoU  [0.843, 0.374, 0.245]
    F1   [0.915, 0.544, 0.393]
    Rcl  [0.857, 0.688, 0.743]
    Prc  [0.981, 0.451, 0.267]
    AccC [0.857, 0.688, 0.743]
✔ Saved improved model → Swin2dCrossEntropy_uxb_tpi_clr_segformer_b0_best.pth
[080/100] train_loss=0.534 train_acc=0.824 | val_loss=0.560 val_acc=0.823 | head_lr=5.00e-04 | enc_lr=1.00e-04
    IoU  [0.827, 0.361, 0.252]
    F1   [0.906, 0.530, 0.403]
    Rcl  [0.838, 0.726, 0.722]
    Prc  [0.984, 0.417, 0.279]
    AccC [0.838, 0.726, 0.722]
[081/100] train_loss=0.538 train_acc=0.822 | val_loss=0.562 val_acc=0.839 | head_lr=5.00e-04 | enc_lr=1.00e-04
    IoU  [0.850, 0.375, 0.242]
    F1   [0.919, 0.546, 0.390]
    Rcl  [0.865, 0.667, 0.745]
    Prc  [0.979, 0.462, 0.264]
    AccC [0.865, 0.667, 0.745]
[082/100] train_loss=0.540 train_acc=0.823 | val_loss=0.555 val_acc=0.822 | head_lr=5.00e-04 | enc_lr=1.00e-04
    IoU  [0.826, 0.363, 0.258]
    F1   [0.904, 0.533, 0.410]
    Rcl  [0.836, 0.743, 0.712]
    Prc  [0.985, 0.416, 0.288]
    AccC [0.836, 0.743, 0.712]
✔ Saved improved model → Swin2dCrossEntropy_uxb_tpi_clr_segformer_b0_best.pth
[083/100] train_loss=0.539 train_acc=0.819 | val_loss=0.563 val_acc=0.837 | head_lr=5.00e-04 | enc_lr=1.00e-04
    IoU  [0.845, 0.376, 0.252]
    F1   [0.916, 0.546, 0.402]
    Rcl  [0.860, 0.693, 0.727]
    Prc  [0.980, 0.450, 0.278]
    AccC [0.860, 0.693, 0.727]
[084/100] train_loss=0.527 train_acc=0.829 | val_loss=0.548 val_acc=0.832 | head_lr=5.00e-04 | enc_lr=1.00e-04
    IoU  [0.839, 0.372, 0.253]
    F1   [0.912, 0.542, 0.404]
    Rcl  [0.851, 0.708, 0.742]
    Prc  [0.983, 0.440, 0.277]
    AccC [0.851, 0.708, 0.742]
✔ Saved improved model → Swin2dCrossEntropy_uxb_tpi_clr_segformer_b0_best.pth
[085/100] train_loss=0.529 train_acc=0.823 | val_loss=0.546 val_acc=0.829 | head_lr=5.00e-04 | enc_lr=1.00e-04
    IoU  [0.835, 0.365, 0.255]
    F1   [0.910, 0.535, 0.406]
    Rcl  [0.847, 0.704, 0.751]
    Prc  [0.983, 0.431, 0.278]
    AccC [0.847, 0.704, 0.751]
✔ Saved improved model → Swin2dCrossEntropy_uxb_tpi_clr_segformer_b0_best.pth
[086/100] train_loss=0.530 train_acc=0.830 | val_loss=0.546 val_acc=0.837 | head_lr=5.00e-04 | enc_lr=1.00e-04
    IoU  [0.846, 0.372, 0.253]
    F1   [0.917, 0.542, 0.403]
    Rcl  [0.860, 0.676, 0.767]
    Prc  [0.981, 0.452, 0.274]
    AccC [0.860, 0.676, 0.767]
✔ Saved improved model → Swin2dCrossEntropy_uxb_tpi_clr_segformer_b0_best.pth
[087/100] train_loss=0.521 train_acc=0.826 | val_loss=0.544 val_acc=0.832 | head_lr=5.00e-04 | enc_lr=1.00e-04
    IoU  [0.837, 0.372, 0.262]
    F1   [0.911, 0.542, 0.415]
    Rcl  [0.849, 0.721, 0.736]
    Prc  [0.983, 0.434, 0.289]
    AccC [0.849, 0.721, 0.736]
✔ Saved improved model → Swin2dCrossEntropy_uxb_tpi_clr_segformer_b0_best.pth
[088/100] train_loss=0.518 train_acc=0.830 | val_loss=0.541 val_acc=0.842 | head_lr=5.00e-04 | enc_lr=1.00e-04
    IoU  [0.851, 0.379, 0.260]
    F1   [0.919, 0.550, 0.413]
    Rcl  [0.865, 0.684, 0.762]
    Prc  [0.981, 0.459, 0.283]
    AccC [0.865, 0.684, 0.762]
✔ Saved improved model → Swin2dCrossEntropy_uxb_tpi_clr_segformer_b0_best.pth
[089/100] train_loss=0.514 train_acc=0.834 | val_loss=0.547 val_acc=0.834 | head_lr=5.00e-04 | enc_lr=1.00e-04
    IoU  [0.842, 0.371, 0.247]
    F1   [0.914, 0.541, 0.396]
    Rcl  [0.856, 0.685, 0.758]
    Prc  [0.982, 0.447, 0.268]
    AccC [0.856, 0.685, 0.758]
[090/100] train_loss=0.522 train_acc=0.837 | val_loss=0.549 val_acc=0.834 | head_lr=5.00e-04 | enc_lr=1.00e-04
    IoU  [0.837, 0.380, 0.269]
    F1   [0.911, 0.551, 0.424]
    Rcl  [0.849, 0.749, 0.704]
    Prc  [0.984, 0.435, 0.303]
    AccC [0.849, 0.749, 0.704]
[091/100] train_loss=0.522 train_acc=0.827 | val_loss=0.541 val_acc=0.851 | head_lr=5.00e-04 | enc_lr=1.00e-04
    IoU  [0.865, 0.386, 0.244]
    F1   [0.927, 0.557, 0.393]
    Rcl  [0.882, 0.625, 0.793]
    Prc  [0.978, 0.501, 0.261]
    AccC [0.882, 0.625, 0.793]
✔ Saved improved model → Swin2dCrossEntropy_uxb_tpi_clr_segformer_b0_best.pth
[092/100] train_loss=0.519 train_acc=0.828 | val_loss=0.545 val_acc=0.854 | head_lr=5.00e-04 | enc_lr=1.00e-04
    IoU  [0.862, 0.399, 0.280]
    F1   [0.926, 0.570, 0.438]
    Rcl  [0.878, 0.701, 0.732]
    Prc  [0.979, 0.480, 0.312]
    AccC [0.878, 0.701, 0.732]
[093/100] train_loss=0.502 train_acc=0.835 | val_loss=0.533 val_acc=0.837 | head_lr=5.00e-04 | enc_lr=1.00e-04
    IoU  [0.844, 0.377, 0.262]
    F1   [0.916, 0.548, 0.415]
    Rcl  [0.856, 0.705, 0.765]
    Prc  [0.984, 0.448, 0.285]
    AccC [0.856, 0.705, 0.765]
✔ Saved improved model → Swin2dCrossEntropy_uxb_tpi_clr_segformer_b0_best.pth
[094/100] train_loss=0.501 train_acc=0.839 | val_loss=0.536 val_acc=0.845 | head_lr=5.00e-04 | enc_lr=1.00e-04
    IoU  [0.854, 0.386, 0.259]
    F1   [0.921, 0.557, 0.412]
    Rcl  [0.868, 0.684, 0.769]
    Prc  [0.982, 0.469, 0.281]
    AccC [0.868, 0.684, 0.769]
[095/100] train_loss=0.521 train_acc=0.828 | val_loss=0.546 val_acc=0.847 | head_lr=5.00e-04 | enc_lr=1.00e-04
    IoU  [0.854, 0.395, 0.264]
    F1   [0.921, 0.567, 0.418]
    Rcl  [0.868, 0.710, 0.733]
    Prc  [0.981, 0.471, 0.292]
    AccC [0.868, 0.710, 0.733]
[096/100] train_loss=0.509 train_acc=0.831 | val_loss=0.533 val_acc=0.829 | head_lr=5.00e-04 | enc_lr=1.00e-04
    IoU  [0.832, 0.374, 0.276]
    F1   [0.909, 0.544, 0.433]
    Rcl  [0.842, 0.757, 0.730]
    Prc  [0.986, 0.425, 0.308]
    AccC [0.842, 0.757, 0.730]
[097/100] train_loss=0.514 train_acc=0.840 | val_loss=0.534 val_acc=0.825 | head_lr=5.00e-04 | enc_lr=1.00e-04
    IoU  [0.831, 0.365, 0.251]
    F1   [0.908, 0.535, 0.401]
    Rcl  [0.841, 0.713, 0.774]
    Prc  [0.986, 0.428, 0.271]
    AccC [0.841, 0.713, 0.774]
[098/100] train_loss=0.511 train_acc=0.838 | val_loss=0.539 val_acc=0.847 | head_lr=5.00e-04 | enc_lr=1.00e-04
    IoU  [0.853, 0.393, 0.284]
    F1   [0.921, 0.564, 0.442]
    Rcl  [0.867, 0.727, 0.724]
    Prc  [0.981, 0.461, 0.319]
    AccC [0.867, 0.727, 0.724]
[099/100] train_loss=0.495 train_acc=0.842 | val_loss=0.533 val_acc=0.842 | head_lr=5.00e-04 | enc_lr=1.00e-04
    IoU  [0.849, 0.389, 0.266]
    F1   [0.918, 0.560, 0.420]
    Rcl  [0.861, 0.718, 0.756]
    Prc  [0.984, 0.459, 0.291]
    AccC [0.861, 0.718, 0.756]
[100/100] train_loss=0.492 train_acc=0.840 | val_loss=0.526 val_acc=0.848 | head_lr=5.00e-04 | enc_lr=1.00e-04
    IoU  [0.856, 0.396, 0.271]
    F1   [0.922, 0.567, 0.426]
    Rcl  [0.869, 0.707, 0.765]
    Prc  [0.983, 0.474, 0.295]
    AccC [0.869, 0.707, 0.765]
✔ Saved improved model → Swin2dCrossEntropy_uxb_tpi_clr_segformer_b0_best.pth
