Some weights of SegformerForSemanticSegmentation were not initialized from the model checkpoint at nvidia/segformer-b0-finetuned-ade-512-512 and are newly initialized because the shapes did not match:
- decode_head.classifier.weight: found shape torch.Size([150, 256, 1, 1]) in the checkpoint and torch.Size([3, 256, 1, 1]) in the model instantiated
- decode_head.classifier.bias: found shape torch.Size([150]) in the checkpoint and torch.Size([3]) in the model instantiated
You should probably TRAIN this model on a down-stream task to be able to use it for predictions and inference.
/work/archcomplab/yorazov2/Swin3DEnv/lib/python3.9/site-packages/torch/optim/lr_scheduler.py:143: UserWarning: Detected call of `lr_scheduler.step()` before `optimizer.step()`. In PyTorch 1.1.0 and later, you should call them in the opposite order: `optimizer.step()` before `lr_scheduler.step()`.  Failure to do this will result in PyTorch skipping the first value of the learning rate schedule. See more details at https://pytorch.org/docs/stable/optim.html#how-to-adjust-learning-rate
  warnings.warn("Detected call of `lr_scheduler.step()` before `optimizer.step()`. "
/work/archcomplab/yorazov2/Swin3DEnv/lib/python3.9/site-packages/torch/nn/modules/conv.py:456: UserWarning: Applied workaround for CuDNN issue, install nvrtc.so (Triggered internally at ../aten/src/ATen/native/cudnn/Conv_v8.cpp:80.)
  return F.conv2d(input, weight, bias, self.stride,
[001/100] train_loss=1.125 train_acc=0.292 | val_loss=1.085 val_acc=0.339 | head_lr=2.60e-05
    IoU  [0.326, 0.092, 0.038]
    F1   [0.492, 0.168, 0.073]
    Rcl  [0.338, 0.291, 0.564]
    Prc  [0.902, 0.118, 0.039]
    AccC [0.338, 0.291, 0.564]
✔ Saved improved model → Swin2dCrossEntropy_uxb_tpi_clr_segformer_b0_best.pth
[002/100] train_loss=1.098 train_acc=0.358 | val_loss=1.067 val_acc=0.393 | head_lr=5.09e-05
    IoU  [0.382, 0.104, 0.042]
    F1   [0.553, 0.188, 0.081]
    Rcl  [0.396, 0.335, 0.533]
    Prc  [0.915, 0.130, 0.044]
    AccC [0.396, 0.335, 0.533]
✔ Saved improved model → Swin2dCrossEntropy_uxb_tpi_clr_segformer_b0_best.pth
[003/100] train_loss=1.075 train_acc=0.415 | val_loss=1.041 val_acc=0.478 | head_lr=7.58e-05
    IoU  [0.471, 0.115, 0.054]
    F1   [0.641, 0.207, 0.102]
    Rcl  [0.491, 0.375, 0.506]
    Prc  [0.923, 0.143, 0.057]
    AccC [0.491, 0.375, 0.506]
✔ Saved improved model → Swin2dCrossEntropy_uxb_tpi_clr_segformer_b0_best.pth
[004/100] train_loss=1.051 train_acc=0.489 | val_loss=1.009 val_acc=0.556 | head_lr=1.01e-04
    IoU  [0.559, 0.120, 0.068]
    F1   [0.718, 0.215, 0.127]
    Rcl  [0.584, 0.342, 0.556]
    Prc  [0.930, 0.156, 0.072]
    AccC [0.584, 0.342, 0.556]
✔ Saved improved model → Swin2dCrossEntropy_uxb_tpi_clr_segformer_b0_best.pth
[005/100] train_loss=1.011 train_acc=0.557 | val_loss=0.977 val_acc=0.617 | head_lr=1.26e-04
    IoU  [0.627, 0.128, 0.083]
    F1   [0.771, 0.227, 0.153]
    Rcl  [0.655, 0.327, 0.590]
    Prc  [0.936, 0.174, 0.088]
    AccC [0.655, 0.327, 0.590]
✔ Saved improved model → Swin2dCrossEntropy_uxb_tpi_clr_segformer_b0_best.pth
[006/100] train_loss=0.979 train_acc=0.615 | val_loss=0.938 val_acc=0.660 | head_lr=1.51e-04
    IoU  [0.670, 0.148, 0.107]
    F1   [0.803, 0.258, 0.193]
    Rcl  [0.700, 0.372, 0.612]
    Prc  [0.941, 0.197, 0.115]
    AccC [0.700, 0.372, 0.612]
✔ Saved improved model → Swin2dCrossEntropy_uxb_tpi_clr_segformer_b0_best.pth
[007/100] train_loss=0.942 train_acc=0.665 | val_loss=0.900 val_acc=0.681 | head_lr=1.76e-04
    IoU  [0.694, 0.155, 0.117]
    F1   [0.819, 0.269, 0.209]
    Rcl  [0.722, 0.365, 0.672]
    Prc  [0.946, 0.213, 0.124]
    AccC [0.722, 0.365, 0.672]
✔ Saved improved model → Swin2dCrossEntropy_uxb_tpi_clr_segformer_b0_best.pth
[008/100] train_loss=0.902 train_acc=0.678 | val_loss=0.859 val_acc=0.694 | head_lr=2.01e-04
    IoU  [0.708, 0.164, 0.129]
    F1   [0.829, 0.282, 0.228]
    Rcl  [0.735, 0.379, 0.713]
    Prc  [0.950, 0.225, 0.136]
    AccC [0.735, 0.379, 0.713]
✔ Saved improved model → Swin2dCrossEntropy_uxb_tpi_clr_segformer_b0_best.pth
[009/100] train_loss=0.862 train_acc=0.698 | val_loss=0.826 val_acc=0.699 | head_lr=2.26e-04
    IoU  [0.711, 0.177, 0.139]
    F1   [0.831, 0.301, 0.244]
    Rcl  [0.735, 0.420, 0.720]
    Prc  [0.955, 0.234, 0.147]
    AccC [0.735, 0.420, 0.720]
✔ Saved improved model → Swin2dCrossEntropy_uxb_tpi_clr_segformer_b0_best.pth
[010/100] train_loss=0.833 train_acc=0.711 | val_loss=0.801 val_acc=0.711 | head_lr=2.51e-04
    IoU  [0.721, 0.189, 0.149]
    F1   [0.838, 0.318, 0.260]
    Rcl  [0.745, 0.458, 0.690]
    Prc  [0.957, 0.244, 0.160]
    AccC [0.745, 0.458, 0.690]
✔ Saved improved model → Swin2dCrossEntropy_uxb_tpi_clr_segformer_b0_best.pth
[011/100] train_loss=0.811 train_acc=0.707 | val_loss=0.784 val_acc=0.711 | head_lr=2.75e-04
    IoU  [0.720, 0.196, 0.150]
    F1   [0.837, 0.327, 0.261]
    Rcl  [0.741, 0.474, 0.713]
    Prc  [0.962, 0.250, 0.160]
    AccC [0.741, 0.474, 0.713]
✔ Saved improved model → Swin2dCrossEntropy_uxb_tpi_clr_segformer_b0_best.pth
[012/100] train_loss=0.791 train_acc=0.719 | val_loss=0.771 val_acc=0.717 | head_lr=3.00e-04
    IoU  [0.724, 0.209, 0.158]
    F1   [0.840, 0.346, 0.273]
    Rcl  [0.744, 0.522, 0.675]
    Prc  [0.963, 0.259, 0.171]
    AccC [0.744, 0.522, 0.675]
✔ Saved improved model → Swin2dCrossEntropy_uxb_tpi_clr_segformer_b0_best.pth
[013/100] train_loss=0.789 train_acc=0.713 | val_loss=0.756 val_acc=0.741 | head_lr=3.25e-04
    IoU  [0.750, 0.219, 0.166]
    F1   [0.857, 0.360, 0.285]
    Rcl  [0.774, 0.504, 0.677]
    Prc  [0.960, 0.280, 0.181]
    AccC [0.774, 0.504, 0.677]
✔ Saved improved model → Swin2dCrossEntropy_uxb_tpi_clr_segformer_b0_best.pth
[014/100] train_loss=0.769 train_acc=0.730 | val_loss=0.748 val_acc=0.711 | head_lr=3.50e-04
    IoU  [0.716, 0.217, 0.161]
    F1   [0.834, 0.357, 0.277]
    Rcl  [0.732, 0.559, 0.695]
    Prc  [0.970, 0.262, 0.173]
    AccC [0.732, 0.559, 0.695]
✔ Saved improved model → Swin2dCrossEntropy_uxb_tpi_clr_segformer_b0_best.pth
[015/100] train_loss=0.757 train_acc=0.729 | val_loss=0.736 val_acc=0.750 | head_lr=3.75e-04
    IoU  [0.761, 0.232, 0.166]
    F1   [0.864, 0.377, 0.284]
    Rcl  [0.784, 0.512, 0.693]
    Prc  [0.964, 0.298, 0.179]
    AccC [0.784, 0.512, 0.693]
✔ Saved improved model → Swin2dCrossEntropy_uxb_tpi_clr_segformer_b0_best.pth
[016/100] train_loss=0.747 train_acc=0.731 | val_loss=0.730 val_acc=0.728 | head_lr=4.00e-04
    IoU  [0.736, 0.228, 0.160]
    F1   [0.848, 0.372, 0.275]
    Rcl  [0.753, 0.543, 0.718]
    Prc  [0.971, 0.283, 0.170]
    AccC [0.753, 0.543, 0.718]
✔ Saved improved model → Swin2dCrossEntropy_uxb_tpi_clr_segformer_b0_best.pth
[017/100] train_loss=0.735 train_acc=0.738 | val_loss=0.723 val_acc=0.732 | head_lr=4.25e-04
    IoU  [0.736, 0.240, 0.169]
    F1   [0.848, 0.387, 0.290]
    Rcl  [0.751, 0.597, 0.675]
    Prc  [0.973, 0.286, 0.185]
    AccC [0.751, 0.597, 0.675]
✔ Saved improved model → Swin2dCrossEntropy_uxb_tpi_clr_segformer_b0_best.pth
[018/100] train_loss=0.719 train_acc=0.740 | val_loss=0.713 val_acc=0.766 | head_lr=4.50e-04
    IoU  [0.776, 0.255, 0.173]
    F1   [0.874, 0.406, 0.294]
    Rcl  [0.798, 0.542, 0.691]
    Prc  [0.967, 0.325, 0.187]
    AccC [0.798, 0.542, 0.691]
✔ Saved improved model → Swin2dCrossEntropy_uxb_tpi_clr_segformer_b0_best.pth
[019/100] train_loss=0.712 train_acc=0.746 | val_loss=0.711 val_acc=0.717 | head_lr=4.75e-04
    IoU  [0.719, 0.237, 0.168]
    F1   [0.837, 0.383, 0.287]
    Rcl  [0.731, 0.615, 0.700]
    Prc  [0.977, 0.278, 0.181]
    AccC [0.731, 0.615, 0.700]
✔ Saved improved model → Swin2dCrossEntropy_uxb_tpi_clr_segformer_b0_best.pth
[020/100] train_loss=0.704 train_acc=0.746 | val_loss=0.700 val_acc=0.771 | head_lr=5.00e-04
    IoU  [0.778, 0.268, 0.186]
    F1   [0.875, 0.423, 0.314]
    Rcl  [0.798, 0.593, 0.660]
    Prc  [0.969, 0.329, 0.206]
    AccC [0.798, 0.593, 0.660]
✔ Saved improved model → Swin2dCrossEntropy_uxb_tpi_clr_segformer_b0_best.pth
→ Unfroze last backbone stage at epoch 21
[021/100] train_loss=0.711 train_acc=0.750 | val_loss=0.691 val_acc=0.741 | head_lr=5.00e-04 | enc_lr=5.95e-06
    IoU  [0.747, 0.252, 0.171]
    F1   [0.855, 0.402, 0.293]
    Rcl  [0.761, 0.595, 0.724]
    Prc  [0.976, 0.304, 0.183]
    AccC [0.761, 0.595, 0.724]
✔ Saved improved model → Swin2dCrossEntropy_uxb_tpi_clr_segformer_b0_best.pth
[022/100] train_loss=0.697 train_acc=0.750 | val_loss=0.684 val_acc=0.764 | head_lr=5.00e-04 | enc_lr=1.09e-05
    IoU  [0.771, 0.265, 0.188]
    F1   [0.871, 0.419, 0.316]
    Rcl  [0.789, 0.595, 0.696]
    Prc  [0.971, 0.323, 0.205]
    AccC [0.789, 0.595, 0.696]
✔ Saved improved model → Swin2dCrossEntropy_uxb_tpi_clr_segformer_b0_best.pth
[023/100] train_loss=0.687 train_acc=0.754 | val_loss=0.680 val_acc=0.748 | head_lr=5.00e-04 | enc_lr=1.58e-05
    IoU  [0.750, 0.262, 0.190]
    F1   [0.857, 0.415, 0.319]
    Rcl  [0.763, 0.644, 0.692]
    Prc  [0.978, 0.307, 0.208]
    AccC [0.763, 0.644, 0.692]
✔ Saved improved model → Swin2dCrossEntropy_uxb_tpi_clr_segformer_b0_best.pth
[024/100] train_loss=0.675 train_acc=0.762 | val_loss=0.677 val_acc=0.766 | head_lr=5.00e-04 | enc_lr=2.08e-05
    IoU  [0.770, 0.274, 0.193]
    F1   [0.870, 0.430, 0.323]
    Rcl  [0.787, 0.629, 0.678]
    Prc  [0.974, 0.327, 0.212]
    AccC [0.787, 0.629, 0.678]
✔ Saved improved model → Swin2dCrossEntropy_uxb_tpi_clr_segformer_b0_best.pth
[025/100] train_loss=0.692 train_acc=0.755 | val_loss=0.675 val_acc=0.762 | head_lr=5.00e-04 | enc_lr=2.58e-05
    IoU  [0.765, 0.274, 0.192]
    F1   [0.867, 0.431, 0.322]
    Rcl  [0.780, 0.644, 0.674]
    Prc  [0.976, 0.323, 0.211]
    AccC [0.780, 0.644, 0.674]
✔ Saved improved model → Swin2dCrossEntropy_uxb_tpi_clr_segformer_b0_best.pth
[026/100] train_loss=0.677 train_acc=0.761 | val_loss=0.671 val_acc=0.759 | head_lr=5.00e-04 | enc_lr=3.07e-05
    IoU  [0.767, 0.266, 0.174]
    F1   [0.868, 0.421, 0.296]
    Rcl  [0.782, 0.585, 0.737]
    Prc  [0.976, 0.328, 0.185]
    AccC [0.782, 0.585, 0.737]
✔ Saved improved model → Swin2dCrossEntropy_uxb_tpi_clr_segformer_b0_best.pth
[027/100] train_loss=0.661 train_acc=0.761 | val_loss=0.665 val_acc=0.777 | head_lr=5.00e-04 | enc_lr=3.56e-05
    IoU  [0.784, 0.286, 0.190]
    F1   [0.879, 0.445, 0.319]
    Rcl  [0.800, 0.622, 0.693]
    Prc  [0.975, 0.347, 0.207]
    AccC [0.800, 0.622, 0.693]
✔ Saved improved model → Swin2dCrossEntropy_uxb_tpi_clr_segformer_b0_best.pth
[028/100] train_loss=0.662 train_acc=0.769 | val_loss=0.661 val_acc=0.759 | head_lr=5.00e-04 | enc_lr=4.06e-05
    IoU  [0.760, 0.279, 0.199]
    F1   [0.863, 0.436, 0.332]
    Rcl  [0.772, 0.674, 0.685]
    Prc  [0.979, 0.322, 0.219]
    AccC [0.772, 0.674, 0.685]
✔ Saved improved model → Swin2dCrossEntropy_uxb_tpi_clr_segformer_b0_best.pth
[029/100] train_loss=0.668 train_acc=0.762 | val_loss=0.659 val_acc=0.769 | head_lr=5.00e-04 | enc_lr=4.56e-05
    IoU  [0.773, 0.282, 0.202]
    F1   [0.872, 0.440, 0.336]
    Rcl  [0.787, 0.649, 0.695]
    Prc  [0.976, 0.333, 0.221]
    AccC [0.787, 0.649, 0.695]
✔ Saved improved model → Swin2dCrossEntropy_uxb_tpi_clr_segformer_b0_best.pth
[030/100] train_loss=0.668 train_acc=0.757 | val_loss=0.657 val_acc=0.747 | head_lr=5.00e-04 | enc_lr=5.05e-05
    IoU  [0.748, 0.269, 0.190]
    F1   [0.856, 0.424, 0.319]
    Rcl  [0.759, 0.661, 0.718]
    Prc  [0.981, 0.312, 0.205]
    AccC [0.759, 0.661, 0.718]
✔ Saved improved model → Swin2dCrossEntropy_uxb_tpi_clr_segformer_b0_best.pth
[031/100] train_loss=0.650 train_acc=0.778 | val_loss=0.649 val_acc=0.778 | head_lr=5.00e-04 | enc_lr=5.54e-05
    IoU  [0.786, 0.287, 0.196]
    F1   [0.880, 0.446, 0.328]
    Rcl  [0.801, 0.620, 0.723]
    Prc  [0.976, 0.348, 0.212]
    AccC [0.801, 0.620, 0.723]
✔ Saved improved model → Swin2dCrossEntropy_uxb_tpi_clr_segformer_b0_best.pth
[032/100] train_loss=0.645 train_acc=0.775 | val_loss=0.651 val_acc=0.773 | head_lr=5.00e-04 | enc_lr=6.04e-05
    IoU  [0.778, 0.286, 0.196]
    F1   [0.875, 0.445, 0.327]
    Rcl  [0.793, 0.641, 0.702]
    Prc  [0.977, 0.341, 0.214]
    AccC [0.793, 0.641, 0.702]
[033/100] train_loss=0.649 train_acc=0.772 | val_loss=0.651 val_acc=0.759 | head_lr=5.00e-04 | enc_lr=6.54e-05
    IoU  [0.762, 0.279, 0.191]
    F1   [0.865, 0.436, 0.321]
    Rcl  [0.774, 0.656, 0.710]
    Prc  [0.980, 0.327, 0.207]
    AccC [0.774, 0.656, 0.710]
[034/100] train_loss=0.642 train_acc=0.780 | val_loss=0.646 val_acc=0.797 | head_lr=5.00e-04 | enc_lr=7.03e-05
    IoU  [0.802, 0.309, 0.216]
    F1   [0.890, 0.472, 0.356]
    Rcl  [0.820, 0.653, 0.676]
    Prc  [0.974, 0.370, 0.241]
    AccC [0.820, 0.653, 0.676]
✔ Saved improved model → Swin2dCrossEntropy_uxb_tpi_clr_segformer_b0_best.pth
[035/100] train_loss=0.643 train_acc=0.770 | val_loss=0.642 val_acc=0.763 | head_lr=5.00e-04 | enc_lr=7.52e-05
    IoU  [0.764, 0.287, 0.204]
    F1   [0.866, 0.446, 0.339]
    Rcl  [0.775, 0.686, 0.702]
    Prc  [0.982, 0.331, 0.223]
    AccC [0.775, 0.686, 0.702]
✔ Saved improved model → Swin2dCrossEntropy_uxb_tpi_clr_segformer_b0_best.pth
[036/100] train_loss=0.641 train_acc=0.783 | val_loss=0.639 val_acc=0.793 | head_lr=5.00e-04 | enc_lr=8.02e-05
    IoU  [0.800, 0.304, 0.205]
    F1   [0.889, 0.467, 0.341]
    Rcl  [0.817, 0.632, 0.706]
    Prc  [0.975, 0.370, 0.225]
    AccC [0.817, 0.632, 0.706]
✔ Saved improved model → Swin2dCrossEntropy_uxb_tpi_clr_segformer_b0_best.pth
[037/100] train_loss=0.639 train_acc=0.777 | val_loss=0.636 val_acc=0.796 | head_lr=5.00e-04 | enc_lr=8.51e-05
    IoU  [0.805, 0.305, 0.202]
    F1   [0.892, 0.467, 0.336]
    Rcl  [0.823, 0.612, 0.727]
    Prc  [0.975, 0.378, 0.219]
    AccC [0.823, 0.612, 0.727]
✔ Saved improved model → Swin2dCrossEntropy_uxb_tpi_clr_segformer_b0_best.pth
[038/100] train_loss=0.638 train_acc=0.780 | val_loss=0.636 val_acc=0.784 | head_lr=5.00e-04 | enc_lr=9.01e-05
    IoU  [0.790, 0.301, 0.201]
    F1   [0.883, 0.463, 0.334]
    Rcl  [0.804, 0.650, 0.706]
    Prc  [0.978, 0.360, 0.219]
    AccC [0.804, 0.650, 0.706]
[039/100] train_loss=0.630 train_acc=0.782 | val_loss=0.632 val_acc=0.799 | head_lr=5.00e-04 | enc_lr=9.51e-05
    IoU  [0.809, 0.307, 0.197]
    F1   [0.895, 0.470, 0.329]
    Rcl  [0.827, 0.597, 0.741]
    Prc  [0.975, 0.387, 0.211]
    AccC [0.827, 0.597, 0.741]
✔ Saved improved model → Swin2dCrossEntropy_uxb_tpi_clr_segformer_b0_best.pth
[040/100] train_loss=0.636 train_acc=0.778 | val_loss=0.632 val_acc=0.770 | head_lr=5.00e-04 | enc_lr=1.00e-04
    IoU  [0.772, 0.293, 0.202]
    F1   [0.871, 0.453, 0.336]
    Rcl  [0.784, 0.676, 0.712]
    Prc  [0.981, 0.341, 0.220]
    AccC [0.784, 0.676, 0.712]
[041/100] train_loss=0.619 train_acc=0.778 | val_loss=0.630 val_acc=0.783 | head_lr=5.00e-04 | enc_lr=1.00e-04
    IoU  [0.789, 0.303, 0.201]
    F1   [0.882, 0.465, 0.335]
    Rcl  [0.802, 0.655, 0.716]
    Prc  [0.979, 0.360, 0.219]
    AccC [0.802, 0.655, 0.716]
✔ Saved improved model → Swin2dCrossEntropy_uxb_tpi_clr_segformer_b0_best.pth
[042/100] train_loss=0.622 train_acc=0.791 | val_loss=0.630 val_acc=0.798 | head_lr=5.00e-04 | enc_lr=1.00e-04
    IoU  [0.800, 0.323, 0.231]
    F1   [0.889, 0.489, 0.376]
    Rcl  [0.814, 0.716, 0.644]
    Prc  [0.978, 0.371, 0.265]
    AccC [0.814, 0.716, 0.644]
[043/100] train_loss=0.613 train_acc=0.786 | val_loss=0.625 val_acc=0.801 | head_lr=5.00e-04 | enc_lr=1.00e-04
    IoU  [0.810, 0.316, 0.207]
    F1   [0.895, 0.481, 0.343]
    Rcl  [0.826, 0.632, 0.719]
    Prc  [0.976, 0.388, 0.225]
    AccC [0.826, 0.632, 0.719]
✔ Saved improved model → Swin2dCrossEntropy_uxb_tpi_clr_segformer_b0_best.pth
[044/100] train_loss=0.606 train_acc=0.797 | val_loss=0.620 val_acc=0.791 | head_lr=5.00e-04 | enc_lr=1.00e-04
    IoU  [0.794, 0.315, 0.219]
    F1   [0.885, 0.479, 0.359]
    Rcl  [0.807, 0.689, 0.696]
    Prc  [0.980, 0.367, 0.242]
    AccC [0.807, 0.689, 0.696]
✔ Saved improved model → Swin2dCrossEntropy_uxb_tpi_clr_segformer_b0_best.pth
[045/100] train_loss=0.609 train_acc=0.781 | val_loss=0.617 val_acc=0.785 | head_lr=5.00e-04 | enc_lr=1.00e-04
    IoU  [0.790, 0.306, 0.206]
    F1   [0.883, 0.468, 0.341]
    Rcl  [0.803, 0.661, 0.727]
    Prc  [0.981, 0.362, 0.223]
    AccC [0.803, 0.661, 0.727]
✔ Saved improved model → Swin2dCrossEntropy_uxb_tpi_clr_segformer_b0_best.pth
[046/100] train_loss=0.610 train_acc=0.790 | val_loss=0.622 val_acc=0.803 | head_lr=5.00e-04 | enc_lr=1.00e-04
    IoU  [0.808, 0.323, 0.219]
    F1   [0.894, 0.489, 0.360]
    Rcl  [0.824, 0.672, 0.684]
    Prc  [0.977, 0.384, 0.244]
    AccC [0.824, 0.672, 0.684]
[047/100] train_loss=0.601 train_acc=0.798 | val_loss=0.613 val_acc=0.795 | head_lr=5.00e-04 | enc_lr=1.00e-04
    IoU  [0.799, 0.318, 0.216]
    F1   [0.888, 0.482, 0.355]
    Rcl  [0.813, 0.677, 0.710]
    Prc  [0.980, 0.374, 0.236]
    AccC [0.813, 0.677, 0.710]
✔ Saved improved model → Swin2dCrossEntropy_uxb_tpi_clr_segformer_b0_best.pth
[048/100] train_loss=0.609 train_acc=0.785 | val_loss=0.610 val_acc=0.808 | head_lr=5.00e-04 | enc_lr=1.00e-04
    IoU  [0.814, 0.328, 0.224]
    F1   [0.898, 0.494, 0.366]
    Rcl  [0.830, 0.666, 0.702]
    Prc  [0.977, 0.393, 0.247]
    AccC [0.830, 0.666, 0.702]
✔ Saved improved model → Swin2dCrossEntropy_uxb_tpi_clr_segformer_b0_best.pth
[049/100] train_loss=0.600 train_acc=0.793 | val_loss=0.607 val_acc=0.791 | head_lr=5.00e-04 | enc_lr=1.00e-04
    IoU  [0.798, 0.311, 0.205]
    F1   [0.887, 0.474, 0.341]
    Rcl  [0.811, 0.646, 0.748]
    Prc  [0.980, 0.374, 0.220]
    AccC [0.811, 0.646, 0.748]
✔ Saved improved model → Swin2dCrossEntropy_uxb_tpi_clr_segformer_b0_best.pth
[050/100] train_loss=0.597 train_acc=0.795 | val_loss=0.604 val_acc=0.811 | head_lr=5.00e-04 | enc_lr=1.00e-04
    IoU  [0.816, 0.334, 0.233]
    F1   [0.899, 0.501, 0.377]
    Rcl  [0.831, 0.684, 0.695]
    Prc  [0.979, 0.395, 0.259]
    AccC [0.831, 0.684, 0.695]
✔ Saved improved model → Swin2dCrossEntropy_uxb_tpi_clr_segformer_b0_best.pth
[051/100] train_loss=0.596 train_acc=0.798 | val_loss=0.604 val_acc=0.793 | head_lr=5.00e-04 | enc_lr=1.00e-04
    IoU  [0.798, 0.317, 0.213]
    F1   [0.888, 0.482, 0.352]
    Rcl  [0.810, 0.679, 0.723]
    Prc  [0.982, 0.373, 0.232]
    AccC [0.810, 0.679, 0.723]
✔ Saved improved model → Swin2dCrossEntropy_uxb_tpi_clr_segformer_b0_best.pth
[052/100] train_loss=0.590 train_acc=0.795 | val_loss=0.604 val_acc=0.791 | head_lr=5.00e-04 | enc_lr=1.00e-04
    IoU  [0.795, 0.313, 0.223]
    F1   [0.886, 0.477, 0.365]
    Rcl  [0.807, 0.687, 0.719]
    Prc  [0.981, 0.365, 0.245]
    AccC [0.807, 0.687, 0.719]
✔ Saved improved model → Swin2dCrossEntropy_uxb_tpi_clr_segformer_b0_best.pth
[053/100] train_loss=0.600 train_acc=0.795 | val_loss=0.599 val_acc=0.815 | head_lr=5.00e-04 | enc_lr=1.00e-04
    IoU  [0.823, 0.335, 0.229]
    F1   [0.903, 0.501, 0.372]
    Rcl  [0.839, 0.655, 0.723]
    Prc  [0.977, 0.406, 0.251]
    AccC [0.839, 0.655, 0.723]
✔ Saved improved model → Swin2dCrossEntropy_uxb_tpi_clr_segformer_b0_best.pth
[054/100] train_loss=0.596 train_acc=0.788 | val_loss=0.596 val_acc=0.818 | head_lr=5.00e-04 | enc_lr=1.00e-04
    IoU  [0.826, 0.336, 0.230]
    F1   [0.905, 0.504, 0.375]
    Rcl  [0.842, 0.652, 0.730]
    Prc  [0.977, 0.410, 0.252]
    AccC [0.842, 0.652, 0.730]
✔ Saved improved model → Swin2dCrossEntropy_uxb_tpi_clr_segformer_b0_best.pth
[055/100] train_loss=0.592 train_acc=0.799 | val_loss=0.598 val_acc=0.779 | head_lr=5.00e-04 | enc_lr=1.00e-04
    IoU  [0.780, 0.311, 0.222]
    F1   [0.876, 0.475, 0.363]
    Rcl  [0.789, 0.722, 0.718]
    Prc  [0.985, 0.354, 0.243]
    AccC [0.789, 0.722, 0.718]
[056/100] train_loss=0.593 train_acc=0.796 | val_loss=0.594 val_acc=0.804 | head_lr=5.00e-04 | enc_lr=1.00e-04
    IoU  [0.809, 0.330, 0.225]
    F1   [0.895, 0.496, 0.367]
    Rcl  [0.822, 0.682, 0.725]
    Prc  [0.980, 0.389, 0.246]
    AccC [0.822, 0.682, 0.725]
✔ Saved improved model → Swin2dCrossEntropy_uxb_tpi_clr_segformer_b0_best.pth
[057/100] train_loss=0.576 train_acc=0.810 | val_loss=0.590 val_acc=0.812 | head_lr=5.00e-04 | enc_lr=1.00e-04
    IoU  [0.819, 0.337, 0.235]
    F1   [0.900, 0.504, 0.381]
    Rcl  [0.832, 0.683, 0.725]
    Prc  [0.981, 0.400, 0.258]
    AccC [0.832, 0.683, 0.725]
✔ Saved improved model → Swin2dCrossEntropy_uxb_tpi_clr_segformer_b0_best.pth
[058/100] train_loss=0.581 train_acc=0.801 | val_loss=0.589 val_acc=0.793 | head_lr=5.00e-04 | enc_lr=1.00e-04
    IoU  [0.801, 0.315, 0.210]
    F1   [0.890, 0.479, 0.348]
    Rcl  [0.813, 0.650, 0.774]
    Prc  [0.982, 0.379, 0.224]
    AccC [0.813, 0.650, 0.774]
✔ Saved improved model → Swin2dCrossEntropy_uxb_tpi_clr_segformer_b0_best.pth
[059/100] train_loss=0.580 train_acc=0.802 | val_loss=0.592 val_acc=0.802 | head_lr=5.00e-04 | enc_lr=1.00e-04
    IoU  [0.804, 0.329, 0.248]
    F1   [0.891, 0.495, 0.398]
    Rcl  [0.816, 0.724, 0.698]
    Prc  [0.982, 0.376, 0.278]
    AccC [0.816, 0.724, 0.698]
[060/100] train_loss=0.575 train_acc=0.805 | val_loss=0.584 val_acc=0.826 | head_lr=5.00e-04 | enc_lr=1.00e-04
    IoU  [0.835, 0.348, 0.240]
    F1   [0.910, 0.516, 0.387]
    Rcl  [0.851, 0.657, 0.732]
    Prc  [0.977, 0.425, 0.263]
    AccC [0.851, 0.657, 0.732]
✔ Saved improved model → Swin2dCrossEntropy_uxb_tpi_clr_segformer_b0_best.pth
[061/100] train_loss=0.577 train_acc=0.805 | val_loss=0.584 val_acc=0.803 | head_lr=5.00e-04 | enc_lr=1.00e-04
    IoU  [0.807, 0.332, 0.236]
    F1   [0.893, 0.498, 0.382]
    Rcl  [0.819, 0.706, 0.726]
    Prc  [0.983, 0.385, 0.259]
    AccC [0.819, 0.706, 0.726]
✔ Saved improved model → Swin2dCrossEntropy_uxb_tpi_clr_segformer_b0_best.pth
[062/100] train_loss=0.576 train_acc=0.802 | val_loss=0.584 val_acc=0.822 | head_lr=5.00e-04 | enc_lr=1.00e-04
    IoU  [0.829, 0.348, 0.241]
    F1   [0.907, 0.516, 0.389]
    Rcl  [0.845, 0.674, 0.728]
    Prc  [0.978, 0.418, 0.265]
    AccC [0.845, 0.674, 0.728]
[063/100] train_loss=0.571 train_acc=0.808 | val_loss=0.581 val_acc=0.799 | head_lr=5.00e-04 | enc_lr=1.00e-04
    IoU  [0.804, 0.327, 0.220]
    F1   [0.892, 0.493, 0.360]
    Rcl  [0.816, 0.680, 0.755]
    Prc  [0.983, 0.387, 0.237]
    AccC [0.816, 0.680, 0.755]
✔ Saved improved model → Swin2dCrossEntropy_uxb_tpi_clr_segformer_b0_best.pth
[064/100] train_loss=0.579 train_acc=0.808 | val_loss=0.582 val_acc=0.827 | head_lr=5.00e-04 | enc_lr=1.00e-04
    IoU  [0.833, 0.355, 0.254]
    F1   [0.909, 0.524, 0.405]
    Rcl  [0.849, 0.691, 0.712]
    Prc  [0.978, 0.422, 0.283]
    AccC [0.849, 0.691, 0.712]
[065/100] train_loss=0.569 train_acc=0.804 | val_loss=0.580 val_acc=0.805 | head_lr=5.00e-04 | enc_lr=1.00e-04
    IoU  [0.811, 0.332, 0.226]
    F1   [0.896, 0.499, 0.369]
    Rcl  [0.823, 0.679, 0.752]
    Prc  [0.982, 0.394, 0.244]
    AccC [0.823, 0.679, 0.752]
✔ Saved improved model → Swin2dCrossEntropy_uxb_tpi_clr_segformer_b0_best.pth
[066/100] train_loss=0.573 train_acc=0.807 | val_loss=0.585 val_acc=0.801 | head_lr=5.00e-04 | enc_lr=1.00e-04
    IoU  [0.803, 0.333, 0.240]
    F1   [0.891, 0.500, 0.387]
    Rcl  [0.814, 0.728, 0.699]
    Prc  [0.983, 0.381, 0.267]
    AccC [0.814, 0.728, 0.699]
[067/100] train_loss=0.567 train_acc=0.805 | val_loss=0.580 val_acc=0.795 | head_lr=5.00e-04 | enc_lr=1.00e-04
    IoU  [0.798, 0.325, 0.229]
    F1   [0.888, 0.491, 0.372]
    Rcl  [0.809, 0.706, 0.741]
    Prc  [0.984, 0.376, 0.248]
    AccC [0.809, 0.706, 0.741]
[068/100] train_loss=0.567 train_acc=0.817 | val_loss=0.576 val_acc=0.813 | head_lr=5.00e-04 | enc_lr=1.00e-04
    IoU  [0.816, 0.346, 0.247]
    F1   [0.898, 0.514, 0.396]
    Rcl  [0.828, 0.722, 0.711]
    Prc  [0.982, 0.399, 0.275]
    AccC [0.828, 0.722, 0.711]
✔ Saved improved model → Swin2dCrossEntropy_uxb_tpi_clr_segformer_b0_best.pth
[069/100] train_loss=0.563 train_acc=0.812 | val_loss=0.585 val_acc=0.836 | head_lr=5.00e-04 | enc_lr=1.00e-04
    IoU  [0.846, 0.363, 0.237]
    F1   [0.917, 0.533, 0.383]
    Rcl  [0.865, 0.643, 0.737]
    Prc  [0.976, 0.455, 0.259]
    AccC [0.865, 0.643, 0.737]
[070/100] train_loss=0.549 train_acc=0.812 | val_loss=0.581 val_acc=0.825 | head_lr=5.00e-04 | enc_lr=1.00e-04
    IoU  [0.827, 0.362, 0.260]
    F1   [0.906, 0.531, 0.412]
    Rcl  [0.841, 0.737, 0.674]
    Prc  [0.981, 0.415, 0.297]
    AccC [0.841, 0.737, 0.674]
[071/100] train_loss=0.551 train_acc=0.813 | val_loss=0.577 val_acc=0.818 | head_lr=5.00e-04 | enc_lr=1.00e-04
    IoU  [0.820, 0.356, 0.252]
    F1   [0.901, 0.525, 0.403]
    Rcl  [0.832, 0.740, 0.692]
    Prc  [0.983, 0.407, 0.284]
    AccC [0.832, 0.740, 0.692]
[072/100] train_loss=0.546 train_acc=0.821 | val_loss=0.567 val_acc=0.834 | head_lr=5.00e-04 | enc_lr=1.00e-04
    IoU  [0.842, 0.368, 0.246]
    F1   [0.914, 0.538, 0.394]
    Rcl  [0.857, 0.681, 0.736]
    Prc  [0.980, 0.445, 0.269]
    AccC [0.857, 0.681, 0.736]
✔ Saved improved model → Swin2dCrossEntropy_uxb_tpi_clr_segformer_b0_best.pth
[073/100] train_loss=0.544 train_acc=0.819 | val_loss=0.568 val_acc=0.801 | head_lr=5.00e-04 | enc_lr=1.00e-04
    IoU  [0.804, 0.340, 0.233]
    F1   [0.891, 0.507, 0.378]
    Rcl  [0.813, 0.728, 0.736]
    Prc  [0.986, 0.389, 0.254]
    AccC [0.813, 0.728, 0.736]
[074/100] train_loss=0.556 train_acc=0.812 | val_loss=0.569 val_acc=0.835 | head_lr=5.00e-04 | enc_lr=1.00e-04
    IoU  [0.839, 0.372, 0.265]
    F1   [0.913, 0.543, 0.419]
    Rcl  [0.854, 0.719, 0.699]
    Prc  [0.980, 0.435, 0.299]
    AccC [0.854, 0.719, 0.699]
[075/100] train_loss=0.546 train_acc=0.821 | val_loss=0.562 val_acc=0.824 | head_lr=5.00e-04 | enc_lr=1.00e-04
    IoU  [0.830, 0.359, 0.245]
    F1   [0.907, 0.529, 0.394]
    Rcl  [0.843, 0.702, 0.740]
    Prc  [0.983, 0.424, 0.268]
    AccC [0.843, 0.702, 0.740]
✔ Saved improved model → Swin2dCrossEntropy_uxb_tpi_clr_segformer_b0_best.pth
[076/100] train_loss=0.548 train_acc=0.816 | val_loss=0.567 val_acc=0.837 | head_lr=5.00e-04 | enc_lr=1.00e-04
    IoU  [0.844, 0.372, 0.256]
    F1   [0.915, 0.542, 0.407]
    Rcl  [0.859, 0.693, 0.722]
    Prc  [0.979, 0.446, 0.284]
    AccC [0.859, 0.693, 0.722]
[077/100] train_loss=0.543 train_acc=0.818 | val_loss=0.562 val_acc=0.818 | head_lr=5.00e-04 | enc_lr=1.00e-04
    IoU  [0.823, 0.357, 0.245]
    F1   [0.903, 0.526, 0.394]
    Rcl  [0.834, 0.722, 0.732]
    Prc  [0.984, 0.414, 0.269]
    AccC [0.834, 0.722, 0.732]
[078/100] train_loss=0.544 train_acc=0.819 | val_loss=0.557 val_acc=0.825 | head_lr=5.00e-04 | enc_lr=1.00e-04
    IoU  [0.831, 0.363, 0.248]
    F1   [0.907, 0.533, 0.398]
    Rcl  [0.842, 0.712, 0.738]
    Prc  [0.983, 0.425, 0.272]
    AccC [0.842, 0.712, 0.738]
✔ Saved improved model → Swin2dCrossEntropy_uxb_tpi_clr_segformer_b0_best.pth
[079/100] train_loss=0.538 train_acc=0.827 | val_loss=0.556 val_acc=0.833 | head_lr=5.00e-04 | enc_lr=1.00e-04
    IoU  [0.841, 0.367, 0.252]
    F1   [0.914, 0.537, 0.403]
    Rcl  [0.855, 0.686, 0.750]
    Prc  [0.981, 0.441, 0.275]
    AccC [0.855, 0.686, 0.750]
✔ Saved improved model → Swin2dCrossEntropy_uxb_tpi_clr_segformer_b0_best.pth
[080/100] train_loss=0.535 train_acc=0.822 | val_loss=0.556 val_acc=0.818 | head_lr=5.00e-04 | enc_lr=1.00e-04
    IoU  [0.822, 0.355, 0.252]
    F1   [0.902, 0.524, 0.403]
    Rcl  [0.833, 0.723, 0.734]
    Prc  [0.984, 0.411, 0.278]
    AccC [0.833, 0.723, 0.734]
[081/100] train_loss=0.535 train_acc=0.817 | val_loss=0.558 val_acc=0.835 | head_lr=5.00e-04 | enc_lr=1.00e-04
    IoU  [0.841, 0.372, 0.260]
    F1   [0.913, 0.543, 0.413]
    Rcl  [0.855, 0.703, 0.730]
    Prc  [0.980, 0.442, 0.288]
    AccC [0.855, 0.703, 0.730]
[082/100] train_loss=0.537 train_acc=0.827 | val_loss=0.559 val_acc=0.821 | head_lr=5.00e-04 | enc_lr=1.00e-04
    IoU  [0.827, 0.361, 0.239]
    F1   [0.905, 0.531, 0.385]
    Rcl  [0.838, 0.709, 0.745]
    Prc  [0.984, 0.424, 0.260]
    AccC [0.838, 0.709, 0.745]
[083/100] train_loss=0.537 train_acc=0.827 | val_loss=0.558 val_acc=0.821 | head_lr=5.00e-04 | enc_lr=1.00e-04
    IoU  [0.824, 0.361, 0.252]
    F1   [0.904, 0.530, 0.403]
    Rcl  [0.836, 0.728, 0.729]
    Prc  [0.983, 0.417, 0.278]
    AccC [0.836, 0.728, 0.729]
[084/100] train_loss=0.533 train_acc=0.818 | val_loss=0.560 val_acc=0.811 | head_lr=5.00e-04 | enc_lr=1.00e-04
    IoU  [0.812, 0.348, 0.266]
    F1   [0.896, 0.517, 0.420]
    Rcl  [0.822, 0.754, 0.713]
    Prc  [0.985, 0.393, 0.298]
    AccC [0.822, 0.754, 0.713]
[085/100] train_loss=0.530 train_acc=0.828 | val_loss=0.545 val_acc=0.839 | head_lr=5.00e-04 | enc_lr=1.00e-04
    IoU  [0.846, 0.378, 0.265]
    F1   [0.917, 0.549, 0.418]
    Rcl  [0.860, 0.703, 0.747]
    Prc  [0.982, 0.450, 0.291]
    AccC [0.860, 0.703, 0.747]
✔ Saved improved model → Swin2dCrossEntropy_uxb_tpi_clr_segformer_b0_best.pth
[086/100] train_loss=0.527 train_acc=0.823 | val_loss=0.547 val_acc=0.817 | head_lr=5.00e-04 | enc_lr=1.00e-04
    IoU  [0.819, 0.355, 0.261]
    F1   [0.900, 0.524, 0.414]
    Rcl  [0.829, 0.742, 0.734]
    Prc  [0.985, 0.405, 0.288]
    AccC [0.829, 0.742, 0.734]
[087/100] train_loss=0.521 train_acc=0.833 | val_loss=0.550 val_acc=0.839 | head_lr=5.00e-04 | enc_lr=1.00e-04
    IoU  [0.844, 0.381, 0.269]
    F1   [0.915, 0.551, 0.423]
    Rcl  [0.858, 0.718, 0.729]
    Prc  [0.981, 0.447, 0.298]
    AccC [0.858, 0.718, 0.729]
[088/100] train_loss=0.526 train_acc=0.823 | val_loss=0.547 val_acc=0.824 | head_lr=5.00e-04 | enc_lr=1.00e-04
    IoU  [0.827, 0.368, 0.259]
    F1   [0.905, 0.538, 0.411]
    Rcl  [0.837, 0.747, 0.723]
    Prc  [0.985, 0.420, 0.287]
    AccC [0.837, 0.747, 0.723]
[089/100] train_loss=0.520 train_acc=0.833 | val_loss=0.549 val_acc=0.826 | head_lr=5.00e-04 | enc_lr=1.00e-04
    IoU  [0.829, 0.370, 0.268]
    F1   [0.907, 0.540, 0.422]
    Rcl  [0.840, 0.750, 0.722]
    Prc  [0.985, 0.422, 0.298]
    AccC [0.840, 0.750, 0.722]
[090/100] train_loss=0.524 train_acc=0.831 | val_loss=0.545 val_acc=0.841 | head_lr=5.00e-04 | enc_lr=1.00e-04
    IoU  [0.848, 0.382, 0.265]
    F1   [0.918, 0.552, 0.419]
    Rcl  [0.861, 0.703, 0.750]
    Prc  [0.982, 0.455, 0.291]
    AccC [0.861, 0.703, 0.750]
✔ Saved improved model → Swin2dCrossEntropy_uxb_tpi_clr_segformer_b0_best.pth
[091/100] train_loss=0.521 train_acc=0.826 | val_loss=0.546 val_acc=0.841 | head_lr=5.00e-04 | enc_lr=1.00e-04
    IoU  [0.850, 0.380, 0.252]
    F1   [0.919, 0.551, 0.403]
    Rcl  [0.864, 0.678, 0.767]
    Prc  [0.981, 0.464, 0.273]
    AccC [0.864, 0.678, 0.767]
[092/100] train_loss=0.514 train_acc=0.832 | val_loss=0.545 val_acc=0.845 | head_lr=5.00e-04 | enc_lr=1.00e-04
    IoU  [0.852, 0.394, 0.270]
    F1   [0.920, 0.565, 0.425]
    Rcl  [0.865, 0.718, 0.736]
    Prc  [0.982, 0.465, 0.298]
    AccC [0.865, 0.718, 0.736]
[093/100] train_loss=0.510 train_acc=0.835 | val_loss=0.544 val_acc=0.829 | head_lr=5.00e-04 | enc_lr=1.00e-04
    IoU  [0.832, 0.375, 0.273]
    F1   [0.908, 0.545, 0.429]
    Rcl  [0.842, 0.759, 0.716]
    Prc  [0.985, 0.426, 0.306]
    AccC [0.842, 0.759, 0.716]
✔ Saved improved model → Swin2dCrossEntropy_uxb_tpi_clr_segformer_b0_best.pth
[094/100] train_loss=0.510 train_acc=0.832 | val_loss=0.533 val_acc=0.822 | head_lr=5.00e-04 | enc_lr=1.00e-04
    IoU  [0.826, 0.366, 0.255]
    F1   [0.905, 0.536, 0.406]
    Rcl  [0.836, 0.734, 0.760]
    Prc  [0.986, 0.423, 0.277]
    AccC [0.836, 0.734, 0.760]
✔ Saved improved model → Swin2dCrossEntropy_uxb_tpi_clr_segformer_b0_best.pth
[095/100] train_loss=0.503 train_acc=0.845 | val_loss=0.546 val_acc=0.851 | head_lr=5.00e-04 | enc_lr=1.00e-04
    IoU  [0.856, 0.401, 0.291]
    F1   [0.922, 0.573, 0.451]
    Rcl  [0.871, 0.737, 0.709]
    Prc  [0.981, 0.468, 0.330]
    AccC [0.871, 0.737, 0.709]
[096/100] train_loss=0.503 train_acc=0.837 | val_loss=0.540 val_acc=0.850 | head_lr=5.00e-04 | enc_lr=1.00e-04
    IoU  [0.855, 0.398, 0.291]
    F1   [0.922, 0.570, 0.450]
    Rcl  [0.869, 0.736, 0.716]
    Prc  [0.981, 0.465, 0.329]
    AccC [0.869, 0.736, 0.716]
[097/100] train_loss=0.495 train_acc=0.837 | val_loss=0.531 val_acc=0.850 | head_lr=5.00e-04 | enc_lr=1.00e-04
    IoU  [0.859, 0.398, 0.265]
    F1   [0.924, 0.569, 0.419]
    Rcl  [0.873, 0.691, 0.770]
    Prc  [0.981, 0.484, 0.288]
    AccC [0.873, 0.691, 0.770]
✔ Saved improved model → Swin2dCrossEntropy_uxb_tpi_clr_segformer_b0_best.pth
[098/100] train_loss=0.501 train_acc=0.841 | val_loss=0.533 val_acc=0.840 | head_lr=5.00e-04 | enc_lr=1.00e-04
    IoU  [0.843, 0.389, 0.290]
    F1   [0.915, 0.560, 0.449]
    Rcl  [0.854, 0.759, 0.722]
    Prc  [0.985, 0.444, 0.326]
    AccC [0.854, 0.759, 0.722]
[099/100] train_loss=0.504 train_acc=0.832 | val_loss=0.535 val_acc=0.841 | head_lr=5.00e-04 | enc_lr=1.00e-04
    IoU  [0.847, 0.390, 0.276]
    F1   [0.917, 0.562, 0.433]
    Rcl  [0.858, 0.740, 0.737]
    Prc  [0.984, 0.453, 0.306]
    AccC [0.858, 0.740, 0.737]
[100/100] train_loss=0.498 train_acc=0.837 | val_loss=0.527 val_acc=0.839 | head_lr=5.00e-04 | enc_lr=1.00e-04
    IoU  [0.844, 0.384, 0.277]
    F1   [0.916, 0.555, 0.433]
    Rcl  [0.856, 0.731, 0.751]
    Prc  [0.984, 0.448, 0.305]
    AccC [0.856, 0.731, 0.751]
✔ Saved improved model → Swin2dCrossEntropy_uxb_tpi_clr_segformer_b0_best.pth
