Some weights of SegformerForSemanticSegmentation were not initialized from the model checkpoint at nvidia/segformer-b0-finetuned-ade-512-512 and are newly initialized because the shapes did not match:
- decode_head.classifier.weight: found shape torch.Size([150, 256, 1, 1]) in the checkpoint and torch.Size([3, 256, 1, 1]) in the model instantiated
- decode_head.classifier.bias: found shape torch.Size([150]) in the checkpoint and torch.Size([3]) in the model instantiated
You should probably TRAIN this model on a down-stream task to be able to use it for predictions and inference.
/work/archcomplab/yorazov2/Swin3DEnv/lib/python3.9/site-packages/torch/optim/lr_scheduler.py:143: UserWarning: Detected call of `lr_scheduler.step()` before `optimizer.step()`. In PyTorch 1.1.0 and later, you should call them in the opposite order: `optimizer.step()` before `lr_scheduler.step()`.  Failure to do this will result in PyTorch skipping the first value of the learning rate schedule. See more details at https://pytorch.org/docs/stable/optim.html#how-to-adjust-learning-rate
  warnings.warn("Detected call of `lr_scheduler.step()` before `optimizer.step()`. "
/work/archcomplab/yorazov2/Swin3DEnv/lib/python3.9/site-packages/torch/nn/modules/conv.py:456: UserWarning: Applied workaround for CuDNN issue, install nvrtc.so (Triggered internally at ../aten/src/ATen/native/cudnn/Conv_v8.cpp:80.)
  return F.conv2d(input, weight, bias, self.stride,
[001/100] train_loss=0.948 train_acc=0.289 | val_loss=0.947 val_acc=0.251 | head_lr=2.60e-05
    IoU  [0.246, 0.057, 0.026]
    F1   [0.395, 0.109, 0.050]
    Rcl  [0.256, 0.121, 0.626]
    Prc  [0.867, 0.099, 0.026]
    AccC [0.256, 0.121, 0.626]
✔ Saved improved model → general_dice_uxb_svy_100_slrm_segformer_b0_best.pth
[002/100] train_loss=0.947 train_acc=0.247 | val_loss=0.946 val_acc=0.191 | head_lr=5.09e-05
    IoU  [0.181, 0.054, 0.027]
    F1   [0.306, 0.103, 0.052]
    Rcl  [0.185, 0.112, 0.728]
    Prc  [0.889, 0.096, 0.027]
    AccC [0.185, 0.112, 0.728]
✔ Saved improved model → general_dice_uxb_svy_100_slrm_segformer_b0_best.pth
[003/100] train_loss=0.947 train_acc=0.200 | val_loss=0.946 val_acc=0.146 | head_lr=7.58e-05
    IoU  [0.127, 0.059, 0.027]
    F1   [0.226, 0.111, 0.052]
    Rcl  [0.129, 0.132, 0.762]
    Prc  [0.900, 0.096, 0.027]
    AccC [0.129, 0.132, 0.762]
✔ Saved improved model → general_dice_uxb_svy_100_slrm_segformer_b0_best.pth
[004/100] train_loss=0.946 train_acc=0.164 | val_loss=0.945 val_acc=0.135 | head_lr=1.01e-04
    IoU  [0.113, 0.061, 0.027]
    F1   [0.203, 0.115, 0.053]
    Rcl  [0.114, 0.148, 0.774]
    Prc  [0.912, 0.094, 0.028]
    AccC [0.114, 0.148, 0.774]
✔ Saved improved model → general_dice_uxb_svy_100_slrm_segformer_b0_best.pth
[005/100] train_loss=0.946 train_acc=0.138 | val_loss=0.945 val_acc=0.124 | head_lr=1.26e-04
    IoU  [0.095, 0.069, 0.027]
    F1   [0.174, 0.129, 0.053]
    Rcl  [0.096, 0.212, 0.714]
    Prc  [0.914, 0.092, 0.028]
    AccC [0.096, 0.212, 0.714]
✔ Saved improved model → general_dice_uxb_svy_100_slrm_segformer_b0_best.pth
[006/100] train_loss=0.945 train_acc=0.128 | val_loss=0.944 val_acc=0.112 | head_lr=1.51e-04
    IoU  [0.080, 0.068, 0.028]
    F1   [0.149, 0.128, 0.054]
    Rcl  [0.081, 0.220, 0.725]
    Prc  [0.916, 0.090, 0.028]
    AccC [0.081, 0.220, 0.725]
✔ Saved improved model → general_dice_uxb_svy_100_slrm_segformer_b0_best.pth
[007/100] train_loss=0.944 train_acc=0.116 | val_loss=0.943 val_acc=0.101 | head_lr=1.76e-04
    IoU  [0.063, 0.071, 0.029]
    F1   [0.118, 0.133, 0.056]
    Rcl  [0.063, 0.265, 0.701]
    Prc  [0.913, 0.089, 0.029]
    AccC [0.063, 0.265, 0.701]
✔ Saved improved model → general_dice_uxb_svy_100_slrm_segformer_b0_best.pth
[008/100] train_loss=0.943 train_acc=0.115 | val_loss=0.942 val_acc=0.102 | head_lr=2.01e-04
    IoU  [0.058, 0.076, 0.029]
    F1   [0.109, 0.142, 0.057]
    Rcl  [0.058, 0.330, 0.648]
    Prc  [0.913, 0.090, 0.030]
    AccC [0.058, 0.330, 0.648]
✔ Saved improved model → general_dice_uxb_svy_100_slrm_segformer_b0_best.pth
[009/100] train_loss=0.943 train_acc=0.110 | val_loss=0.941 val_acc=0.100 | head_lr=2.26e-04
    IoU  [0.048, 0.082, 0.030]
    F1   [0.091, 0.152, 0.059]
    Rcl  [0.048, 0.417, 0.580]
    Prc  [0.916, 0.093, 0.031]
    AccC [0.048, 0.417, 0.580]
✔ Saved improved model → general_dice_uxb_svy_100_slrm_segformer_b0_best.pth
[010/100] train_loss=0.942 train_acc=0.103 | val_loss=0.940 val_acc=0.090 | head_lr=2.51e-04
    IoU  [0.025, 0.086, 0.032]
    F1   [0.049, 0.159, 0.061]
    Rcl  [0.025, 0.525, 0.491]
    Prc  [0.917, 0.093, 0.033]
    AccC [0.025, 0.525, 0.491]
✔ Saved improved model → general_dice_uxb_svy_100_slrm_segformer_b0_best.pth
[011/100] train_loss=0.941 train_acc=0.096 | val_loss=0.939 val_acc=0.085 | head_lr=2.75e-04
    IoU  [0.021, 0.085, 0.032]
    F1   [0.041, 0.157, 0.062]
    Rcl  [0.021, 0.514, 0.512]
    Prc  [0.920, 0.092, 0.033]
    AccC [0.021, 0.514, 0.512]
✔ Saved improved model → general_dice_uxb_svy_100_slrm_segformer_b0_best.pth
[012/100] train_loss=0.941 train_acc=0.094 | val_loss=0.938 val_acc=0.081 | head_lr=3.00e-04
    IoU  [0.017, 0.084, 0.032]
    F1   [0.033, 0.155, 0.062]
    Rcl  [0.017, 0.498, 0.534]
    Prc  [0.922, 0.092, 0.033]
    AccC [0.017, 0.498, 0.534]
✔ Saved improved model → general_dice_uxb_svy_100_slrm_segformer_b0_best.pth
[013/100] train_loss=0.938 train_acc=0.093 | val_loss=0.937 val_acc=0.083 | head_lr=3.25e-04
    IoU  [0.020, 0.084, 0.033]
    F1   [0.038, 0.154, 0.064]
    Rcl  [0.020, 0.493, 0.545]
    Prc  [0.916, 0.091, 0.034]
    AccC [0.020, 0.493, 0.545]
✔ Saved improved model → general_dice_uxb_svy_100_slrm_segformer_b0_best.pth
[014/100] train_loss=0.936 train_acc=0.097 | val_loss=0.934 val_acc=0.088 | head_lr=3.50e-04
    IoU  [0.016, 0.089, 0.034]
    F1   [0.031, 0.163, 0.066]
    Rcl  [0.016, 0.598, 0.443]
    Prc  [0.909, 0.094, 0.036]
    AccC [0.016, 0.598, 0.443]
✔ Saved improved model → general_dice_uxb_svy_100_slrm_segformer_b0_best.pth
[015/100] train_loss=0.939 train_acc=0.102 | val_loss=0.935 val_acc=0.094 | head_lr=3.75e-04
    IoU  [0.018, 0.093, 0.034]
    F1   [0.036, 0.169, 0.066]
    Rcl  [0.018, 0.650, 0.395]
    Prc  [0.912, 0.097, 0.036]
    AccC [0.018, 0.650, 0.395]
[016/100] train_loss=0.938 train_acc=0.099 | val_loss=0.932 val_acc=0.092 | head_lr=4.00e-04
    IoU  [0.014, 0.092, 0.036]
    F1   [0.029, 0.169, 0.069]
    Rcl  [0.015, 0.657, 0.404]
    Prc  [0.908, 0.097, 0.038]
    AccC [0.015, 0.657, 0.404]
✔ Saved improved model → general_dice_uxb_svy_100_slrm_segformer_b0_best.pth
[017/100] train_loss=0.936 train_acc=0.101 | val_loss=0.932 val_acc=0.099 | head_lr=4.25e-04
    IoU  [0.019, 0.095, 0.037]
    F1   [0.036, 0.173, 0.071]
    Rcl  [0.019, 0.705, 0.360]
    Prc  [0.911, 0.099, 0.040]
    AccC [0.019, 0.705, 0.360]
✔ Saved improved model → general_dice_uxb_svy_100_slrm_segformer_b0_best.pth
[018/100] train_loss=0.934 train_acc=0.103 | val_loss=0.930 val_acc=0.098 | head_lr=4.50e-04
    IoU  [0.018, 0.094, 0.037]
    F1   [0.035, 0.172, 0.071]
    Rcl  [0.018, 0.702, 0.356]
    Prc  [0.906, 0.098, 0.040]
    AccC [0.018, 0.702, 0.356]
✔ Saved improved model → general_dice_uxb_svy_100_slrm_segformer_b0_best.pth
[019/100] train_loss=0.933 train_acc=0.109 | val_loss=0.930 val_acc=0.102 | head_lr=4.75e-04
    IoU  [0.025, 0.093, 0.037]
    F1   [0.049, 0.170, 0.071]
    Rcl  [0.025, 0.670, 0.386]
    Prc  [0.913, 0.097, 0.039]
    AccC [0.025, 0.670, 0.386]
[020/100] train_loss=0.935 train_acc=0.110 | val_loss=0.931 val_acc=0.101 | head_lr=5.00e-04
    IoU  [0.021, 0.095, 0.036]
    F1   [0.041, 0.174, 0.069]
    Rcl  [0.021, 0.704, 0.349]
    Prc  [0.918, 0.099, 0.038]
    AccC [0.021, 0.704, 0.349]
→ Unfroze last backbone stage at epoch 21
[021/100] train_loss=0.930 train_acc=0.109 | val_loss=0.928 val_acc=0.105 | head_lr=5.00e-04 | enc_lr=5.95e-06
    IoU  [0.021, 0.095, 0.039]
    F1   [0.042, 0.174, 0.075]
    Rcl  [0.021, 0.759, 0.286]
    Prc  [0.894, 0.098, 0.043]
    AccC [0.021, 0.759, 0.286]
✔ Saved improved model → general_dice_uxb_svy_100_slrm_segformer_b0_best.pth
[022/100] train_loss=0.931 train_acc=0.117 | val_loss=0.939 val_acc=0.118 | head_lr=5.00e-04 | enc_lr=1.09e-05
    IoU  [0.029, 0.100, 0.028]
    F1   [0.056, 0.182, 0.055]
    Rcl  [0.029, 0.860, 0.121]
    Prc  [0.900, 0.102, 0.035]
    AccC [0.029, 0.860, 0.121]
[023/100] train_loss=0.930 train_acc=0.115 | val_loss=0.931 val_acc=0.118 | head_lr=5.00e-04 | enc_lr=1.58e-05
    IoU  [0.035, 0.097, 0.034]
    F1   [0.067, 0.177, 0.066]
    Rcl  [0.035, 0.781, 0.223]
    Prc  [0.896, 0.100, 0.039]
    AccC [0.035, 0.781, 0.223]
[024/100] train_loss=0.928 train_acc=0.118 | val_loss=0.930 val_acc=0.113 | head_lr=5.00e-04 | enc_lr=2.08e-05
    IoU  [0.030, 0.097, 0.035]
    F1   [0.059, 0.177, 0.067]
    Rcl  [0.030, 0.768, 0.253]
    Prc  [0.903, 0.100, 0.039]
    AccC [0.030, 0.768, 0.253]
[025/100] train_loss=0.933 train_acc=0.121 | val_loss=0.938 val_acc=0.122 | head_lr=5.00e-04 | enc_lr=2.58e-05
    IoU  [0.030, 0.101, 0.024]
    F1   [0.059, 0.184, 0.046]
    Rcl  [0.030, 0.890, 0.079]
    Prc  [0.899, 0.102, 0.033]
    AccC [0.030, 0.890, 0.079]
[026/100] train_loss=0.933 train_acc=0.119 | val_loss=0.931 val_acc=0.123 | head_lr=5.00e-04 | enc_lr=3.07e-05
    IoU  [0.041, 0.098, 0.034]
    F1   [0.079, 0.178, 0.065]
    Rcl  [0.042, 0.771, 0.229]
    Prc  [0.901, 0.100, 0.038]
    AccC [0.042, 0.771, 0.229]
[027/100] train_loss=0.926 train_acc=0.124 | val_loss=0.935 val_acc=0.121 | head_lr=5.00e-04 | enc_lr=3.56e-05
    IoU  [0.031, 0.100, 0.028]
    F1   [0.061, 0.182, 0.055]
    Rcl  [0.032, 0.864, 0.114]
    Prc  [0.902, 0.102, 0.036]
    AccC [0.032, 0.864, 0.114]
[028/100] train_loss=0.923 train_acc=0.126 | val_loss=0.927 val_acc=0.115 | head_lr=5.00e-04 | enc_lr=4.06e-05
    IoU  [0.040, 0.093, 0.036]
    F1   [0.077, 0.170, 0.070]
    Rcl  [0.040, 0.686, 0.333]
    Prc  [0.903, 0.097, 0.039]
    AccC [0.040, 0.686, 0.333]
✔ Saved improved model → general_dice_uxb_svy_100_slrm_segformer_b0_best.pth
[029/100] train_loss=0.927 train_acc=0.121 | val_loss=0.939 val_acc=0.132 | head_lr=5.00e-04 | enc_lr=4.56e-05
    IoU  [0.043, 0.101, 0.027]
    F1   [0.083, 0.184, 0.053]
    Rcl  [0.043, 0.878, 0.093]
    Prc  [0.899, 0.103, 0.037]
    AccC [0.043, 0.878, 0.093]
[030/100] train_loss=0.922 train_acc=0.143 | val_loss=0.930 val_acc=0.150 | head_lr=5.00e-04 | enc_lr=5.05e-05
    IoU  [0.072, 0.099, 0.034]
    F1   [0.134, 0.180, 0.066]
    Rcl  [0.072, 0.784, 0.187]
    Prc  [0.900, 0.101, 0.040]
    AccC [0.072, 0.784, 0.187]
[031/100] train_loss=0.922 train_acc=0.145 | val_loss=0.934 val_acc=0.153 | head_lr=5.00e-04 | enc_lr=5.54e-05
    IoU  [0.072, 0.100, 0.034]
    F1   [0.134, 0.182, 0.066]
    Rcl  [0.073, 0.821, 0.148]
    Prc  [0.902, 0.102, 0.042]
    AccC [0.073, 0.821, 0.148]
[032/100] train_loss=0.930 train_acc=0.152 | val_loss=0.932 val_acc=0.152 | head_lr=5.00e-04 | enc_lr=6.04e-05
    IoU  [0.072, 0.099, 0.035]
    F1   [0.135, 0.180, 0.067]
    Rcl  [0.073, 0.813, 0.151]
    Prc  [0.902, 0.101, 0.043]
    AccC [0.073, 0.813, 0.151]
[033/100] train_loss=0.928 train_acc=0.153 | val_loss=0.931 val_acc=0.159 | head_lr=5.00e-04 | enc_lr=6.54e-05
    IoU  [0.091, 0.096, 0.033]
    F1   [0.166, 0.176, 0.064]
    Rcl  [0.091, 0.688, 0.277]
    Prc  [0.913, 0.101, 0.036]
    AccC [0.091, 0.688, 0.277]
[034/100] train_loss=0.923 train_acc=0.162 | val_loss=0.929 val_acc=0.169 | head_lr=5.00e-04 | enc_lr=7.03e-05
    IoU  [0.101, 0.097, 0.035]
    F1   [0.183, 0.177, 0.068]
    Rcl  [0.102, 0.707, 0.261]
    Prc  [0.910, 0.101, 0.039]
    AccC [0.102, 0.707, 0.261]
[035/100] train_loss=0.924 train_acc=0.168 | val_loss=0.938 val_acc=0.179 | head_lr=5.00e-04 | enc_lr=7.52e-05
    IoU  [0.099, 0.103, 0.031]
    F1   [0.179, 0.187, 0.059]
    Rcl  [0.100, 0.859, 0.082]
    Prc  [0.905, 0.105, 0.046]
    AccC [0.100, 0.859, 0.082]
[036/100] train_loss=0.924 train_acc=0.169 | val_loss=0.930 val_acc=0.171 | head_lr=5.00e-04 | enc_lr=8.02e-05
    IoU  [0.098, 0.099, 0.035]
    F1   [0.178, 0.180, 0.067]
    Rcl  [0.099, 0.766, 0.190]
    Prc  [0.908, 0.102, 0.040]
    AccC [0.099, 0.766, 0.190]
[037/100] train_loss=0.924 train_acc=0.159 | val_loss=0.927 val_acc=0.175 | head_lr=5.00e-04 | enc_lr=8.51e-05
    IoU  [0.102, 0.099, 0.036]
    F1   [0.185, 0.180, 0.070]
    Rcl  [0.103, 0.768, 0.189]
    Prc  [0.904, 0.102, 0.043]
    AccC [0.103, 0.768, 0.189]
✔ Saved improved model → general_dice_uxb_svy_100_slrm_segformer_b0_best.pth
[038/100] train_loss=0.927 train_acc=0.174 | val_loss=0.935 val_acc=0.181 | head_lr=5.00e-04 | enc_lr=9.01e-05
    IoU  [0.105, 0.102, 0.032]
    F1   [0.190, 0.185, 0.061]
    Rcl  [0.106, 0.814, 0.129]
    Prc  [0.910, 0.104, 0.040]
    AccC [0.106, 0.814, 0.129]
[039/100] train_loss=0.926 train_acc=0.174 | val_loss=0.925 val_acc=0.177 | head_lr=5.00e-04 | enc_lr=9.51e-05
    IoU  [0.114, 0.095, 0.038]
    F1   [0.204, 0.174, 0.073]
    Rcl  [0.115, 0.653, 0.334]
    Prc  [0.910, 0.100, 0.041]
    AccC [0.115, 0.653, 0.334]
✔ Saved improved model → general_dice_uxb_svy_100_slrm_segformer_b0_best.pth
[040/100] train_loss=0.919 train_acc=0.177 | val_loss=0.925 val_acc=0.179 | head_lr=5.00e-04 | enc_lr=1.00e-04
    IoU  [0.103, 0.100, 0.037]
    F1   [0.186, 0.182, 0.071]
    Rcl  [0.104, 0.816, 0.126]
    Prc  [0.906, 0.102, 0.050]
    AccC [0.104, 0.816, 0.126]
✔ Saved improved model → general_dice_uxb_svy_100_slrm_segformer_b0_best.pth
[041/100] train_loss=0.922 train_acc=0.179 | val_loss=0.924 val_acc=0.184 | head_lr=5.00e-04 | enc_lr=1.00e-04
    IoU  [0.112, 0.100, 0.037]
    F1   [0.202, 0.181, 0.071]
    Rcl  [0.114, 0.777, 0.170]
    Prc  [0.904, 0.102, 0.045]
    AccC [0.114, 0.777, 0.170]
✔ Saved improved model → general_dice_uxb_svy_100_slrm_segformer_b0_best.pth
[042/100] train_loss=0.928 train_acc=0.177 | val_loss=0.931 val_acc=0.185 | head_lr=5.00e-04 | enc_lr=1.00e-04
    IoU  [0.114, 0.100, 0.033]
    F1   [0.205, 0.182, 0.064]
    Rcl  [0.116, 0.763, 0.179]
    Prc  [0.910, 0.103, 0.039]
    AccC [0.116, 0.763, 0.179]
[043/100] train_loss=0.921 train_acc=0.185 | val_loss=0.922 val_acc=0.192 | head_lr=5.00e-04 | enc_lr=1.00e-04
    IoU  [0.123, 0.099, 0.040]
    F1   [0.219, 0.180, 0.077]
    Rcl  [0.124, 0.757, 0.198]
    Prc  [0.906, 0.102, 0.048]
    AccC [0.124, 0.757, 0.198]
✔ Saved improved model → general_dice_uxb_svy_100_slrm_segformer_b0_best.pth
[044/100] train_loss=0.925 train_acc=0.196 | val_loss=0.919 val_acc=0.192 | head_lr=5.00e-04 | enc_lr=1.00e-04
    IoU  [0.129, 0.095, 0.042]
    F1   [0.229, 0.173, 0.081]
    Rcl  [0.131, 0.669, 0.306]
    Prc  [0.908, 0.099, 0.047]
    AccC [0.131, 0.669, 0.306]
✔ Saved improved model → general_dice_uxb_svy_100_slrm_segformer_b0_best.pth
[045/100] train_loss=0.926 train_acc=0.190 | val_loss=0.917 val_acc=0.188 | head_lr=5.00e-04 | enc_lr=1.00e-04
    IoU  [0.117, 0.098, 0.045]
    F1   [0.210, 0.178, 0.087]
    Rcl  [0.119, 0.756, 0.217]
    Prc  [0.907, 0.101, 0.054]
    AccC [0.119, 0.756, 0.217]
✔ Saved improved model → general_dice_uxb_svy_100_slrm_segformer_b0_best.pth
[046/100] train_loss=0.927 train_acc=0.181 | val_loss=0.928 val_acc=0.178 | head_lr=5.00e-04 | enc_lr=1.00e-04
    IoU  [0.108, 0.099, 0.036]
    F1   [0.195, 0.180, 0.069]
    Rcl  [0.109, 0.746, 0.215]
    Prc  [0.914, 0.102, 0.041]
    AccC [0.109, 0.746, 0.215]
[047/100] train_loss=0.925 train_acc=0.187 | val_loss=0.919 val_acc=0.187 | head_lr=5.00e-04 | enc_lr=1.00e-04
    IoU  [0.124, 0.094, 0.043]
    F1   [0.221, 0.172, 0.082]
    Rcl  [0.126, 0.653, 0.338]
    Prc  [0.910, 0.099, 0.047]
    AccC [0.126, 0.653, 0.338]
[048/100] train_loss=0.919 train_acc=0.193 | val_loss=0.934 val_acc=0.199 | head_lr=5.00e-04 | enc_lr=1.00e-04
    IoU  [0.125, 0.103, 0.030]
    F1   [0.223, 0.187, 0.057]
    Rcl  [0.127, 0.824, 0.095]
    Prc  [0.909, 0.105, 0.041]
    AccC [0.127, 0.824, 0.095]
[049/100] train_loss=0.916 train_acc=0.201 | val_loss=0.922 val_acc=0.205 | head_lr=5.00e-04 | enc_lr=1.00e-04
    IoU  [0.136, 0.100, 0.041]
    F1   [0.239, 0.183, 0.078]
    Rcl  [0.138, 0.771, 0.175]
    Prc  [0.911, 0.104, 0.050]
    AccC [0.138, 0.771, 0.175]
[050/100] train_loss=0.921 train_acc=0.198 | val_loss=0.913 val_acc=0.187 | head_lr=5.00e-04 | enc_lr=1.00e-04
    IoU  [0.124, 0.092, 0.047]
    F1   [0.221, 0.169, 0.089]
    Rcl  [0.126, 0.653, 0.344]
    Prc  [0.907, 0.097, 0.051]
    AccC [0.126, 0.653, 0.344]
✔ Saved improved model → general_dice_uxb_svy_100_slrm_segformer_b0_best.pth
[051/100] train_loss=0.926 train_acc=0.189 | val_loss=0.916 val_acc=0.195 | head_lr=5.00e-04 | enc_lr=1.00e-04
    IoU  [0.125, 0.098, 0.046]
    F1   [0.222, 0.178, 0.088]
    Rcl  [0.127, 0.758, 0.204]
    Prc  [0.909, 0.101, 0.056]
    AccC [0.127, 0.758, 0.204]
[052/100] train_loss=0.913 train_acc=0.199 | val_loss=0.941 val_acc=0.196 | head_lr=5.00e-04 | enc_lr=1.00e-04
    IoU  [0.119, 0.104, 0.024]
    F1   [0.213, 0.188, 0.046]
    Rcl  [0.120, 0.861, 0.052]
    Prc  [0.908, 0.106, 0.042]
    AccC [0.120, 0.861, 0.052]
[053/100] train_loss=0.920 train_acc=0.193 | val_loss=0.921 val_acc=0.180 | head_lr=5.00e-04 | enc_lr=1.00e-04
    IoU  [0.117, 0.094, 0.041]
    F1   [0.209, 0.172, 0.079]
    Rcl  [0.118, 0.656, 0.332]
    Prc  [0.915, 0.099, 0.045]
    AccC [0.118, 0.656, 0.332]
[054/100] train_loss=0.921 train_acc=0.185 | val_loss=0.920 val_acc=0.192 | head_lr=5.00e-04 | enc_lr=1.00e-04
    IoU  [0.122, 0.099, 0.042]
    F1   [0.217, 0.180, 0.082]
    Rcl  [0.123, 0.761, 0.203]
    Prc  [0.912, 0.102, 0.051]
    AccC [0.123, 0.761, 0.203]
[055/100] train_loss=0.916 train_acc=0.195 | val_loss=0.919 val_acc=0.196 | head_lr=5.00e-04 | enc_lr=1.00e-04
    IoU  [0.122, 0.102, 0.044]
    F1   [0.217, 0.185, 0.084]
    Rcl  [0.123, 0.820, 0.140]
    Prc  [0.909, 0.104, 0.060]
    AccC [0.123, 0.820, 0.140]
[056/100] train_loss=0.920 train_acc=0.191 | val_loss=0.913 val_acc=0.184 | head_lr=5.00e-04 | enc_lr=1.00e-04
    IoU  [0.111, 0.099, 0.048]
    F1   [0.199, 0.180, 0.092]
    Rcl  [0.112, 0.783, 0.199]
    Prc  [0.911, 0.102, 0.060]
    AccC [0.112, 0.783, 0.199]
✔ Saved improved model → general_dice_uxb_svy_100_slrm_segformer_b0_best.pth
[057/100] train_loss=0.921 train_acc=0.188 | val_loss=0.911 val_acc=0.191 | head_lr=5.00e-04 | enc_lr=1.00e-04
    IoU  [0.116, 0.100, 0.053]
    F1   [0.208, 0.183, 0.101]
    Rcl  [0.118, 0.807, 0.181]
    Prc  [0.909, 0.103, 0.070]
    AccC [0.118, 0.807, 0.181]
✔ Saved improved model → general_dice_uxb_svy_100_slrm_segformer_b0_best.pth
[058/100] train_loss=0.918 train_acc=0.189 | val_loss=0.914 val_acc=0.193 | head_lr=5.00e-04 | enc_lr=1.00e-04
    IoU  [0.123, 0.098, 0.046]
    F1   [0.218, 0.179, 0.088]
    Rcl  [0.124, 0.762, 0.207]
    Prc  [0.910, 0.101, 0.056]
    AccC [0.124, 0.762, 0.207]
[059/100] train_loss=0.921 train_acc=0.195 | val_loss=0.915 val_acc=0.195 | head_lr=5.00e-04 | enc_lr=1.00e-04
    IoU  [0.122, 0.100, 0.047]
    F1   [0.217, 0.182, 0.090]
    Rcl  [0.123, 0.795, 0.177]
    Prc  [0.911, 0.103, 0.061]
    AccC [0.123, 0.795, 0.177]
[060/100] train_loss=0.923 train_acc=0.193 | val_loss=0.923 val_acc=0.205 | head_lr=5.00e-04 | enc_lr=1.00e-04
    IoU  [0.129, 0.104, 0.038]
    F1   [0.229, 0.188, 0.073]
    Rcl  [0.131, 0.845, 0.093]
    Prc  [0.909, 0.106, 0.060]
    AccC [0.131, 0.845, 0.093]
[061/100] train_loss=0.924 train_acc=0.202 | val_loss=0.910 val_acc=0.210 | head_lr=5.00e-04 | enc_lr=1.00e-04
    IoU  [0.142, 0.098, 0.052]
    F1   [0.249, 0.179, 0.099]
    Rcl  [0.144, 0.756, 0.202]
    Prc  [0.907, 0.101, 0.065]
    AccC [0.144, 0.756, 0.202]
✔ Saved improved model → general_dice_uxb_svy_100_slrm_segformer_b0_best.pth
[062/100] train_loss=0.917 train_acc=0.203 | val_loss=0.923 val_acc=0.209 | head_lr=5.00e-04 | enc_lr=1.00e-04
    IoU  [0.136, 0.103, 0.038]
    F1   [0.239, 0.186, 0.074]
    Rcl  [0.138, 0.822, 0.108]
    Prc  [0.910, 0.105, 0.056]
    AccC [0.138, 0.822, 0.108]
[063/100] train_loss=0.913 train_acc=0.206 | val_loss=0.913 val_acc=0.209 | head_lr=5.00e-04 | enc_lr=1.00e-04
    IoU  [0.147, 0.096, 0.048]
    F1   [0.256, 0.175, 0.092]
    Rcl  [0.149, 0.688, 0.291]
    Prc  [0.912, 0.100, 0.054]
    AccC [0.149, 0.688, 0.291]
[064/100] train_loss=0.919 train_acc=0.216 | val_loss=0.916 val_acc=0.211 | head_lr=5.00e-04 | enc_lr=1.00e-04
    IoU  [0.143, 0.100, 0.047]
    F1   [0.250, 0.182, 0.090]
    Rcl  [0.145, 0.770, 0.189]
    Prc  [0.913, 0.103, 0.059]
    AccC [0.145, 0.770, 0.189]
[065/100] train_loss=0.911 train_acc=0.219 | val_loss=0.911 val_acc=0.229 | head_lr=5.00e-04 | enc_lr=1.00e-04
    IoU  [0.162, 0.101, 0.054]
    F1   [0.279, 0.184, 0.102]
    Rcl  [0.165, 0.774, 0.183]
    Prc  [0.910, 0.104, 0.071]
    AccC [0.165, 0.774, 0.183]
[066/100] train_loss=0.917 train_acc=0.230 | val_loss=0.910 val_acc=0.227 | head_lr=5.00e-04 | enc_lr=1.00e-04
    IoU  [0.164, 0.099, 0.052]
    F1   [0.282, 0.180, 0.099]
    Rcl  [0.167, 0.726, 0.242]
    Prc  [0.909, 0.103, 0.062]
    AccC [0.167, 0.726, 0.242]
[067/100] train_loss=0.901 train_acc=0.227 | val_loss=0.926 val_acc=0.234 | head_lr=5.00e-04 | enc_lr=1.00e-04
    IoU  [0.162, 0.106, 0.035]
    F1   [0.278, 0.192, 0.068]
    Rcl  [0.164, 0.852, 0.060]
    Prc  [0.906, 0.108, 0.079]
    AccC [0.164, 0.852, 0.060]
[068/100] train_loss=0.914 train_acc=0.244 | val_loss=0.915 val_acc=0.247 | head_lr=5.00e-04 | enc_lr=1.00e-04
    IoU  [0.188, 0.100, 0.047]
    F1   [0.317, 0.182, 0.089]
    Rcl  [0.192, 0.711, 0.219]
    Prc  [0.906, 0.104, 0.056]
    AccC [0.192, 0.711, 0.219]
[069/100] train_loss=0.935 train_acc=0.242 | val_loss=0.931 val_acc=0.231 | head_lr=5.00e-04 | enc_lr=1.00e-04
    IoU  [0.167, 0.104, 0.031]
    F1   [0.286, 0.188, 0.061]
    Rcl  [0.170, 0.770, 0.132]
    Prc  [0.912, 0.107, 0.039]
    AccC [0.170, 0.770, 0.132]
[070/100] train_loss=0.916 train_acc=0.245 | val_loss=0.915 val_acc=0.250 | head_lr=5.00e-04 | enc_lr=1.00e-04
    IoU  [0.191, 0.101, 0.048]
    F1   [0.320, 0.184, 0.092]
    Rcl  [0.194, 0.727, 0.208]
    Prc  [0.910, 0.105, 0.059]
    AccC [0.194, 0.727, 0.208]
[071/100] train_loss=0.920 train_acc=0.238 | val_loss=0.922 val_acc=0.247 | head_lr=5.00e-04 | enc_lr=1.00e-04
    IoU  [0.181, 0.105, 0.040]
    F1   [0.307, 0.190, 0.076]
    Rcl  [0.184, 0.799, 0.111]
    Prc  [0.910, 0.108, 0.058]
    AccC [0.184, 0.799, 0.111]
[072/100] train_loss=0.919 train_acc=0.237 | val_loss=0.911 val_acc=0.237 | head_lr=5.00e-04 | enc_lr=1.00e-04
    IoU  [0.172, 0.102, 0.052]
    F1   [0.293, 0.185, 0.100]
    Rcl  [0.175, 0.771, 0.180]
    Prc  [0.910, 0.105, 0.069]
    AccC [0.175, 0.771, 0.180]
[073/100] train_loss=0.912 train_acc=0.237 | val_loss=0.917 val_acc=0.241 | head_lr=5.00e-04 | enc_lr=1.00e-04
    IoU  [0.183, 0.100, 0.044]
    F1   [0.309, 0.182, 0.085]
    Rcl  [0.186, 0.692, 0.257]
    Prc  [0.914, 0.105, 0.051]
    AccC [0.186, 0.692, 0.257]
[074/100] train_loss=0.925 train_acc=0.243 | val_loss=0.913 val_acc=0.239 | head_lr=5.00e-04 | enc_lr=1.00e-04
    IoU  [0.178, 0.101, 0.048]
    F1   [0.302, 0.184, 0.092]
    Rcl  [0.181, 0.727, 0.235]
    Prc  [0.913, 0.105, 0.057]
    AccC [0.181, 0.727, 0.235]
[075/100] train_loss=0.913 train_acc=0.248 | val_loss=0.949 val_acc=0.254 | head_lr=5.00e-04 | enc_lr=1.00e-04
    IoU  [0.185, 0.108, 0.022]
    F1   [0.313, 0.195, 0.042]
    Rcl  [0.189, 0.851, 0.031]
    Prc  [0.908, 0.110, 0.069]
    AccC [0.189, 0.851, 0.031]
[076/100] train_loss=0.913 train_acc=0.262 | val_loss=0.912 val_acc=0.248 | head_lr=5.00e-04 | enc_lr=1.00e-04
    IoU  [0.196, 0.096, 0.048]
    F1   [0.327, 0.175, 0.092]
    Rcl  [0.199, 0.633, 0.322]
    Prc  [0.914, 0.101, 0.053]
    AccC [0.199, 0.633, 0.322]
[077/100] train_loss=0.912 train_acc=0.256 | val_loss=0.907 val_acc=0.249 | head_lr=5.00e-04 | enc_lr=1.00e-04
    IoU  [0.190, 0.099, 0.055]
    F1   [0.320, 0.181, 0.103]
    Rcl  [0.194, 0.707, 0.253]
    Prc  [0.914, 0.104, 0.065]
    AccC [0.194, 0.707, 0.253]
✔ Saved improved model → general_dice_uxb_svy_100_slrm_segformer_b0_best.pth
[078/100] train_loss=0.914 train_acc=0.266 | val_loss=0.933 val_acc=0.263 | head_lr=5.00e-04 | enc_lr=1.00e-04
    IoU  [0.198, 0.108, 0.031]
    F1   [0.331, 0.194, 0.059]
    Rcl  [0.202, 0.814, 0.070]
    Prc  [0.911, 0.110, 0.052]
    AccC [0.202, 0.814, 0.070]
[079/100] train_loss=0.913 train_acc=0.275 | val_loss=0.928 val_acc=0.278 | head_lr=5.00e-04 | enc_lr=1.00e-04
    IoU  [0.218, 0.106, 0.033]
    F1   [0.358, 0.192, 0.064]
    Rcl  [0.223, 0.789, 0.074]
    Prc  [0.909, 0.110, 0.056]
    AccC [0.223, 0.789, 0.074]
[080/100] train_loss=0.909 train_acc=0.288 | val_loss=0.909 val_acc=0.296 | head_lr=5.00e-04 | enc_lr=1.00e-04
    IoU  [0.246, 0.101, 0.052]
    F1   [0.395, 0.183, 0.099]
    Rcl  [0.252, 0.670, 0.234]
    Prc  [0.907, 0.106, 0.063]
    AccC [0.252, 0.670, 0.234]
[081/100] train_loss=0.908 train_acc=0.292 | val_loss=0.913 val_acc=0.272 | head_lr=5.00e-04 | enc_lr=1.00e-04
    IoU  [0.213, 0.105, 0.049]
    F1   [0.351, 0.190, 0.093]
    Rcl  [0.217, 0.762, 0.156]
    Prc  [0.913, 0.109, 0.066]
    AccC [0.217, 0.762, 0.156]
[082/100] train_loss=0.911 train_acc=0.298 | val_loss=0.915 val_acc=0.270 | head_lr=5.00e-04 | enc_lr=1.00e-04
    IoU  [0.208, 0.106, 0.044]
    F1   [0.345, 0.192, 0.084]
    Rcl  [0.212, 0.785, 0.122]
    Prc  [0.913, 0.110, 0.064]
    AccC [0.212, 0.785, 0.122]
[083/100] train_loss=0.921 train_acc=0.289 | val_loss=0.914 val_acc=0.290 | head_lr=5.00e-04 | enc_lr=1.00e-04
    IoU  [0.241, 0.101, 0.047]
    F1   [0.389, 0.183, 0.091]
    Rcl  [0.247, 0.660, 0.248]
    Prc  [0.911, 0.106, 0.055]
    AccC [0.247, 0.660, 0.248]
[084/100] train_loss=0.915 train_acc=0.306 | val_loss=0.927 val_acc=0.309 | head_lr=5.00e-04 | enc_lr=1.00e-04
    IoU  [0.255, 0.108, 0.034]
    F1   [0.407, 0.194, 0.066]
    Rcl  [0.262, 0.752, 0.089]
    Prc  [0.909, 0.112, 0.053]
    AccC [0.262, 0.752, 0.089]
[085/100] train_loss=0.910 train_acc=0.306 | val_loss=0.903 val_acc=0.296 | head_lr=5.00e-04 | enc_lr=1.00e-04
    IoU  [0.242, 0.103, 0.061]
    F1   [0.390, 0.186, 0.114]
    Rcl  [0.248, 0.716, 0.195]
    Prc  [0.909, 0.107, 0.081]
    AccC [0.248, 0.716, 0.195]
✔ Saved improved model → general_dice_uxb_svy_100_slrm_segformer_b0_best.pth
[086/100] train_loss=0.914 train_acc=0.292 | val_loss=0.929 val_acc=0.281 | head_lr=5.00e-04 | enc_lr=1.00e-04
    IoU  [0.219, 0.109, 0.035]
    F1   [0.360, 0.196, 0.068]
    Rcl  [0.224, 0.806, 0.073]
    Prc  [0.912, 0.112, 0.064]
    AccC [0.224, 0.806, 0.073]
[087/100] train_loss=0.909 train_acc=0.299 | val_loss=0.906 val_acc=0.307 | head_lr=5.00e-04 | enc_lr=1.00e-04
    IoU  [0.260, 0.099, 0.055]
    F1   [0.413, 0.181, 0.104]
    Rcl  [0.267, 0.652, 0.243]
    Prc  [0.909, 0.105, 0.066]
    AccC [0.267, 0.652, 0.243]
[088/100] train_loss=0.911 train_acc=0.301 | val_loss=0.957 val_acc=0.275 | head_lr=5.00e-04 | enc_lr=1.00e-04
    IoU  [0.210, 0.110, 0.014]
    F1   [0.347, 0.199, 0.027]
    Rcl  [0.214, 0.842, 0.020]
    Prc  [0.914, 0.113, 0.041]
    AccC [0.214, 0.842, 0.020]
[089/100] train_loss=0.917 train_acc=0.287 | val_loss=0.905 val_acc=0.287 | head_lr=5.00e-04 | enc_lr=1.00e-04
    IoU  [0.231, 0.104, 0.057]
    F1   [0.375, 0.189, 0.107]
    Rcl  [0.236, 0.742, 0.176]
    Prc  [0.912, 0.108, 0.077]
    AccC [0.236, 0.742, 0.176]
[090/100] train_loss=0.910 train_acc=0.284 | val_loss=0.908 val_acc=0.299 | head_lr=5.00e-04 | enc_lr=1.00e-04
    IoU  [0.247, 0.103, 0.054]
    F1   [0.396, 0.188, 0.103]
    Rcl  [0.253, 0.701, 0.213]
    Prc  [0.911, 0.108, 0.068]
    AccC [0.253, 0.701, 0.213]
[091/100] train_loss=0.906 train_acc=0.306 | val_loss=0.906 val_acc=0.301 | head_lr=5.00e-04 | enc_lr=1.00e-04
    IoU  [0.259, 0.097, 0.051]
    F1   [0.411, 0.177, 0.097]
    Rcl  [0.266, 0.593, 0.333]
    Prc  [0.911, 0.104, 0.057]
    AccC [0.266, 0.593, 0.333]
[092/100] train_loss=0.911 train_acc=0.313 | val_loss=0.907 val_acc=0.310 | head_lr=5.00e-04 | enc_lr=1.00e-04
    IoU  [0.257, 0.105, 0.057]
    F1   [0.409, 0.190, 0.107]
    Rcl  [0.264, 0.725, 0.170]
    Prc  [0.909, 0.110, 0.078]
    AccC [0.264, 0.725, 0.170]
[093/100] train_loss=0.910 train_acc=0.318 | val_loss=0.916 val_acc=0.317 | head_lr=5.00e-04 | enc_lr=1.00e-04
    IoU  [0.265, 0.108, 0.048]
    F1   [0.418, 0.195, 0.091]
    Rcl  [0.272, 0.745, 0.122]
    Prc  [0.909, 0.112, 0.072]
    AccC [0.272, 0.745, 0.122]
[094/100] train_loss=0.903 train_acc=0.326 | val_loss=0.929 val_acc=0.324 | head_lr=5.00e-04 | enc_lr=1.00e-04
    IoU  [0.271, 0.109, 0.035]
    F1   [0.426, 0.196, 0.068]
    Rcl  [0.279, 0.761, 0.069]
    Prc  [0.908, 0.113, 0.067]
    AccC [0.279, 0.761, 0.069]
[095/100] train_loss=0.914 train_acc=0.333 | val_loss=0.906 val_acc=0.323 | head_lr=5.00e-04 | enc_lr=1.00e-04
    IoU  [0.276, 0.104, 0.056]
    F1   [0.432, 0.188, 0.107]
    Rcl  [0.283, 0.688, 0.198]
    Prc  [0.910, 0.109, 0.073]
    AccC [0.283, 0.688, 0.198]
[096/100] train_loss=0.913 train_acc=0.337 | val_loss=0.917 val_acc=0.331 | head_lr=5.00e-04 | enc_lr=1.00e-04
    IoU  [0.279, 0.109, 0.048]
    F1   [0.436, 0.197, 0.092]
    Rcl  [0.287, 0.748, 0.109]
    Prc  [0.909, 0.113, 0.080]
    AccC [0.287, 0.748, 0.109]
[097/100] train_loss=0.912 train_acc=0.339 | val_loss=0.911 val_acc=0.345 | head_lr=5.00e-04 | enc_lr=1.00e-04
    IoU  [0.302, 0.105, 0.052]
    F1   [0.463, 0.191, 0.099]
    Rcl  [0.311, 0.661, 0.206]
    Prc  [0.908, 0.111, 0.065]
    AccC [0.311, 0.661, 0.206]
[098/100] train_loss=0.911 train_acc=0.347 | val_loss=0.922 val_acc=0.342 | head_lr=5.00e-04 | enc_lr=1.00e-04
    IoU  [0.294, 0.110, 0.041]
    F1   [0.454, 0.198, 0.078]
    Rcl  [0.303, 0.729, 0.104]
    Prc  [0.909, 0.114, 0.063]
    AccC [0.303, 0.729, 0.104]
[099/100] train_loss=0.910 train_acc=0.349 | val_loss=0.911 val_acc=0.356 | head_lr=5.00e-04 | enc_lr=1.00e-04
    IoU  [0.317, 0.104, 0.050]
    F1   [0.481, 0.189, 0.096]
    Rcl  [0.327, 0.636, 0.208]
    Prc  [0.908, 0.111, 0.062]
    AccC [0.327, 0.636, 0.208]
[100/100] train_loss=0.899 train_acc=0.374 | val_loss=0.902 val_acc=0.365 | head_lr=5.00e-04 | enc_lr=1.00e-04
    IoU  [0.327, 0.104, 0.058]
    F1   [0.492, 0.188, 0.109]
    Rcl  [0.338, 0.631, 0.220]
    Prc  [0.909, 0.110, 0.073]
    AccC [0.338, 0.631, 0.220]
✔ Saved improved model → general_dice_uxb_svy_100_slrm_segformer_b0_best.pth
