Some weights of SegformerForSemanticSegmentation were not initialized from the model checkpoint at nvidia/segformer-b0-finetuned-ade-512-512 and are newly initialized because the shapes did not match:
- decode_head.classifier.weight: found shape torch.Size([150, 256, 1, 1]) in the checkpoint and torch.Size([3, 256, 1, 1]) in the model instantiated
- decode_head.classifier.bias: found shape torch.Size([150]) in the checkpoint and torch.Size([3]) in the model instantiated
You should probably TRAIN this model on a down-stream task to be able to use it for predictions and inference.
/work/archcomplab/yorazov2/Swin3DEnv/lib/python3.9/site-packages/torch/optim/lr_scheduler.py:143: UserWarning: Detected call of `lr_scheduler.step()` before `optimizer.step()`. In PyTorch 1.1.0 and later, you should call them in the opposite order: `optimizer.step()` before `lr_scheduler.step()`.  Failure to do this will result in PyTorch skipping the first value of the learning rate schedule. See more details at https://pytorch.org/docs/stable/optim.html#how-to-adjust-learning-rate
  warnings.warn("Detected call of `lr_scheduler.step()` before `optimizer.step()`. "
/work/archcomplab/yorazov2/Swin3DEnv/lib/python3.9/site-packages/torch/nn/modules/conv.py:456: UserWarning: Applied workaround for CuDNN issue, install nvrtc.so (Triggered internally at ../aten/src/ATen/native/cudnn/Conv_v8.cpp:80.)
  return F.conv2d(input, weight, bias, self.stride,
[001/100] train_loss=1.912 train_acc=0.240 | val_loss=1.880 val_acc=0.273 | head_lr=5.10e-05
    IoU  [0.275, 0.045, 0.031]
    F1   [0.432, 0.087, 0.060]
    Rcl  [0.284, 0.059, 0.774]
    Prc  [0.896, 0.164, 0.031]
    AccC [0.284, 0.059, 0.774]
✔ Saved improved model → Swin2DDice+CrossEntropy_uxb_tpi_clr_segformer_b0_best.pth
[002/100] train_loss=1.846 train_acc=0.442 | val_loss=1.797 val_acc=0.596 | head_lr=1.01e-04
    IoU  [0.611, 0.103, 0.051]
    F1   [0.759, 0.187, 0.097]
    Rcl  [0.652, 0.188, 0.519]
    Prc  [0.908, 0.185, 0.054]
    AccC [0.652, 0.188, 0.519]
✔ Saved improved model → Swin2DDice+CrossEntropy_uxb_tpi_clr_segformer_b0_best.pth
[003/100] train_loss=1.788 train_acc=0.644 | val_loss=1.730 val_acc=0.745 | head_lr=1.51e-04
    IoU  [0.755, 0.133, 0.095]
    F1   [0.861, 0.235, 0.174]
    Rcl  [0.822, 0.253, 0.364]
    Prc  [0.904, 0.220, 0.114]
    AccC [0.822, 0.253, 0.364]
✔ Saved improved model → Swin2DDice+CrossEntropy_uxb_tpi_clr_segformer_b0_best.pth
[004/100] train_loss=1.713 train_acc=0.711 | val_loss=1.651 val_acc=0.757 | head_lr=2.01e-04
    IoU  [0.774, 0.132, 0.117]
    F1   [0.873, 0.233, 0.209]
    Rcl  [0.835, 0.225, 0.522]
    Prc  [0.914, 0.241, 0.131]
    AccC [0.835, 0.225, 0.522]
✔ Saved improved model → Swin2DDice+CrossEntropy_uxb_tpi_clr_segformer_b0_best.pth
[005/100] train_loss=1.640 train_acc=0.732 | val_loss=1.572 val_acc=0.756 | head_lr=2.51e-04
    IoU  [0.771, 0.168, 0.131]
    F1   [0.871, 0.288, 0.231]
    Rcl  [0.819, 0.323, 0.544]
    Prc  [0.930, 0.260, 0.147]
    AccC [0.819, 0.323, 0.544]
✔ Saved improved model → Swin2DDice+CrossEntropy_uxb_tpi_clr_segformer_b0_best.pth
[006/100] train_loss=1.561 train_acc=0.745 | val_loss=1.497 val_acc=0.769 | head_lr=3.01e-04
    IoU  [0.785, 0.185, 0.147]
    F1   [0.880, 0.312, 0.256]
    Rcl  [0.830, 0.351, 0.569]
    Prc  [0.935, 0.280, 0.165]
    AccC [0.830, 0.351, 0.569]
✔ Saved improved model → Swin2DDice+CrossEntropy_uxb_tpi_clr_segformer_b0_best.pth
[007/100] train_loss=1.507 train_acc=0.749 | val_loss=1.443 val_acc=0.750 | head_lr=3.51e-04
    IoU  [0.764, 0.196, 0.148]
    F1   [0.866, 0.328, 0.257]
    Rcl  [0.799, 0.406, 0.630]
    Prc  [0.946, 0.275, 0.162]
    AccC [0.799, 0.406, 0.630]
✔ Saved improved model → Swin2DDice+CrossEntropy_uxb_tpi_clr_segformer_b0_best.pth
[008/100] train_loss=1.453 train_acc=0.746 | val_loss=1.407 val_acc=0.756 | head_lr=4.01e-04
    IoU  [0.765, 0.220, 0.164]
    F1   [0.867, 0.361, 0.281]
    Rcl  [0.796, 0.492, 0.576]
    Prc  [0.951, 0.285, 0.186]
    AccC [0.796, 0.492, 0.576]
✔ Saved improved model → Swin2DDice+CrossEntropy_uxb_tpi_clr_segformer_b0_best.pth
[009/100] train_loss=1.423 train_acc=0.745 | val_loss=1.376 val_acc=0.736 | head_lr=4.51e-04
    IoU  [0.744, 0.219, 0.162]
    F1   [0.853, 0.360, 0.278]
    Rcl  [0.767, 0.513, 0.668]
    Prc  [0.961, 0.277, 0.176]
    AccC [0.767, 0.513, 0.668]
✔ Saved improved model → Swin2DDice+CrossEntropy_uxb_tpi_clr_segformer_b0_best.pth
[010/100] train_loss=1.392 train_acc=0.748 | val_loss=1.351 val_acc=0.776 | head_lr=5.01e-04
    IoU  [0.787, 0.242, 0.176]
    F1   [0.881, 0.390, 0.300]
    Rcl  [0.818, 0.501, 0.620]
    Prc  [0.954, 0.319, 0.198]
    AccC [0.818, 0.501, 0.620]
✔ Saved improved model → Swin2DDice+CrossEntropy_uxb_tpi_clr_segformer_b0_best.pth
[011/100] train_loss=1.372 train_acc=0.762 | val_loss=1.333 val_acc=0.751 | head_lr=5.50e-04
    IoU  [0.755, 0.249, 0.176]
    F1   [0.860, 0.399, 0.299]
    Rcl  [0.775, 0.594, 0.624]
    Prc  [0.966, 0.301, 0.197]
    AccC [0.775, 0.594, 0.624]
✔ Saved improved model → Swin2DDice+CrossEntropy_uxb_tpi_clr_segformer_b0_best.pth
[012/100] train_loss=1.341 train_acc=0.769 | val_loss=1.312 val_acc=0.761 | head_lr=6.00e-04
    IoU  [0.766, 0.260, 0.182]
    F1   [0.868, 0.413, 0.307]
    Rcl  [0.786, 0.602, 0.624]
    Prc  [0.967, 0.314, 0.204]
    AccC [0.786, 0.602, 0.624]
✔ Saved improved model → Swin2DDice+CrossEntropy_uxb_tpi_clr_segformer_b0_best.pth
[013/100] train_loss=1.328 train_acc=0.765 | val_loss=1.298 val_acc=0.788 | head_lr=6.50e-04
    IoU  [0.794, 0.279, 0.195]
    F1   [0.885, 0.436, 0.327]
    Rcl  [0.819, 0.600, 0.582]
    Prc  [0.963, 0.343, 0.227]
    AccC [0.819, 0.600, 0.582]
✔ Saved improved model → Swin2DDice+CrossEntropy_uxb_tpi_clr_segformer_b0_best.pth
[014/100] train_loss=1.306 train_acc=0.777 | val_loss=1.284 val_acc=0.788 | head_lr=7.00e-04
    IoU  [0.798, 0.274, 0.185]
    F1   [0.887, 0.431, 0.312]
    Rcl  [0.823, 0.552, 0.660]
    Prc  [0.963, 0.353, 0.204]
    AccC [0.823, 0.552, 0.660]
✔ Saved improved model → Swin2DDice+CrossEntropy_uxb_tpi_clr_segformer_b0_best.pth
[015/100] train_loss=1.301 train_acc=0.784 | val_loss=1.267 val_acc=0.791 | head_lr=7.50e-04
    IoU  [0.800, 0.283, 0.188]
    F1   [0.889, 0.441, 0.316]
    Rcl  [0.824, 0.571, 0.653]
    Prc  [0.965, 0.359, 0.209]
    AccC [0.824, 0.571, 0.653]
✔ Saved improved model → Swin2DDice+CrossEntropy_uxb_tpi_clr_segformer_b0_best.pth
[016/100] train_loss=1.275 train_acc=0.778 | val_loss=1.270 val_acc=0.768 | head_lr=8.00e-04
    IoU  [0.770, 0.284, 0.190]
    F1   [0.870, 0.442, 0.319]
    Rcl  [0.786, 0.664, 0.619]
    Prc  [0.973, 0.331, 0.215]
    AccC [0.786, 0.664, 0.619]
[017/100] train_loss=1.271 train_acc=0.788 | val_loss=1.257 val_acc=0.778 | head_lr=8.50e-04
    IoU  [0.779, 0.292, 0.203]
    F1   [0.876, 0.452, 0.337]
    Rcl  [0.797, 0.679, 0.595]
    Prc  [0.972, 0.339, 0.235]
    AccC [0.797, 0.679, 0.595]
✔ Saved improved model → Swin2DDice+CrossEntropy_uxb_tpi_clr_segformer_b0_best.pth
[018/100] train_loss=1.259 train_acc=0.791 | val_loss=1.236 val_acc=0.794 | head_lr=9.00e-04
    IoU  [0.802, 0.300, 0.194]
    F1   [0.890, 0.461, 0.325]
    Rcl  [0.823, 0.606, 0.673]
    Prc  [0.970, 0.372, 0.214]
    AccC [0.823, 0.606, 0.673]
✔ Saved improved model → Swin2DDice+CrossEntropy_uxb_tpi_clr_segformer_b0_best.pth
[019/100] train_loss=1.248 train_acc=0.790 | val_loss=1.240 val_acc=0.814 | head_lr=9.50e-04
    IoU  [0.827, 0.299, 0.195]
    F1   [0.905, 0.461, 0.327]
    Rcl  [0.855, 0.533, 0.684]
    Prc  [0.962, 0.406, 0.215]
    AccC [0.855, 0.533, 0.684]
[020/100] train_loss=1.232 train_acc=0.795 | val_loss=1.229 val_acc=0.773 | head_lr=1.00e-03
    IoU  [0.773, 0.296, 0.206]
    F1   [0.872, 0.457, 0.341]
    Rcl  [0.787, 0.704, 0.627]
    Prc  [0.978, 0.338, 0.235]
    AccC [0.787, 0.704, 0.627]
✔ Saved improved model → Swin2DDice+CrossEntropy_uxb_tpi_clr_segformer_b0_best.pth
→ Unfroze encoder stage at epoch 21
[021/100] train_loss=1.240 train_acc=0.795 | val_loss=1.228 val_acc=0.776 | head_lr=1.00e-03 | enc_lr=5.95e-06
    IoU  [0.778, 0.294, 0.205]
    F1   [0.875, 0.455, 0.340]
    Rcl  [0.793, 0.682, 0.634]
    Prc  [0.976, 0.341, 0.233]
    AccC [0.793, 0.682, 0.634]
✔ Saved improved model → Swin2DDice+CrossEntropy_uxb_tpi_clr_segformer_b0_best.pth
[022/100] train_loss=1.222 train_acc=0.798 | val_loss=1.198 val_acc=0.796 | head_lr=1.00e-03 | enc_lr=1.09e-05
    IoU  [0.806, 0.304, 0.202]
    F1   [0.892, 0.466, 0.336]
    Rcl  [0.823, 0.611, 0.715]
    Prc  [0.974, 0.376, 0.220]
    AccC [0.823, 0.611, 0.715]
✔ Saved improved model → Swin2DDice+CrossEntropy_uxb_tpi_clr_segformer_b0_best.pth
[023/100] train_loss=1.212 train_acc=0.803 | val_loss=1.199 val_acc=0.811 | head_lr=1.00e-03 | enc_lr=1.58e-05
    IoU  [0.819, 0.316, 0.209]
    F1   [0.901, 0.481, 0.346]
    Rcl  [0.841, 0.610, 0.676]
    Prc  [0.969, 0.396, 0.233]
    AccC [0.841, 0.610, 0.676]
[024/100] train_loss=1.220 train_acc=0.802 | val_loss=1.215 val_acc=0.839 | head_lr=1.00e-03 | enc_lr=2.08e-05
    IoU  [0.850, 0.332, 0.227]
    F1   [0.919, 0.498, 0.370]
    Rcl  [0.882, 0.559, 0.646]
    Prc  [0.959, 0.450, 0.259]
    AccC [0.882, 0.559, 0.646]
[025/100] train_loss=1.195 train_acc=0.800 | val_loss=1.227 val_acc=0.751 | head_lr=1.00e-03 | enc_lr=2.58e-05
    IoU  [0.748, 0.285, 0.198]
    F1   [0.856, 0.444, 0.330]
    Rcl  [0.758, 0.721, 0.660]
    Prc  [0.982, 0.320, 0.220]
    AccC [0.758, 0.721, 0.660]
[026/100] train_loss=1.193 train_acc=0.810 | val_loss=1.179 val_acc=0.813 | head_lr=1.00e-03 | enc_lr=3.07e-05
    IoU  [0.819, 0.331, 0.220]
    F1   [0.900, 0.497, 0.361]
    Rcl  [0.837, 0.662, 0.662]
    Prc  [0.974, 0.398, 0.248]
    AccC [0.837, 0.662, 0.662]
✔ Saved improved model → Swin2DDice+CrossEntropy_uxb_tpi_clr_segformer_b0_best.pth
[027/100] train_loss=1.172 train_acc=0.812 | val_loss=1.173 val_acc=0.830 | head_lr=1.00e-03 | enc_lr=3.56e-05
    IoU  [0.844, 0.329, 0.211]
    F1   [0.915, 0.495, 0.348]
    Rcl  [0.869, 0.553, 0.726]
    Prc  [0.967, 0.448, 0.229]
    AccC [0.869, 0.553, 0.726]
✔ Saved improved model → Swin2DDice+CrossEntropy_uxb_tpi_clr_segformer_b0_best.pth
[028/100] train_loss=1.171 train_acc=0.817 | val_loss=1.164 val_acc=0.821 | head_lr=1.00e-03 | enc_lr=4.06e-05
    IoU  [0.829, 0.338, 0.222]
    F1   [0.907, 0.505, 0.364]
    Rcl  [0.849, 0.644, 0.674]
    Prc  [0.973, 0.415, 0.249]
    AccC [0.849, 0.644, 0.674]
✔ Saved improved model → Swin2DDice+CrossEntropy_uxb_tpi_clr_segformer_b0_best.pth
[029/100] train_loss=1.172 train_acc=0.815 | val_loss=1.164 val_acc=0.809 | head_lr=1.00e-03 | enc_lr=4.56e-05
    IoU  [0.813, 0.333, 0.225]
    F1   [0.897, 0.500, 0.367]
    Rcl  [0.829, 0.690, 0.658]
    Prc  [0.977, 0.392, 0.254]
    AccC [0.829, 0.690, 0.658]
✔ Saved improved model → Swin2DDice+CrossEntropy_uxb_tpi_clr_segformer_b0_best.pth
[030/100] train_loss=1.170 train_acc=0.812 | val_loss=1.163 val_acc=0.794 | head_lr=1.00e-03 | enc_lr=5.05e-05
    IoU  [0.796, 0.321, 0.225]
    F1   [0.886, 0.486, 0.367]
    Rcl  [0.809, 0.711, 0.671]
    Prc  [0.980, 0.369, 0.252]
    AccC [0.809, 0.711, 0.671]
✔ Saved improved model → Swin2DDice+CrossEntropy_uxb_tpi_clr_segformer_b0_best.pth
[031/100] train_loss=1.157 train_acc=0.817 | val_loss=1.159 val_acc=0.808 | head_lr=1.00e-03 | enc_lr=5.54e-05
    IoU  [0.808, 0.342, 0.245]
    F1   [0.894, 0.510, 0.393]
    Rcl  [0.821, 0.756, 0.617]
    Prc  [0.981, 0.385, 0.288]
    AccC [0.821, 0.756, 0.617]
✔ Saved improved model → Swin2DDice+CrossEntropy_uxb_tpi_clr_segformer_b0_best.pth
[032/100] train_loss=1.144 train_acc=0.819 | val_loss=1.144 val_acc=0.843 | head_lr=1.00e-03 | enc_lr=6.04e-05
    IoU  [0.852, 0.367, 0.239]
    F1   [0.920, 0.537, 0.386]
    Rcl  [0.876, 0.637, 0.669]
    Prc  [0.969, 0.464, 0.271]
    AccC [0.876, 0.637, 0.669]
✔ Saved improved model → Swin2DDice+CrossEntropy_uxb_tpi_clr_segformer_b0_best.pth
[033/100] train_loss=1.129 train_acc=0.827 | val_loss=1.139 val_acc=0.841 | head_lr=1.00e-03 | enc_lr=6.54e-05
    IoU  [0.848, 0.367, 0.247]
    F1   [0.918, 0.537, 0.397]
    Rcl  [0.870, 0.664, 0.656]
    Prc  [0.971, 0.450, 0.284]
    AccC [0.870, 0.664, 0.656]
✔ Saved improved model → Swin2DDice+CrossEntropy_uxb_tpi_clr_segformer_b0_best.pth
[034/100] train_loss=1.140 train_acc=0.819 | val_loss=1.139 val_acc=0.809 | head_lr=1.00e-03 | enc_lr=7.03e-05
    IoU  [0.810, 0.342, 0.245]
    F1   [0.895, 0.509, 0.393]
    Rcl  [0.822, 0.744, 0.649]
    Prc  [0.982, 0.387, 0.282]
    AccC [0.822, 0.744, 0.649]
✔ Saved improved model → Swin2DDice+CrossEntropy_uxb_tpi_clr_segformer_b0_best.pth
[035/100] train_loss=1.116 train_acc=0.832 | val_loss=1.129 val_acc=0.847 | head_lr=1.00e-03 | enc_lr=7.52e-05
    IoU  [0.852, 0.377, 0.269]
    F1   [0.920, 0.548, 0.424]
    Rcl  [0.874, 0.693, 0.630]
    Prc  [0.972, 0.453, 0.320]
    AccC [0.874, 0.693, 0.630]
✔ Saved improved model → Swin2DDice+CrossEntropy_uxb_tpi_clr_segformer_b0_best.pth
[036/100] train_loss=1.127 train_acc=0.826 | val_loss=1.133 val_acc=0.840 | head_lr=1.00e-03 | enc_lr=8.02e-05
    IoU  [0.852, 0.358, 0.230]
    F1   [0.920, 0.527, 0.373]
    Rcl  [0.874, 0.604, 0.724]
    Prc  [0.970, 0.467, 0.252]
    AccC [0.874, 0.604, 0.724]
[037/100] train_loss=1.122 train_acc=0.822 | val_loss=1.127 val_acc=0.811 | head_lr=1.00e-03 | enc_lr=8.51e-05
    IoU  [0.817, 0.340, 0.228]
    F1   [0.899, 0.507, 0.371]
    Rcl  [0.831, 0.688, 0.709]
    Prc  [0.980, 0.402, 0.251]
    AccC [0.831, 0.688, 0.709]
✔ Saved improved model → Swin2DDice+CrossEntropy_uxb_tpi_clr_segformer_b0_best.pth
[038/100] train_loss=1.096 train_acc=0.836 | val_loss=1.120 val_acc=0.855 | head_lr=1.00e-03 | enc_lr=9.01e-05
    IoU  [0.863, 0.384, 0.265]
    F1   [0.926, 0.555, 0.418]
    Rcl  [0.887, 0.659, 0.657]
    Prc  [0.970, 0.479, 0.307]
    AccC [0.887, 0.659, 0.657]
✔ Saved improved model → Swin2DDice+CrossEntropy_uxb_tpi_clr_segformer_b0_best.pth
[039/100] train_loss=1.092 train_acc=0.839 | val_loss=1.107 val_acc=0.841 | head_lr=1.00e-03 | enc_lr=9.51e-05
    IoU  [0.849, 0.367, 0.251]
    F1   [0.918, 0.537, 0.401]
    Rcl  [0.869, 0.661, 0.696]
    Prc  [0.974, 0.452, 0.282]
    AccC [0.869, 0.661, 0.696]
✔ Saved improved model → Swin2DDice+CrossEntropy_uxb_tpi_clr_segformer_b0_best.pth
[040/100] train_loss=1.102 train_acc=0.839 | val_loss=1.113 val_acc=0.835 | head_lr=1.00e-03 | enc_lr=1.00e-04
    IoU  [0.846, 0.358, 0.232]
    F1   [0.917, 0.527, 0.376]
    Rcl  [0.865, 0.631, 0.736]
    Prc  [0.975, 0.453, 0.253]
    AccC [0.865, 0.631, 0.736]
[041/100] train_loss=1.094 train_acc=0.833 | val_loss=1.111 val_acc=0.832 | head_lr=1.00e-03 | enc_lr=1.00e-04
    IoU  [0.835, 0.366, 0.266]
    F1   [0.910, 0.536, 0.420]
    Rcl  [0.851, 0.730, 0.647]
    Prc  [0.978, 0.424, 0.311]
    AccC [0.851, 0.730, 0.647]
[042/100] train_loss=1.081 train_acc=0.840 | val_loss=1.108 val_acc=0.840 | head_lr=1.00e-03 | enc_lr=1.00e-04
    IoU  [0.849, 0.375, 0.244]
    F1   [0.918, 0.545, 0.392]
    Rcl  [0.867, 0.677, 0.690]
    Prc  [0.976, 0.456, 0.274]
    AccC [0.867, 0.677, 0.690]
[043/100] train_loss=1.074 train_acc=0.842 | val_loss=1.111 val_acc=0.845 | head_lr=1.00e-03 | enc_lr=1.00e-04
    IoU  [0.853, 0.380, 0.251]
    F1   [0.921, 0.550, 0.402]
    Rcl  [0.874, 0.670, 0.687]
    Prc  [0.974, 0.467, 0.284]
    AccC [0.874, 0.670, 0.687]
[044/100] train_loss=1.073 train_acc=0.843 | val_loss=1.090 val_acc=0.845 | head_lr=1.00e-03 | enc_lr=1.00e-04
    IoU  [0.852, 0.382, 0.264]
    F1   [0.920, 0.553, 0.418]
    Rcl  [0.869, 0.701, 0.686]
    Prc  [0.978, 0.456, 0.301]
    AccC [0.869, 0.701, 0.686]
✔ Saved improved model → Swin2DDice+CrossEntropy_uxb_tpi_clr_segformer_b0_best.pth
[045/100] train_loss=1.072 train_acc=0.840 | val_loss=1.105 val_acc=0.845 | head_lr=1.00e-03 | enc_lr=1.00e-04
    IoU  [0.850, 0.391, 0.262]
    F1   [0.919, 0.562, 0.416]
    Rcl  [0.867, 0.732, 0.638]
    Prc  [0.978, 0.456, 0.308]
    AccC [0.867, 0.732, 0.638]
[046/100] train_loss=1.050 train_acc=0.849 | val_loss=1.082 val_acc=0.858 | head_lr=1.00e-03 | enc_lr=1.00e-04
    IoU  [0.869, 0.398, 0.259]
    F1   [0.930, 0.569, 0.411]
    Rcl  [0.890, 0.658, 0.708]
    Prc  [0.975, 0.502, 0.290]
    AccC [0.890, 0.658, 0.708]
✔ Saved improved model → Swin2DDice+CrossEntropy_uxb_tpi_clr_segformer_b0_best.pth
[047/100] train_loss=1.037 train_acc=0.851 | val_loss=1.084 val_acc=0.825 | head_lr=1.00e-03 | enc_lr=1.00e-04
    IoU  [0.828, 0.366, 0.260]
    F1   [0.906, 0.536, 0.412]
    Rcl  [0.840, 0.747, 0.685]
    Prc  [0.983, 0.418, 0.295]
    AccC [0.840, 0.747, 0.685]
[048/100] train_loss=1.033 train_acc=0.852 | val_loss=1.082 val_acc=0.863 | head_lr=1.00e-03 | enc_lr=1.00e-04
    IoU  [0.873, 0.406, 0.268]
    F1   [0.932, 0.578, 0.423]
    Rcl  [0.895, 0.657, 0.707]
    Prc  [0.972, 0.516, 0.302]
    AccC [0.895, 0.657, 0.707]
✔ Saved improved model → Swin2DDice+CrossEntropy_uxb_tpi_clr_segformer_b0_best.pth
[049/100] train_loss=1.043 train_acc=0.850 | val_loss=1.074 val_acc=0.872 | head_lr=1.00e-03 | enc_lr=1.00e-04
    IoU  [0.884, 0.417, 0.277]
    F1   [0.938, 0.589, 0.434]
    Rcl  [0.906, 0.649, 0.711]
    Prc  [0.972, 0.538, 0.313]
    AccC [0.906, 0.649, 0.711]
✔ Saved improved model → Swin2DDice+CrossEntropy_uxb_tpi_clr_segformer_b0_best.pth
[050/100] train_loss=1.036 train_acc=0.848 | val_loss=1.063 val_acc=0.855 | head_lr=1.00e-03 | enc_lr=1.00e-04
    IoU  [0.865, 0.403, 0.258]
    F1   [0.928, 0.575, 0.411]
    Rcl  [0.882, 0.685, 0.717]
    Prc  [0.979, 0.495, 0.288]
    AccC [0.882, 0.685, 0.717]
✔ Saved improved model → Swin2DDice+CrossEntropy_uxb_tpi_clr_segformer_b0_best.pth
[051/100] train_loss=1.024 train_acc=0.858 | val_loss=1.053 val_acc=0.862 | head_lr=1.00e-03 | enc_lr=1.00e-04
    IoU  [0.870, 0.416, 0.276]
    F1   [0.930, 0.587, 0.433]
    Rcl  [0.887, 0.709, 0.699]
    Prc  [0.979, 0.501, 0.313]
    AccC [0.887, 0.709, 0.699]
✔ Saved improved model → Swin2DDice+CrossEntropy_uxb_tpi_clr_segformer_b0_best.pth
[052/100] train_loss=1.024 train_acc=0.854 | val_loss=1.052 val_acc=0.860 | head_lr=1.00e-03 | enc_lr=1.00e-04
    IoU  [0.867, 0.411, 0.289]
    F1   [0.929, 0.583, 0.449]
    Rcl  [0.884, 0.722, 0.682]
    Prc  [0.978, 0.489, 0.334]
    AccC [0.884, 0.722, 0.682]
✔ Saved improved model → Swin2DDice+CrossEntropy_uxb_tpi_clr_segformer_b0_best.pth
[053/100] train_loss=1.001 train_acc=0.860 | val_loss=1.035 val_acc=0.853 | head_lr=1.00e-03 | enc_lr=1.00e-04
    IoU  [0.859, 0.401, 0.286]
    F1   [0.924, 0.573, 0.445]
    Rcl  [0.874, 0.727, 0.712]
    Prc  [0.981, 0.473, 0.323]
    AccC [0.874, 0.727, 0.712]
✔ Saved improved model → Swin2DDice+CrossEntropy_uxb_tpi_clr_segformer_b0_best.pth
[054/100] train_loss=1.021 train_acc=0.855 | val_loss=1.036 val_acc=0.862 | head_lr=1.00e-03 | enc_lr=1.00e-04
    IoU  [0.872, 0.413, 0.267]
    F1   [0.932, 0.584, 0.421]
    Rcl  [0.890, 0.678, 0.736]
    Prc  [0.978, 0.513, 0.295]
    AccC [0.890, 0.678, 0.736]
[055/100] train_loss=1.015 train_acc=0.854 | val_loss=1.052 val_acc=0.867 | head_lr=1.00e-03 | enc_lr=1.00e-04
    IoU  [0.874, 0.420, 0.293]
    F1   [0.933, 0.592, 0.453]
    Rcl  [0.894, 0.708, 0.684]
    Prc  [0.976, 0.508, 0.339]
    AccC [0.894, 0.708, 0.684]
[056/100] train_loss=0.999 train_acc=0.861 | val_loss=1.049 val_acc=0.857 | head_lr=1.00e-03 | enc_lr=1.00e-04
    IoU  [0.861, 0.412, 0.305]
    F1   [0.925, 0.583, 0.467]
    Rcl  [0.875, 0.768, 0.651]
    Prc  [0.981, 0.470, 0.364]
    AccC [0.875, 0.768, 0.651]
[057/100] train_loss=0.997 train_acc=0.863 | val_loss=1.031 val_acc=0.863 | head_lr=1.00e-03 | enc_lr=1.00e-04
    IoU  [0.874, 0.413, 0.272]
    F1   [0.933, 0.584, 0.428]
    Rcl  [0.892, 0.673, 0.753]
    Prc  [0.978, 0.516, 0.299]
    AccC [0.892, 0.673, 0.753]
✔ Saved improved model → Swin2DDice+CrossEntropy_uxb_tpi_clr_segformer_b0_best.pth
[058/100] train_loss=1.040 train_acc=0.852 | val_loss=1.056 val_acc=0.872 | head_lr=1.00e-03 | enc_lr=1.00e-04
    IoU  [0.880, 0.432, 0.291]
    F1   [0.936, 0.603, 0.451]
    Rcl  [0.899, 0.709, 0.680]
    Prc  [0.976, 0.525, 0.337]
    AccC [0.899, 0.709, 0.680]
[059/100] train_loss=0.988 train_acc=0.859 | val_loss=1.053 val_acc=0.820 | head_lr=1.00e-03 | enc_lr=1.00e-04
    IoU  [0.821, 0.368, 0.273]
    F1   [0.901, 0.538, 0.429]
    Rcl  [0.829, 0.781, 0.710]
    Prc  [0.988, 0.410, 0.307]
    AccC [0.829, 0.781, 0.710]
[060/100] train_loss=0.990 train_acc=0.865 | val_loss=1.047 val_acc=0.877 | head_lr=1.00e-03 | enc_lr=1.00e-04
    IoU  [0.885, 0.439, 0.314]
    F1   [0.939, 0.610, 0.477]
    Rcl  [0.904, 0.715, 0.688]
    Prc  [0.976, 0.532, 0.366]
    AccC [0.904, 0.715, 0.688]
[061/100] train_loss=0.978 train_acc=0.864 | val_loss=1.016 val_acc=0.880 | head_lr=1.00e-03 | enc_lr=1.00e-04
    IoU  [0.890, 0.443, 0.302]
    F1   [0.942, 0.614, 0.464]
    Rcl  [0.911, 0.683, 0.733]
    Prc  [0.976, 0.557, 0.340]
    AccC [0.911, 0.683, 0.733]
✔ Saved improved model → Swin2DDice+CrossEntropy_uxb_tpi_clr_segformer_b0_best.pth
[062/100] train_loss=0.976 train_acc=0.867 | val_loss=1.021 val_acc=0.878 | head_lr=1.00e-03 | enc_lr=1.00e-04
    IoU  [0.886, 0.444, 0.314]
    F1   [0.940, 0.615, 0.478]
    Rcl  [0.905, 0.718, 0.699]
    Prc  [0.977, 0.538, 0.363]
    AccC [0.905, 0.718, 0.699]
[063/100] train_loss=0.967 train_acc=0.865 | val_loss=1.023 val_acc=0.881 | head_lr=1.00e-03 | enc_lr=1.00e-04
    IoU  [0.890, 0.450, 0.310]
    F1   [0.942, 0.621, 0.473]
    Rcl  [0.909, 0.712, 0.708]
    Prc  [0.978, 0.551, 0.355]
    AccC [0.909, 0.712, 0.708]
[064/100] train_loss=0.989 train_acc=0.863 | val_loss=0.998 val_acc=0.872 | head_lr=1.00e-03 | enc_lr=1.00e-04
    IoU  [0.877, 0.436, 0.328]
    F1   [0.935, 0.608, 0.493]
    Rcl  [0.892, 0.757, 0.693]
    Prc  [0.981, 0.507, 0.383]
    AccC [0.892, 0.757, 0.693]
✔ Saved improved model → Swin2DDice+CrossEntropy_uxb_tpi_clr_segformer_b0_best.pth
[065/100] train_loss=0.966 train_acc=0.868 | val_loss=1.021 val_acc=0.871 | head_lr=1.00e-03 | enc_lr=1.00e-04
    IoU  [0.877, 0.444, 0.305]
    F1   [0.934, 0.615, 0.468]
    Rcl  [0.891, 0.763, 0.689]
    Prc  [0.983, 0.516, 0.354]
    AccC [0.891, 0.763, 0.689]
[066/100] train_loss=0.951 train_acc=0.873 | val_loss=0.997 val_acc=0.888 | head_lr=1.00e-03 | enc_lr=1.00e-04
    IoU  [0.899, 0.463, 0.313]
    F1   [0.947, 0.633, 0.476]
    Rcl  [0.919, 0.689, 0.734]
    Prc  [0.976, 0.585, 0.353]
    AccC [0.919, 0.689, 0.734]
✔ Saved improved model → Swin2DDice+CrossEntropy_uxb_tpi_clr_segformer_b0_best.pth
[067/100] train_loss=0.949 train_acc=0.873 | val_loss=0.999 val_acc=0.872 | head_lr=1.00e-03 | enc_lr=1.00e-04
    IoU  [0.881, 0.437, 0.305]
    F1   [0.937, 0.609, 0.468]
    Rcl  [0.896, 0.723, 0.733]
    Prc  [0.981, 0.525, 0.343]
    AccC [0.896, 0.723, 0.733]
[068/100] train_loss=0.943 train_acc=0.873 | val_loss=1.015 val_acc=0.882 | head_lr=1.00e-03 | enc_lr=1.00e-04
    IoU  [0.888, 0.463, 0.330]
    F1   [0.941, 0.633, 0.496]
    Rcl  [0.904, 0.769, 0.664]
    Prc  [0.981, 0.537, 0.396]
    AccC [0.904, 0.769, 0.664]
[069/100] train_loss=0.945 train_acc=0.875 | val_loss=0.985 val_acc=0.874 | head_lr=1.00e-03 | enc_lr=1.00e-04
    IoU  [0.882, 0.443, 0.306]
    F1   [0.937, 0.614, 0.469]
    Rcl  [0.897, 0.728, 0.742]
    Prc  [0.981, 0.531, 0.343]
    AccC [0.897, 0.728, 0.742]
✔ Saved improved model → Swin2DDice+CrossEntropy_uxb_tpi_clr_segformer_b0_best.pth
[070/100] train_loss=0.950 train_acc=0.871 | val_loss=1.001 val_acc=0.882 | head_lr=1.00e-03 | enc_lr=1.00e-04
    IoU  [0.888, 0.458, 0.344]
    F1   [0.941, 0.629, 0.511]
    Rcl  [0.905, 0.762, 0.666]
    Prc  [0.979, 0.535, 0.415]
    AccC [0.905, 0.762, 0.666]
[071/100] train_loss=0.938 train_acc=0.872 | val_loss=0.978 val_acc=0.868 | head_lr=1.00e-03 | enc_lr=1.00e-04
    IoU  [0.874, 0.437, 0.309]
    F1   [0.933, 0.609, 0.472]
    Rcl  [0.886, 0.761, 0.723]
    Prc  [0.984, 0.507, 0.351]
    AccC [0.886, 0.761, 0.723]
✔ Saved improved model → Swin2DDice+CrossEntropy_uxb_tpi_clr_segformer_b0_best.pth
[072/100] train_loss=0.944 train_acc=0.872 | val_loss=0.971 val_acc=0.892 | head_lr=1.00e-03 | enc_lr=1.00e-04
    IoU  [0.905, 0.468, 0.319]
    F1   [0.950, 0.638, 0.483]
    Rcl  [0.926, 0.669, 0.773]
    Prc  [0.976, 0.609, 0.352]
    AccC [0.926, 0.669, 0.773]
✔ Saved improved model → Swin2DDice+CrossEntropy_uxb_tpi_clr_segformer_b0_best.pth
[073/100] train_loss=0.935 train_acc=0.876 | val_loss=1.028 val_acc=0.890 | head_lr=1.00e-03 | enc_lr=1.00e-04
    IoU  [0.895, 0.473, 0.347]
    F1   [0.945, 0.643, 0.516]
    Rcl  [0.914, 0.764, 0.640]
    Prc  [0.978, 0.554, 0.432]
    AccC [0.914, 0.764, 0.640]
[074/100] train_loss=0.945 train_acc=0.873 | val_loss=0.953 val_acc=0.887 | head_lr=1.00e-03 | enc_lr=1.00e-04
    IoU  [0.898, 0.463, 0.324]
    F1   [0.946, 0.633, 0.489]
    Rcl  [0.915, 0.701, 0.774]
    Prc  [0.980, 0.577, 0.357]
    AccC [0.915, 0.701, 0.774]
✔ Saved improved model → Swin2DDice+CrossEntropy_uxb_tpi_clr_segformer_b0_best.pth
[075/100] train_loss=0.939 train_acc=0.876 | val_loss=0.945 val_acc=0.890 | head_lr=1.00e-03 | enc_lr=1.00e-04
    IoU  [0.900, 0.475, 0.335]
    F1   [0.947, 0.644, 0.502]
    Rcl  [0.916, 0.727, 0.748]
    Prc  [0.980, 0.578, 0.378]
    AccC [0.916, 0.727, 0.748]
✔ Saved improved model → Swin2DDice+CrossEntropy_uxb_tpi_clr_segformer_b0_best.pth
[076/100] train_loss=0.921 train_acc=0.874 | val_loss=0.961 val_acc=0.880 | head_lr=1.00e-03 | enc_lr=1.00e-04
    IoU  [0.888, 0.457, 0.327]
    F1   [0.940, 0.628, 0.492]
    Rcl  [0.901, 0.754, 0.731]
    Prc  [0.983, 0.538, 0.371]
    AccC [0.901, 0.754, 0.731]
[077/100] train_loss=0.916 train_acc=0.880 | val_loss=0.968 val_acc=0.898 | head_lr=1.00e-03 | enc_lr=1.00e-04
    IoU  [0.908, 0.490, 0.339]
    F1   [0.952, 0.658, 0.506]
    Rcl  [0.927, 0.721, 0.716]
    Prc  [0.978, 0.605, 0.391]
    AccC [0.927, 0.721, 0.716]
[078/100] train_loss=0.911 train_acc=0.879 | val_loss=0.947 val_acc=0.883 | head_lr=1.00e-03 | enc_lr=1.00e-04
    IoU  [0.892, 0.461, 0.330]
    F1   [0.943, 0.631, 0.496]
    Rcl  [0.906, 0.737, 0.756]
    Prc  [0.982, 0.552, 0.369]
    AccC [0.906, 0.737, 0.756]
[079/100] train_loss=0.916 train_acc=0.880 | val_loss=0.957 val_acc=0.886 | head_lr=1.00e-03 | enc_lr=1.00e-04
    IoU  [0.895, 0.469, 0.325]
    F1   [0.944, 0.638, 0.491]
    Rcl  [0.911, 0.730, 0.746]
    Prc  [0.980, 0.567, 0.366]
    AccC [0.911, 0.730, 0.746]
[080/100] train_loss=0.906 train_acc=0.880 | val_loss=0.948 val_acc=0.873 | head_lr=1.00e-03 | enc_lr=1.00e-04
    IoU  [0.878, 0.451, 0.335]
    F1   [0.935, 0.622, 0.502]
    Rcl  [0.889, 0.791, 0.716]
    Prc  [0.986, 0.512, 0.386]
    AccC [0.889, 0.791, 0.716]
[081/100] train_loss=0.894 train_acc=0.881 | val_loss=0.939 val_acc=0.883 | head_lr=1.00e-03 | enc_lr=1.00e-04
    IoU  [0.891, 0.465, 0.336]
    F1   [0.942, 0.635, 0.503]
    Rcl  [0.905, 0.750, 0.747]
    Prc  [0.983, 0.550, 0.379]
    AccC [0.905, 0.750, 0.747]
✔ Saved improved model → Swin2DDice+CrossEntropy_uxb_tpi_clr_segformer_b0_best.pth
[082/100] train_loss=0.893 train_acc=0.884 | val_loss=0.950 val_acc=0.887 | head_lr=1.00e-03 | enc_lr=1.00e-04
    IoU  [0.894, 0.473, 0.347]
    F1   [0.944, 0.642, 0.515]
    Rcl  [0.909, 0.765, 0.711]
    Prc  [0.982, 0.553, 0.404]
    AccC [0.909, 0.765, 0.711]
[083/100] train_loss=0.894 train_acc=0.885 | val_loss=0.940 val_acc=0.896 | head_lr=1.00e-03 | enc_lr=1.00e-04
    IoU  [0.903, 0.491, 0.359]
    F1   [0.949, 0.659, 0.528]
    Rcl  [0.920, 0.757, 0.714]
    Prc  [0.980, 0.583, 0.419]
    AccC [0.920, 0.757, 0.714]
[084/100] train_loss=0.882 train_acc=0.888 | val_loss=0.953 val_acc=0.900 | head_lr=1.00e-03 | enc_lr=1.00e-04
    IoU  [0.907, 0.499, 0.373]
    F1   [0.951, 0.666, 0.543]
    Rcl  [0.925, 0.763, 0.691]
    Prc  [0.979, 0.591, 0.447]
    AccC [0.925, 0.763, 0.691]
[085/100] train_loss=0.897 train_acc=0.883 | val_loss=0.945 val_acc=0.857 | head_lr=1.00e-03 | enc_lr=1.00e-04
    IoU  [0.864, 0.423, 0.295]
    F1   [0.927, 0.594, 0.456]
    Rcl  [0.874, 0.752, 0.784]
    Prc  [0.988, 0.492, 0.321]
    AccC [0.874, 0.752, 0.784]
[086/100] train_loss=0.897 train_acc=0.883 | val_loss=0.932 val_acc=0.886 | head_lr=1.00e-03 | enc_lr=1.00e-04
    IoU  [0.893, 0.472, 0.350]
    F1   [0.944, 0.641, 0.519]
    Rcl  [0.907, 0.770, 0.724]
    Prc  [0.983, 0.549, 0.404]
    AccC [0.907, 0.770, 0.724]
✔ Saved improved model → Swin2DDice+CrossEntropy_uxb_tpi_clr_segformer_b0_best.pth
[087/100] train_loss=0.895 train_acc=0.884 | val_loss=0.916 val_acc=0.897 | head_lr=1.00e-03 | enc_lr=1.00e-04
    IoU  [0.906, 0.490, 0.361]
    F1   [0.951, 0.658, 0.530]
    Rcl  [0.922, 0.739, 0.755]
    Prc  [0.981, 0.593, 0.408]
    AccC [0.922, 0.739, 0.755]
✔ Saved improved model → Swin2DDice+CrossEntropy_uxb_tpi_clr_segformer_b0_best.pth
[088/100] train_loss=0.863 train_acc=0.887 | val_loss=0.938 val_acc=0.884 | head_lr=1.00e-03 | enc_lr=1.00e-04
    IoU  [0.890, 0.471, 0.347]
    F1   [0.942, 0.641, 0.515]
    Rcl  [0.903, 0.782, 0.718]
    Prc  [0.985, 0.542, 0.402]
    AccC [0.903, 0.782, 0.718]
[089/100] train_loss=0.867 train_acc=0.892 | val_loss=0.917 val_acc=0.895 | head_lr=1.00e-03 | enc_lr=1.00e-04
    IoU  [0.904, 0.490, 0.352]
    F1   [0.950, 0.657, 0.520]
    Rcl  [0.919, 0.749, 0.750]
    Prc  [0.983, 0.586, 0.398]
    AccC [0.919, 0.749, 0.750]
[090/100] train_loss=0.871 train_acc=0.888 | val_loss=0.920 val_acc=0.882 | head_lr=1.00e-03 | enc_lr=1.00e-04
    IoU  [0.888, 0.466, 0.348]
    F1   [0.941, 0.636, 0.517]
    Rcl  [0.900, 0.779, 0.737]
    Prc  [0.985, 0.537, 0.398]
    AccC [0.900, 0.779, 0.737]
[091/100] train_loss=0.865 train_acc=0.889 | val_loss=0.932 val_acc=0.892 | head_lr=1.00e-03 | enc_lr=1.00e-04
    IoU  [0.898, 0.489, 0.360]
    F1   [0.946, 0.656, 0.530]
    Rcl  [0.911, 0.787, 0.707]
    Prc  [0.984, 0.563, 0.424]
    AccC [0.911, 0.787, 0.707]
[092/100] train_loss=0.873 train_acc=0.887 | val_loss=0.904 val_acc=0.901 | head_lr=1.00e-03 | enc_lr=1.00e-04
    IoU  [0.911, 0.502, 0.357]
    F1   [0.953, 0.668, 0.527]
    Rcl  [0.927, 0.736, 0.768]
    Prc  [0.982, 0.612, 0.401]
    AccC [0.927, 0.736, 0.768]
✔ Saved improved model → Swin2DDice+CrossEntropy_uxb_tpi_clr_segformer_b0_best.pth
[093/100] train_loss=0.873 train_acc=0.888 | val_loss=0.910 val_acc=0.898 | head_lr=1.00e-03 | enc_lr=1.00e-04
    IoU  [0.905, 0.499, 0.372]
    F1   [0.950, 0.666, 0.543]
    Rcl  [0.920, 0.771, 0.730]
    Prc  [0.983, 0.586, 0.432]
    AccC [0.920, 0.771, 0.730]
[094/100] train_loss=0.882 train_acc=0.885 | val_loss=0.914 val_acc=0.880 | head_lr=1.00e-03 | enc_lr=1.00e-04
    IoU  [0.890, 0.461, 0.320]
    F1   [0.942, 0.632, 0.485]
    Rcl  [0.901, 0.743, 0.788]
    Prc  [0.986, 0.549, 0.350]
    AccC [0.901, 0.743, 0.788]
[095/100] train_loss=0.853 train_acc=0.892 | val_loss=0.916 val_acc=0.894 | head_lr=1.00e-03 | enc_lr=1.00e-04
    IoU  [0.899, 0.492, 0.381]
    F1   [0.947, 0.659, 0.552]
    Rcl  [0.912, 0.801, 0.707]
    Prc  [0.985, 0.561, 0.453]
    AccC [0.912, 0.801, 0.707]
[096/100] train_loss=0.838 train_acc=0.896 | val_loss=0.906 val_acc=0.899 | head_lr=1.00e-03 | enc_lr=1.00e-04
    IoU  [0.909, 0.498, 0.352]
    F1   [0.953, 0.665, 0.520]
    Rcl  [0.925, 0.730, 0.775]
    Prc  [0.982, 0.610, 0.392]
    AccC [0.925, 0.730, 0.775]
[097/100] train_loss=0.853 train_acc=0.891 | val_loss=0.907 val_acc=0.887 | head_lr=1.00e-03 | enc_lr=1.00e-04
    IoU  [0.895, 0.478, 0.336]
    F1   [0.945, 0.647, 0.503]
    Rcl  [0.907, 0.762, 0.761]
    Prc  [0.985, 0.563, 0.375]
    AccC [0.907, 0.762, 0.761]
[098/100] train_loss=0.858 train_acc=0.890 | val_loss=0.911 val_acc=0.897 | head_lr=1.00e-03 | enc_lr=1.00e-04
    IoU  [0.907, 0.498, 0.352]
    F1   [0.951, 0.665, 0.520]
    Rcl  [0.921, 0.749, 0.759]
    Prc  [0.983, 0.597, 0.396]
    AccC [0.921, 0.749, 0.759]
[099/100] train_loss=0.855 train_acc=0.891 | val_loss=0.910 val_acc=0.892 | head_lr=1.00e-03 | enc_lr=1.00e-04
    IoU  [0.900, 0.491, 0.354]
    F1   [0.947, 0.659, 0.523]
    Rcl  [0.913, 0.770, 0.755]
    Prc  [0.985, 0.576, 0.400]
    AccC [0.913, 0.770, 0.755]
[100/100] train_loss=0.839 train_acc=0.892 | val_loss=0.910 val_acc=0.899 | head_lr=1.00e-03 | enc_lr=1.00e-04
    IoU  [0.907, 0.501, 0.368]
    F1   [0.951, 0.668, 0.538]
    Rcl  [0.922, 0.764, 0.743]
    Prc  [0.983, 0.593, 0.422]
    AccC [0.922, 0.764, 0.743]
