Some weights of SegformerForSemanticSegmentation were not initialized from the model checkpoint at nvidia/segformer-b0-finetuned-ade-512-512 and are newly initialized because the shapes did not match:
- decode_head.classifier.weight: found shape torch.Size([150, 256, 1, 1]) in the checkpoint and torch.Size([3, 256, 1, 1]) in the model instantiated
- decode_head.classifier.bias: found shape torch.Size([150]) in the checkpoint and torch.Size([3]) in the model instantiated
You should probably TRAIN this model on a down-stream task to be able to use it for predictions and inference.
/work/archcomplab/yorazov2/Swin3DEnv/lib/python3.9/site-packages/torch/optim/lr_scheduler.py:143: UserWarning: Detected call of `lr_scheduler.step()` before `optimizer.step()`. In PyTorch 1.1.0 and later, you should call them in the opposite order: `optimizer.step()` before `lr_scheduler.step()`.  Failure to do this will result in PyTorch skipping the first value of the learning rate schedule. See more details at https://pytorch.org/docs/stable/optim.html#how-to-adjust-learning-rate
  warnings.warn("Detected call of `lr_scheduler.step()` before `optimizer.step()`. "
/work/archcomplab/yorazov2/Swin3DEnv/lib/python3.9/site-packages/torch/nn/modules/conv.py:456: UserWarning: Applied workaround for CuDNN issue, install nvrtc.so (Triggered internally at ../aten/src/ATen/native/cudnn/Conv_v8.cpp:80.)
  return F.conv2d(input, weight, bias, self.stride,
[001/100] train_loss=0.944 train_acc=0.085 | val_loss=0.940 val_acc=0.074 | head_lr=2.60e-05
    IoU  [0.045, 0.056, 0.028]
    F1   [0.087, 0.107, 0.054]
    Rcl  [0.046, 0.087, 0.892]
    Prc  [0.894, 0.137, 0.028]
    AccC [0.046, 0.087, 0.892]
✔ Saved improved model → general_dice_uxb_tpi_clr_segformer_b0_best.pth
[002/100] train_loss=0.943 train_acc=0.082 | val_loss=0.937 val_acc=0.079 | head_lr=5.09e-05
    IoU  [0.049, 0.055, 0.029]
    F1   [0.094, 0.105, 0.057]
    Rcl  [0.050, 0.100, 0.909]
    Prc  [0.915, 0.111, 0.030]
    AccC [0.050, 0.100, 0.909]
✔ Saved improved model → general_dice_uxb_tpi_clr_segformer_b0_best.pth
[003/100] train_loss=0.939 train_acc=0.090 | val_loss=0.932 val_acc=0.111 | head_lr=7.58e-05
    IoU  [0.079, 0.064, 0.034]
    F1   [0.146, 0.119, 0.065]
    Rcl  [0.079, 0.156, 0.907]
    Prc  [0.946, 0.097, 0.034]
    AccC [0.079, 0.156, 0.907]
✔ Saved improved model → general_dice_uxb_tpi_clr_segformer_b0_best.pth
[004/100] train_loss=0.935 train_acc=0.122 | val_loss=0.925 val_acc=0.181 | head_lr=1.01e-04
    IoU  [0.144, 0.077, 0.045]
    F1   [0.252, 0.144, 0.085]
    Rcl  [0.145, 0.298, 0.837]
    Prc  [0.957, 0.095, 0.045]
    AccC [0.145, 0.298, 0.837]
✔ Saved improved model → general_dice_uxb_tpi_clr_segformer_b0_best.pth
[005/100] train_loss=0.927 train_acc=0.166 | val_loss=0.914 val_acc=0.249 | head_lr=1.26e-04
    IoU  [0.204, 0.089, 0.068]
    F1   [0.339, 0.163, 0.127]
    Rcl  [0.207, 0.461, 0.720]
    Prc  [0.943, 0.099, 0.069]
    AccC [0.207, 0.461, 0.720]
✔ Saved improved model → general_dice_uxb_tpi_clr_segformer_b0_best.pth
[006/100] train_loss=0.914 train_acc=0.207 | val_loss=0.894 val_acc=0.278 | head_lr=1.51e-04
    IoU  [0.227, 0.092, 0.104]
    F1   [0.369, 0.169, 0.188]
    Rcl  [0.230, 0.553, 0.646]
    Prc  [0.935, 0.100, 0.110]
    AccC [0.230, 0.553, 0.646]
✔ Saved improved model → general_dice_uxb_tpi_clr_segformer_b0_best.pth
[007/100] train_loss=0.888 train_acc=0.214 | val_loss=0.855 val_acc=0.269 | head_lr=1.76e-04
    IoU  [0.204, 0.098, 0.166]
    F1   [0.339, 0.178, 0.284]
    Rcl  [0.208, 0.665, 0.547]
    Prc  [0.921, 0.103, 0.192]
    AccC [0.208, 0.665, 0.547]
✔ Saved improved model → general_dice_uxb_tpi_clr_segformer_b0_best.pth
[008/100] train_loss=0.846 train_acc=0.198 | val_loss=0.812 val_acc=0.239 | head_lr=2.01e-04
    IoU  [0.164, 0.100, 0.195]
    F1   [0.282, 0.182, 0.326]
    Rcl  [0.166, 0.729, 0.494]
    Prc  [0.920, 0.104, 0.244]
    AccC [0.166, 0.729, 0.494]
✔ Saved improved model → general_dice_uxb_tpi_clr_segformer_b0_best.pth
[009/100] train_loss=0.803 train_acc=0.195 | val_loss=0.776 val_acc=0.221 | head_lr=2.26e-04
    IoU  [0.141, 0.101, 0.206]
    F1   [0.247, 0.184, 0.341]
    Rcl  [0.143, 0.761, 0.465]
    Prc  [0.919, 0.105, 0.269]
    AccC [0.143, 0.761, 0.465]
✔ Saved improved model → general_dice_uxb_tpi_clr_segformer_b0_best.pth
[010/100] train_loss=0.768 train_acc=0.175 | val_loss=0.745 val_acc=0.192 | head_lr=2.51e-04
    IoU  [0.103, 0.102, 0.214]
    F1   [0.187, 0.185, 0.353]
    Rcl  [0.104, 0.799, 0.472]
    Prc  [0.938, 0.105, 0.282]
    AccC [0.104, 0.799, 0.472]
✔ Saved improved model → general_dice_uxb_tpi_clr_segformer_b0_best.pth
[011/100] train_loss=0.734 train_acc=0.160 | val_loss=0.725 val_acc=0.182 | head_lr=2.75e-04
    IoU  [0.086, 0.106, 0.226]
    F1   [0.159, 0.192, 0.368]
    Rcl  [0.087, 0.851, 0.417]
    Prc  [0.948, 0.108, 0.329]
    AccC [0.087, 0.851, 0.417]
✔ Saved improved model → general_dice_uxb_tpi_clr_segformer_b0_best.pth
[012/100] train_loss=0.719 train_acc=0.154 | val_loss=0.707 val_acc=0.162 | head_lr=3.00e-04
    IoU  [0.061, 0.105, 0.233]
    F1   [0.115, 0.191, 0.377]
    Rcl  [0.061, 0.865, 0.420]
    Prc  [0.945, 0.107, 0.343]
    AccC [0.061, 0.865, 0.420]
✔ Saved improved model → general_dice_uxb_tpi_clr_segformer_b0_best.pth
[013/100] train_loss=0.709 train_acc=0.151 | val_loss=0.697 val_acc=0.157 | head_lr=3.25e-04
    IoU  [0.055, 0.104, 0.237]
    F1   [0.104, 0.189, 0.383]
    Rcl  [0.055, 0.858, 0.458]
    Prc  [0.955, 0.106, 0.329]
    AccC [0.055, 0.858, 0.458]
✔ Saved improved model → general_dice_uxb_tpi_clr_segformer_b0_best.pth
[014/100] train_loss=0.692 train_acc=0.154 | val_loss=0.686 val_acc=0.154 | head_lr=3.50e-04
    IoU  [0.051, 0.106, 0.244]
    F1   [0.097, 0.191, 0.393]
    Rcl  [0.051, 0.878, 0.414]
    Prc  [0.937, 0.107, 0.373]
    AccC [0.051, 0.878, 0.414]
✔ Saved improved model → general_dice_uxb_tpi_clr_segformer_b0_best.pth
[015/100] train_loss=0.680 train_acc=0.148 | val_loss=0.688 val_acc=0.151 | head_lr=3.75e-04
    IoU  [0.046, 0.107, 0.242]
    F1   [0.088, 0.193, 0.389]
    Rcl  [0.046, 0.894, 0.398]
    Prc  [0.951, 0.108, 0.381]
    AccC [0.046, 0.894, 0.398]
[016/100] train_loss=0.663 train_acc=0.150 | val_loss=0.677 val_acc=0.141 | head_lr=4.00e-04
    IoU  [0.034, 0.105, 0.248]
    F1   [0.066, 0.190, 0.398]
    Rcl  [0.034, 0.887, 0.423]
    Prc  [0.949, 0.107, 0.376]
    AccC [0.034, 0.887, 0.423]
✔ Saved improved model → general_dice_uxb_tpi_clr_segformer_b0_best.pth
[017/100] train_loss=0.664 train_acc=0.145 | val_loss=0.674 val_acc=0.148 | head_lr=4.25e-04
    IoU  [0.041, 0.108, 0.253]
    F1   [0.078, 0.194, 0.404]
    Rcl  [0.041, 0.905, 0.397]
    Prc  [0.950, 0.109, 0.412]
    AccC [0.041, 0.905, 0.397]
✔ Saved improved model → general_dice_uxb_tpi_clr_segformer_b0_best.pth
[018/100] train_loss=0.647 train_acc=0.144 | val_loss=0.667 val_acc=0.139 | head_lr=4.50e-04
    IoU  [0.033, 0.103, 0.254]
    F1   [0.064, 0.187, 0.405]
    Rcl  [0.033, 0.871, 0.462]
    Prc  [0.947, 0.105, 0.361]
    AccC [0.033, 0.871, 0.462]
✔ Saved improved model → general_dice_uxb_tpi_clr_segformer_b0_best.pth
[019/100] train_loss=0.643 train_acc=0.141 | val_loss=0.663 val_acc=0.140 | head_lr=4.75e-04
    IoU  [0.032, 0.106, 0.258]
    F1   [0.061, 0.191, 0.410]
    Rcl  [0.032, 0.894, 0.425]
    Prc  [0.944, 0.107, 0.396]
    AccC [0.032, 0.894, 0.425]
✔ Saved improved model → general_dice_uxb_tpi_clr_segformer_b0_best.pth
[020/100] train_loss=0.637 train_acc=0.140 | val_loss=0.661 val_acc=0.145 | head_lr=5.00e-04
    IoU  [0.038, 0.106, 0.254]
    F1   [0.074, 0.191, 0.405]
    Rcl  [0.038, 0.889, 0.424]
    Prc  [0.943, 0.107, 0.388]
    AccC [0.038, 0.889, 0.424]
✔ Saved improved model → general_dice_uxb_tpi_clr_segformer_b0_best.pth
→ Unfroze last backbone stage at epoch 21
[021/100] train_loss=0.639 train_acc=0.141 | val_loss=0.660 val_acc=0.141 | head_lr=5.00e-04 | enc_lr=5.95e-06
    IoU  [0.032, 0.107, 0.255]
    F1   [0.062, 0.193, 0.406]
    Rcl  [0.032, 0.903, 0.410]
    Prc  [0.951, 0.108, 0.403]
    AccC [0.032, 0.903, 0.410]
✔ Saved improved model → general_dice_uxb_tpi_clr_segformer_b0_best.pth
[022/100] train_loss=0.626 train_acc=0.138 | val_loss=0.652 val_acc=0.132 | head_lr=5.00e-04 | enc_lr=1.09e-05
    IoU  [0.021, 0.106, 0.265]
    F1   [0.041, 0.192, 0.419]
    Rcl  [0.021, 0.910, 0.412]
    Prc  [0.933, 0.107, 0.426]
    AccC [0.021, 0.910, 0.412]
✔ Saved improved model → general_dice_uxb_tpi_clr_segformer_b0_best.pth
[023/100] train_loss=0.615 train_acc=0.140 | val_loss=0.649 val_acc=0.139 | head_lr=5.00e-04 | enc_lr=1.58e-05
    IoU  [0.031, 0.105, 0.265]
    F1   [0.060, 0.190, 0.418]
    Rcl  [0.031, 0.889, 0.451]
    Prc  [0.945, 0.107, 0.390]
    AccC [0.031, 0.889, 0.451]
✔ Saved improved model → general_dice_uxb_tpi_clr_segformer_b0_best.pth
[024/100] train_loss=0.621 train_acc=0.139 | val_loss=0.642 val_acc=0.132 | head_lr=5.00e-04 | enc_lr=2.08e-05
    IoU  [0.021, 0.106, 0.269]
    F1   [0.042, 0.192, 0.424]
    Rcl  [0.021, 0.907, 0.414]
    Prc  [0.926, 0.107, 0.434]
    AccC [0.021, 0.907, 0.414]
✔ Saved improved model → general_dice_uxb_tpi_clr_segformer_b0_best.pth
[025/100] train_loss=0.623 train_acc=0.141 | val_loss=0.642 val_acc=0.145 | head_lr=5.00e-04 | enc_lr=2.58e-05
    IoU  [0.038, 0.105, 0.269]
    F1   [0.073, 0.191, 0.423]
    Rcl  [0.038, 0.886, 0.454]
    Prc  [0.945, 0.107, 0.397]
    AccC [0.038, 0.886, 0.454]
[026/100] train_loss=0.611 train_acc=0.144 | val_loss=0.642 val_acc=0.141 | head_lr=5.00e-04 | enc_lr=3.07e-05
    IoU  [0.032, 0.108, 0.267]
    F1   [0.061, 0.194, 0.421]
    Rcl  [0.032, 0.914, 0.393]
    Prc  [0.937, 0.109, 0.453]
    AccC [0.032, 0.914, 0.393]
✔ Saved improved model → general_dice_uxb_tpi_clr_segformer_b0_best.pth
[027/100] train_loss=0.616 train_acc=0.147 | val_loss=0.649 val_acc=0.147 | head_lr=5.00e-04 | enc_lr=3.56e-05
    IoU  [0.040, 0.107, 0.267]
    F1   [0.076, 0.194, 0.422]
    Rcl  [0.040, 0.905, 0.402]
    Prc  [0.925, 0.109, 0.444]
    AccC [0.040, 0.905, 0.402]
[028/100] train_loss=0.611 train_acc=0.152 | val_loss=0.644 val_acc=0.152 | head_lr=5.00e-04 | enc_lr=4.06e-05
    IoU  [0.046, 0.107, 0.265]
    F1   [0.087, 0.194, 0.419]
    Rcl  [0.046, 0.899, 0.402]
    Prc  [0.922, 0.109, 0.438]
    AccC [0.046, 0.899, 0.402]
[029/100] train_loss=0.615 train_acc=0.159 | val_loss=0.634 val_acc=0.162 | head_lr=5.00e-04 | enc_lr=4.56e-05
    IoU  [0.059, 0.106, 0.276]
    F1   [0.111, 0.192, 0.432]
    Rcl  [0.059, 0.875, 0.448]
    Prc  [0.926, 0.108, 0.417]
    AccC [0.059, 0.875, 0.448]
✔ Saved improved model → general_dice_uxb_tpi_clr_segformer_b0_best.pth
[030/100] train_loss=0.613 train_acc=0.156 | val_loss=0.633 val_acc=0.164 | head_lr=5.00e-04 | enc_lr=5.05e-05
    IoU  [0.060, 0.109, 0.275]
    F1   [0.113, 0.196, 0.432]
    Rcl  [0.060, 0.899, 0.411]
    Prc  [0.938, 0.110, 0.455]
    AccC [0.060, 0.899, 0.411]
✔ Saved improved model → general_dice_uxb_tpi_clr_segformer_b0_best.pth
[031/100] train_loss=0.591 train_acc=0.159 | val_loss=0.630 val_acc=0.173 | head_lr=5.00e-04 | enc_lr=5.54e-05
    IoU  [0.071, 0.108, 0.278]
    F1   [0.133, 0.195, 0.435]
    Rcl  [0.072, 0.881, 0.433]
    Prc  [0.932, 0.109, 0.437]
    AccC [0.072, 0.881, 0.433]
✔ Saved improved model → general_dice_uxb_tpi_clr_segformer_b0_best.pth
[032/100] train_loss=0.611 train_acc=0.169 | val_loss=0.632 val_acc=0.183 | head_lr=5.00e-04 | enc_lr=6.04e-05
    IoU  [0.083, 0.109, 0.278]
    F1   [0.153, 0.197, 0.435]
    Rcl  [0.083, 0.880, 0.428]
    Prc  [0.930, 0.111, 0.443]
    AccC [0.083, 0.880, 0.428]
[033/100] train_loss=0.595 train_acc=0.171 | val_loss=0.628 val_acc=0.192 | head_lr=5.00e-04 | enc_lr=6.54e-05
    IoU  [0.093, 0.109, 0.283]
    F1   [0.171, 0.197, 0.441]
    Rcl  [0.094, 0.873, 0.453]
    Prc  [0.942, 0.111, 0.430]
    AccC [0.094, 0.873, 0.453]
✔ Saved improved model → general_dice_uxb_tpi_clr_segformer_b0_best.pth
[034/100] train_loss=0.601 train_acc=0.182 | val_loss=0.631 val_acc=0.195 | head_lr=5.00e-04 | enc_lr=7.03e-05
    IoU  [0.099, 0.108, 0.276]
    F1   [0.180, 0.195, 0.433]
    Rcl  [0.100, 0.858, 0.458]
    Prc  [0.933, 0.110, 0.410]
    AccC [0.100, 0.858, 0.458]
[035/100] train_loss=0.596 train_acc=0.184 | val_loss=0.627 val_acc=0.181 | head_lr=5.00e-04 | enc_lr=7.52e-05
    IoU  [0.080, 0.109, 0.279]
    F1   [0.149, 0.197, 0.436]
    Rcl  [0.081, 0.884, 0.431]
    Prc  [0.936, 0.111, 0.442]
    AccC [0.081, 0.884, 0.431]
✔ Saved improved model → general_dice_uxb_tpi_clr_segformer_b0_best.pth
[036/100] train_loss=0.581 train_acc=0.192 | val_loss=0.627 val_acc=0.206 | head_lr=5.00e-04 | enc_lr=8.02e-05
    IoU  [0.112, 0.110, 0.282]
    F1   [0.201, 0.197, 0.439]
    Rcl  [0.113, 0.859, 0.447]
    Prc  [0.928, 0.112, 0.432]
    AccC [0.113, 0.859, 0.447]
✔ Saved improved model → general_dice_uxb_tpi_clr_segformer_b0_best.pth
[037/100] train_loss=0.603 train_acc=0.208 | val_loss=0.625 val_acc=0.210 | head_lr=5.00e-04 | enc_lr=8.51e-05
    IoU  [0.116, 0.111, 0.280]
    F1   [0.207, 0.199, 0.438]
    Rcl  [0.117, 0.865, 0.435]
    Prc  [0.929, 0.113, 0.441]
    AccC [0.117, 0.865, 0.435]
✔ Saved improved model → general_dice_uxb_tpi_clr_segformer_b0_best.pth
[038/100] train_loss=0.587 train_acc=0.226 | val_loss=0.626 val_acc=0.233 | head_lr=5.00e-04 | enc_lr=9.01e-05
    IoU  [0.143, 0.113, 0.282]
    F1   [0.251, 0.203, 0.440]
    Rcl  [0.145, 0.858, 0.434]
    Prc  [0.935, 0.115, 0.446]
    AccC [0.145, 0.858, 0.434]
[039/100] train_loss=0.588 train_acc=0.232 | val_loss=0.622 val_acc=0.264 | head_lr=5.00e-04 | enc_lr=9.51e-05
    IoU  [0.179, 0.116, 0.284]
    F1   [0.304, 0.209, 0.442]
    Rcl  [0.181, 0.854, 0.424]
    Prc  [0.941, 0.119, 0.461]
    AccC [0.181, 0.854, 0.424]
✔ Saved improved model → general_dice_uxb_tpi_clr_segformer_b0_best.pth
[040/100] train_loss=0.575 train_acc=0.252 | val_loss=0.617 val_acc=0.277 | head_lr=5.00e-04 | enc_lr=1.00e-04
    IoU  [0.195, 0.117, 0.288]
    F1   [0.327, 0.209, 0.447]
    Rcl  [0.197, 0.841, 0.451]
    Prc  [0.945, 0.120, 0.444]
    AccC [0.197, 0.841, 0.451]
✔ Saved improved model → general_dice_uxb_tpi_clr_segformer_b0_best.pth
[041/100] train_loss=0.559 train_acc=0.286 | val_loss=0.617 val_acc=0.285 | head_lr=5.00e-04 | enc_lr=1.00e-04
    IoU  [0.205, 0.118, 0.286]
    F1   [0.341, 0.210, 0.444]
    Rcl  [0.208, 0.835, 0.449]
    Prc  [0.941, 0.120, 0.440]
    AccC [0.208, 0.835, 0.449]
[042/100] train_loss=0.572 train_acc=0.321 | val_loss=0.616 val_acc=0.336 | head_lr=5.00e-04 | enc_lr=1.00e-04
    IoU  [0.266, 0.122, 0.292]
    F1   [0.420, 0.217, 0.452]
    Rcl  [0.270, 0.810, 0.436]
    Prc  [0.938, 0.126, 0.468]
    AccC [0.270, 0.810, 0.436]
✔ Saved improved model → general_dice_uxb_tpi_clr_segformer_b0_best.pth
[043/100] train_loss=0.579 train_acc=0.361 | val_loss=0.610 val_acc=0.368 | head_lr=5.00e-04 | enc_lr=1.00e-04
    IoU  [0.303, 0.127, 0.297]
    F1   [0.465, 0.225, 0.457]
    Rcl  [0.309, 0.804, 0.429]
    Prc  [0.940, 0.131, 0.490]
    AccC [0.309, 0.804, 0.429]
✔ Saved improved model → general_dice_uxb_tpi_clr_segformer_b0_best.pth
[044/100] train_loss=0.550 train_acc=0.423 | val_loss=0.610 val_acc=0.427 | head_lr=5.00e-04 | enc_lr=1.00e-04
    IoU  [0.373, 0.132, 0.293]
    F1   [0.544, 0.233, 0.454]
    Rcl  [0.382, 0.763, 0.455]
    Prc  [0.941, 0.138, 0.453]
    AccC [0.382, 0.763, 0.455]
[045/100] train_loss=0.558 train_acc=0.462 | val_loss=0.610 val_acc=0.460 | head_lr=5.00e-04 | enc_lr=1.00e-04
    IoU  [0.409, 0.143, 0.297]
    F1   [0.581, 0.250, 0.459]
    Rcl  [0.418, 0.790, 0.420]
    Prc  [0.949, 0.149, 0.505]
    AccC [0.418, 0.790, 0.420]
[046/100] train_loss=0.554 train_acc=0.534 | val_loss=0.602 val_acc=0.538 | head_lr=5.00e-04 | enc_lr=1.00e-04
    IoU  [0.500, 0.155, 0.301]
    F1   [0.667, 0.268, 0.462]
    Rcl  [0.515, 0.736, 0.449]
    Prc  [0.947, 0.164, 0.477]
    AccC [0.515, 0.736, 0.449]
✔ Saved improved model → general_dice_uxb_tpi_clr_segformer_b0_best.pth
[047/100] train_loss=0.547 train_acc=0.605 | val_loss=0.601 val_acc=0.609 | head_lr=5.00e-04 | enc_lr=1.00e-04
    IoU  [0.582, 0.172, 0.299]
    F1   [0.736, 0.294, 0.461]
    Rcl  [0.602, 0.705, 0.429]
    Prc  [0.946, 0.185, 0.497]
    AccC [0.602, 0.705, 0.429]
✔ Saved improved model → general_dice_uxb_tpi_clr_segformer_b0_best.pth
[048/100] train_loss=0.555 train_acc=0.662 | val_loss=0.604 val_acc=0.672 | head_lr=5.00e-04 | enc_lr=1.00e-04
    IoU  [0.655, 0.190, 0.299]
    F1   [0.791, 0.320, 0.460]
    Rcl  [0.682, 0.667, 0.406]
    Prc  [0.943, 0.210, 0.531]
    AccC [0.682, 0.667, 0.406]
[049/100] train_loss=0.540 train_acc=0.724 | val_loss=0.597 val_acc=0.738 | head_lr=5.00e-04 | enc_lr=1.00e-04
    IoU  [0.730, 0.203, 0.302]
    F1   [0.844, 0.338, 0.464]
    Rcl  [0.769, 0.573, 0.428]
    Prc  [0.935, 0.240, 0.507]
    AccC [0.769, 0.573, 0.428]
✔ Saved improved model → general_dice_uxb_tpi_clr_segformer_b0_best.pth
[050/100] train_loss=0.546 train_acc=0.768 | val_loss=0.600 val_acc=0.772 | head_lr=5.00e-04 | enc_lr=1.00e-04
    IoU  [0.768, 0.215, 0.301]
    F1   [0.869, 0.353, 0.463]
    Rcl  [0.815, 0.530, 0.408]
    Prc  [0.930, 0.265, 0.534]
    AccC [0.815, 0.530, 0.408]
[051/100] train_loss=0.551 train_acc=0.786 | val_loss=0.596 val_acc=0.773 | head_lr=5.00e-04 | enc_lr=1.00e-04
    IoU  [0.770, 0.221, 0.304]
    F1   [0.870, 0.362, 0.466]
    Rcl  [0.813, 0.545, 0.450]
    Prc  [0.935, 0.271, 0.484]
    AccC [0.813, 0.545, 0.450]
✔ Saved improved model → general_dice_uxb_tpi_clr_segformer_b0_best.pth
[052/100] train_loss=0.551 train_acc=0.805 | val_loss=0.596 val_acc=0.803 | head_lr=5.00e-04 | enc_lr=1.00e-04
    IoU  [0.803, 0.230, 0.304]
    F1   [0.890, 0.375, 0.466]
    Rcl  [0.856, 0.497, 0.414]
    Prc  [0.928, 0.301, 0.532]
    AccC [0.856, 0.497, 0.414]
✔ Saved improved model → general_dice_uxb_tpi_clr_segformer_b0_best.pth
[053/100] train_loss=0.561 train_acc=0.809 | val_loss=0.587 val_acc=0.811 | head_lr=5.00e-04 | enc_lr=1.00e-04
    IoU  [0.812, 0.232, 0.308]
    F1   [0.896, 0.377, 0.471]
    Rcl  [0.867, 0.479, 0.432]
    Prc  [0.928, 0.311, 0.518]
    AccC [0.867, 0.479, 0.432]
✔ Saved improved model → general_dice_uxb_tpi_clr_segformer_b0_best.pth
[054/100] train_loss=0.549 train_acc=0.815 | val_loss=0.591 val_acc=0.796 | head_lr=5.00e-04 | enc_lr=1.00e-04
    IoU  [0.795, 0.233, 0.304]
    F1   [0.886, 0.377, 0.467]
    Rcl  [0.844, 0.518, 0.456]
    Prc  [0.933, 0.297, 0.478]
    AccC [0.844, 0.518, 0.456]
[055/100] train_loss=0.544 train_acc=0.816 | val_loss=0.590 val_acc=0.808 | head_lr=5.00e-04 | enc_lr=1.00e-04
    IoU  [0.807, 0.243, 0.306]
    F1   [0.893, 0.392, 0.468]
    Rcl  [0.858, 0.521, 0.412]
    Prc  [0.932, 0.314, 0.542]
    AccC [0.858, 0.521, 0.412]
[056/100] train_loss=0.527 train_acc=0.823 | val_loss=0.593 val_acc=0.819 | head_lr=5.00e-04 | enc_lr=1.00e-04
    IoU  [0.820, 0.242, 0.306]
    F1   [0.901, 0.390, 0.469]
    Rcl  [0.876, 0.484, 0.419]
    Prc  [0.928, 0.326, 0.533]
    AccC [0.876, 0.484, 0.419]
[057/100] train_loss=0.547 train_acc=0.821 | val_loss=0.593 val_acc=0.812 | head_lr=5.00e-04 | enc_lr=1.00e-04
    IoU  [0.812, 0.250, 0.306]
    F1   [0.896, 0.400, 0.469]
    Rcl  [0.862, 0.528, 0.417]
    Prc  [0.933, 0.322, 0.537]
    AccC [0.862, 0.528, 0.417]
[058/100] train_loss=0.536 train_acc=0.825 | val_loss=0.590 val_acc=0.819 | head_lr=5.00e-04 | enc_lr=1.00e-04
    IoU  [0.820, 0.250, 0.309]
    F1   [0.901, 0.400, 0.472]
    Rcl  [0.873, 0.505, 0.422]
    Prc  [0.931, 0.331, 0.534]
    AccC [0.873, 0.505, 0.422]
[059/100] train_loss=0.525 train_acc=0.827 | val_loss=0.590 val_acc=0.823 | head_lr=5.00e-04 | enc_lr=1.00e-04
    IoU  [0.825, 0.250, 0.311]
    F1   [0.904, 0.400, 0.475]
    Rcl  [0.880, 0.492, 0.429]
    Prc  [0.930, 0.337, 0.531]
    AccC [0.880, 0.492, 0.429]
[060/100] train_loss=0.527 train_acc=0.825 | val_loss=0.582 val_acc=0.820 | head_lr=5.00e-04 | enc_lr=1.00e-04
    IoU  [0.821, 0.255, 0.314]
    F1   [0.902, 0.406, 0.478]
    Rcl  [0.871, 0.515, 0.451]
    Prc  [0.934, 0.335, 0.508]
    AccC [0.871, 0.515, 0.451]
✔ Saved improved model → general_dice_uxb_tpi_clr_segformer_b0_best.pth
[061/100] train_loss=0.541 train_acc=0.827 | val_loss=0.580 val_acc=0.823 | head_lr=5.00e-04 | enc_lr=1.00e-04
    IoU  [0.825, 0.250, 0.312]
    F1   [0.904, 0.400, 0.476]
    Rcl  [0.879, 0.491, 0.454]
    Prc  [0.931, 0.338, 0.500]
    AccC [0.879, 0.491, 0.454]
✔ Saved improved model → general_dice_uxb_tpi_clr_segformer_b0_best.pth
[062/100] train_loss=0.530 train_acc=0.829 | val_loss=0.578 val_acc=0.827 | head_lr=5.00e-04 | enc_lr=1.00e-04
    IoU  [0.828, 0.253, 0.316]
    F1   [0.906, 0.404, 0.480]
    Rcl  [0.883, 0.489, 0.444]
    Prc  [0.930, 0.344, 0.522]
    AccC [0.883, 0.489, 0.444]
✔ Saved improved model → general_dice_uxb_tpi_clr_segformer_b0_best.pth
[063/100] train_loss=0.541 train_acc=0.826 | val_loss=0.574 val_acc=0.823 | head_lr=5.00e-04 | enc_lr=1.00e-04
    IoU  [0.826, 0.251, 0.319]
    F1   [0.905, 0.401, 0.483]
    Rcl  [0.878, 0.490, 0.488]
    Prc  [0.933, 0.339, 0.479]
    AccC [0.878, 0.490, 0.488]
✔ Saved improved model → general_dice_uxb_tpi_clr_segformer_b0_best.pth
[064/100] train_loss=0.526 train_acc=0.827 | val_loss=0.578 val_acc=0.823 | head_lr=5.00e-04 | enc_lr=1.00e-04
    IoU  [0.824, 0.262, 0.317]
    F1   [0.904, 0.415, 0.482]
    Rcl  [0.874, 0.526, 0.447]
    Prc  [0.935, 0.343, 0.522]
    AccC [0.874, 0.526, 0.447]
[065/100] train_loss=0.545 train_acc=0.832 | val_loss=0.582 val_acc=0.830 | head_lr=5.00e-04 | enc_lr=1.00e-04
    IoU  [0.832, 0.264, 0.313]
    F1   [0.908, 0.417, 0.476]
    Rcl  [0.886, 0.506, 0.428]
    Prc  [0.932, 0.355, 0.537]
    AccC [0.886, 0.506, 0.428]
[066/100] train_loss=0.521 train_acc=0.835 | val_loss=0.586 val_acc=0.828 | head_lr=5.00e-04 | enc_lr=1.00e-04
    IoU  [0.828, 0.265, 0.313]
    F1   [0.906, 0.419, 0.477]
    Rcl  [0.881, 0.519, 0.414]
    Prc  [0.932, 0.350, 0.563]
    AccC [0.881, 0.519, 0.414]
[067/100] train_loss=0.511 train_acc=0.827 | val_loss=0.571 val_acc=0.824 | head_lr=5.00e-04 | enc_lr=1.00e-04
    IoU  [0.824, 0.266, 0.323]
    F1   [0.904, 0.420, 0.488]
    Rcl  [0.874, 0.532, 0.456]
    Prc  [0.935, 0.347, 0.525]
    AccC [0.874, 0.532, 0.456]
✔ Saved improved model → general_dice_uxb_tpi_clr_segformer_b0_best.pth
[068/100] train_loss=0.502 train_acc=0.836 | val_loss=0.572 val_acc=0.834 | head_lr=5.00e-04 | enc_lr=1.00e-04
    IoU  [0.836, 0.270, 0.320]
    F1   [0.911, 0.425, 0.485]
    Rcl  [0.890, 0.509, 0.432]
    Prc  [0.932, 0.364, 0.552]
    AccC [0.890, 0.509, 0.432]
[069/100] train_loss=0.505 train_acc=0.840 | val_loss=0.575 val_acc=0.838 | head_lr=5.00e-04 | enc_lr=1.00e-04
    IoU  [0.840, 0.269, 0.323]
    F1   [0.913, 0.423, 0.488]
    Rcl  [0.897, 0.494, 0.431]
    Prc  [0.930, 0.371, 0.564]
    AccC [0.897, 0.494, 0.431]
[070/100] train_loss=0.511 train_acc=0.838 | val_loss=0.567 val_acc=0.833 | head_lr=5.00e-04 | enc_lr=1.00e-04
    IoU  [0.834, 0.264, 0.328]
    F1   [0.910, 0.418, 0.494]
    Rcl  [0.889, 0.500, 0.460]
    Prc  [0.932, 0.360, 0.535]
    AccC [0.889, 0.500, 0.460]
✔ Saved improved model → general_dice_uxb_tpi_clr_segformer_b0_best.pth
[071/100] train_loss=0.516 train_acc=0.833 | val_loss=0.565 val_acc=0.828 | head_lr=5.00e-04 | enc_lr=1.00e-04
    IoU  [0.830, 0.266, 0.328]
    F1   [0.907, 0.420, 0.494]
    Rcl  [0.880, 0.517, 0.474]
    Prc  [0.935, 0.353, 0.516]
    AccC [0.880, 0.517, 0.474]
✔ Saved improved model → general_dice_uxb_tpi_clr_segformer_b0_best.pth
[072/100] train_loss=0.515 train_acc=0.833 | val_loss=0.568 val_acc=0.826 | head_lr=5.00e-04 | enc_lr=1.00e-04
    IoU  [0.828, 0.265, 0.324]
    F1   [0.906, 0.419, 0.489]
    Rcl  [0.877, 0.523, 0.474]
    Prc  [0.936, 0.350, 0.506]
    AccC [0.877, 0.523, 0.474]
[073/100] train_loss=0.497 train_acc=0.836 | val_loss=0.575 val_acc=0.842 | head_lr=5.00e-04 | enc_lr=1.00e-04
    IoU  [0.843, 0.275, 0.319]
    F1   [0.915, 0.432, 0.484]
    Rcl  [0.901, 0.499, 0.403]
    Prc  [0.929, 0.381, 0.607]
    AccC [0.901, 0.499, 0.403]
[074/100] train_loss=0.497 train_acc=0.842 | val_loss=0.563 val_acc=0.832 | head_lr=5.00e-04 | enc_lr=1.00e-04
    IoU  [0.833, 0.273, 0.330]
    F1   [0.909, 0.428, 0.496]
    Rcl  [0.884, 0.522, 0.475]
    Prc  [0.935, 0.363, 0.518]
    AccC [0.884, 0.522, 0.475]
✔ Saved improved model → general_dice_uxb_tpi_clr_segformer_b0_best.pth
[075/100] train_loss=0.505 train_acc=0.840 | val_loss=0.566 val_acc=0.829 | head_lr=5.00e-04 | enc_lr=1.00e-04
    IoU  [0.829, 0.272, 0.331]
    F1   [0.906, 0.428, 0.497]
    Rcl  [0.879, 0.536, 0.452]
    Prc  [0.935, 0.356, 0.552]
    AccC [0.879, 0.536, 0.452]
[076/100] train_loss=0.497 train_acc=0.840 | val_loss=0.570 val_acc=0.843 | head_lr=5.00e-04 | enc_lr=1.00e-04
    IoU  [0.844, 0.277, 0.328]
    F1   [0.916, 0.434, 0.494]
    Rcl  [0.901, 0.500, 0.437]
    Prc  [0.931, 0.383, 0.567]
    AccC [0.901, 0.500, 0.437]
[077/100] train_loss=0.506 train_acc=0.841 | val_loss=0.563 val_acc=0.837 | head_lr=5.00e-04 | enc_lr=1.00e-04
    IoU  [0.838, 0.279, 0.332]
    F1   [0.912, 0.436, 0.498]
    Rcl  [0.891, 0.524, 0.438]
    Prc  [0.934, 0.373, 0.577]
    AccC [0.891, 0.524, 0.438]
✔ Saved improved model → general_dice_uxb_tpi_clr_segformer_b0_best.pth
[078/100] train_loss=0.502 train_acc=0.841 | val_loss=0.570 val_acc=0.834 | head_lr=5.00e-04 | enc_lr=1.00e-04
    IoU  [0.834, 0.277, 0.329]
    F1   [0.910, 0.433, 0.495]
    Rcl  [0.888, 0.530, 0.420]
    Prc  [0.933, 0.366, 0.603]
    AccC [0.888, 0.530, 0.420]
[079/100] train_loss=0.502 train_acc=0.837 | val_loss=0.565 val_acc=0.834 | head_lr=5.00e-04 | enc_lr=1.00e-04
    IoU  [0.834, 0.279, 0.333]
    F1   [0.909, 0.437, 0.499]
    Rcl  [0.886, 0.539, 0.432]
    Prc  [0.935, 0.367, 0.591]
    AccC [0.886, 0.539, 0.432]
[080/100] train_loss=0.509 train_acc=0.839 | val_loss=0.553 val_acc=0.825 | head_lr=5.00e-04 | enc_lr=1.00e-04
    IoU  [0.825, 0.274, 0.339]
    F1   [0.904, 0.430, 0.506]
    Rcl  [0.872, 0.550, 0.491]
    Prc  [0.939, 0.353, 0.521]
    AccC [0.872, 0.550, 0.491]
✔ Saved improved model → general_dice_uxb_tpi_clr_segformer_b0_best.pth
[081/100] train_loss=0.489 train_acc=0.840 | val_loss=0.553 val_acc=0.844 | head_lr=5.00e-04 | enc_lr=1.00e-04
    IoU  [0.846, 0.275, 0.338]
    F1   [0.917, 0.431, 0.505]
    Rcl  [0.902, 0.488, 0.482]
    Prc  [0.932, 0.386, 0.531]
    AccC [0.902, 0.488, 0.482]
[082/100] train_loss=0.495 train_acc=0.841 | val_loss=0.550 val_acc=0.835 | head_lr=5.00e-04 | enc_lr=1.00e-04
    IoU  [0.835, 0.282, 0.344]
    F1   [0.910, 0.439, 0.511]
    Rcl  [0.886, 0.540, 0.462]
    Prc  [0.936, 0.370, 0.572]
    AccC [0.886, 0.540, 0.462]
✔ Saved improved model → general_dice_uxb_tpi_clr_segformer_b0_best.pth
[083/100] train_loss=0.493 train_acc=0.844 | val_loss=0.548 val_acc=0.847 | head_lr=5.00e-04 | enc_lr=1.00e-04
    IoU  [0.848, 0.283, 0.344]
    F1   [0.918, 0.441, 0.512]
    Rcl  [0.905, 0.500, 0.460]
    Prc  [0.931, 0.395, 0.578]
    AccC [0.905, 0.500, 0.460]
✔ Saved improved model → general_dice_uxb_tpi_clr_segformer_b0_best.pth
[084/100] train_loss=0.496 train_acc=0.847 | val_loss=0.549 val_acc=0.844 | head_lr=5.00e-04 | enc_lr=1.00e-04
    IoU  [0.845, 0.282, 0.345]
    F1   [0.916, 0.440, 0.513]
    Rcl  [0.899, 0.510, 0.465]
    Prc  [0.933, 0.387, 0.571]
    AccC [0.899, 0.510, 0.465]
[085/100] train_loss=0.487 train_acc=0.846 | val_loss=0.547 val_acc=0.839 | head_lr=5.00e-04 | enc_lr=1.00e-04
    IoU  [0.840, 0.279, 0.344]
    F1   [0.913, 0.436, 0.512]
    Rcl  [0.892, 0.519, 0.480]
    Prc  [0.935, 0.376, 0.548]
    AccC [0.892, 0.519, 0.480]
✔ Saved improved model → general_dice_uxb_tpi_clr_segformer_b0_best.pth
[086/100] train_loss=0.493 train_acc=0.844 | val_loss=0.543 val_acc=0.836 | head_lr=5.00e-04 | enc_lr=1.00e-04
    IoU  [0.837, 0.280, 0.346]
    F1   [0.911, 0.437, 0.514]
    Rcl  [0.887, 0.531, 0.492]
    Prc  [0.937, 0.372, 0.537]
    AccC [0.887, 0.531, 0.492]
✔ Saved improved model → general_dice_uxb_tpi_clr_segformer_b0_best.pth
[087/100] train_loss=0.488 train_acc=0.843 | val_loss=0.550 val_acc=0.848 | head_lr=5.00e-04 | enc_lr=1.00e-04
    IoU  [0.849, 0.286, 0.345]
    F1   [0.918, 0.444, 0.513]
    Rcl  [0.906, 0.505, 0.440]
    Prc  [0.931, 0.397, 0.615]
    AccC [0.906, 0.505, 0.440]
[088/100] train_loss=0.478 train_acc=0.842 | val_loss=0.541 val_acc=0.838 | head_lr=5.00e-04 | enc_lr=1.00e-04
    IoU  [0.838, 0.282, 0.352]
    F1   [0.912, 0.440, 0.520]
    Rcl  [0.890, 0.531, 0.468]
    Prc  [0.935, 0.376, 0.586]
    AccC [0.890, 0.531, 0.468]
✔ Saved improved model → general_dice_uxb_tpi_clr_segformer_b0_best.pth
[089/100] train_loss=0.493 train_acc=0.844 | val_loss=0.539 val_acc=0.849 | head_lr=5.00e-04 | enc_lr=1.00e-04
    IoU  [0.850, 0.286, 0.352]
    F1   [0.919, 0.445, 0.521]
    Rcl  [0.906, 0.504, 0.471]
    Prc  [0.932, 0.399, 0.583]
    AccC [0.906, 0.504, 0.471]
✔ Saved improved model → general_dice_uxb_tpi_clr_segformer_b0_best.pth
[090/100] train_loss=0.492 train_acc=0.846 | val_loss=0.545 val_acc=0.845 | head_lr=5.00e-04 | enc_lr=1.00e-04
    IoU  [0.846, 0.286, 0.343]
    F1   [0.917, 0.445, 0.511]
    Rcl  [0.900, 0.517, 0.472]
    Prc  [0.934, 0.391, 0.557]
    AccC [0.900, 0.517, 0.472]
[091/100] train_loss=0.482 train_acc=0.847 | val_loss=0.540 val_acc=0.844 | head_lr=5.00e-04 | enc_lr=1.00e-04
    IoU  [0.846, 0.279, 0.350]
    F1   [0.916, 0.436, 0.519]
    Rcl  [0.900, 0.500, 0.502]
    Prc  [0.934, 0.387, 0.537]
    AccC [0.900, 0.500, 0.502]
[092/100] train_loss=0.488 train_acc=0.848 | val_loss=0.542 val_acc=0.838 | head_lr=5.00e-04 | enc_lr=1.00e-04
    IoU  [0.838, 0.285, 0.350]
    F1   [0.912, 0.444, 0.519]
    Rcl  [0.889, 0.539, 0.472]
    Prc  [0.936, 0.377, 0.576]
    AccC [0.889, 0.539, 0.472]
[093/100] train_loss=0.479 train_acc=0.843 | val_loss=0.549 val_acc=0.842 | head_lr=5.00e-04 | enc_lr=1.00e-04
    IoU  [0.842, 0.286, 0.347]
    F1   [0.914, 0.445, 0.515]
    Rcl  [0.896, 0.532, 0.432]
    Prc  [0.933, 0.383, 0.636]
    AccC [0.896, 0.532, 0.432]
[094/100] train_loss=0.479 train_acc=0.844 | val_loss=0.536 val_acc=0.839 | head_lr=5.00e-04 | enc_lr=1.00e-04
    IoU  [0.839, 0.286, 0.353]
    F1   [0.913, 0.444, 0.522]
    Rcl  [0.890, 0.538, 0.479]
    Prc  [0.936, 0.379, 0.574]
    AccC [0.890, 0.538, 0.479]
✔ Saved improved model → general_dice_uxb_tpi_clr_segformer_b0_best.pth
[095/100] train_loss=0.473 train_acc=0.848 | val_loss=0.540 val_acc=0.842 | head_lr=5.00e-04 | enc_lr=1.00e-04
    IoU  [0.842, 0.288, 0.354]
    F1   [0.914, 0.447, 0.523]
    Rcl  [0.894, 0.535, 0.469]
    Prc  [0.936, 0.385, 0.591]
    AccC [0.894, 0.535, 0.469]
[096/100] train_loss=0.468 train_acc=0.846 | val_loss=0.535 val_acc=0.837 | head_lr=5.00e-04 | enc_lr=1.00e-04
    IoU  [0.837, 0.285, 0.355]
    F1   [0.911, 0.444, 0.525]
    Rcl  [0.886, 0.544, 0.491]
    Prc  [0.938, 0.375, 0.563]
    AccC [0.886, 0.544, 0.491]
✔ Saved improved model → general_dice_uxb_tpi_clr_segformer_b0_best.pth
[097/100] train_loss=0.478 train_acc=0.847 | val_loss=0.538 val_acc=0.847 | head_lr=5.00e-04 | enc_lr=1.00e-04
    IoU  [0.847, 0.290, 0.356]
    F1   [0.917, 0.450, 0.525]
    Rcl  [0.902, 0.521, 0.464]
    Prc  [0.934, 0.396, 0.603]
    AccC [0.902, 0.521, 0.464]
[098/100] train_loss=0.478 train_acc=0.848 | val_loss=0.534 val_acc=0.839 | head_lr=5.00e-04 | enc_lr=1.00e-04
    IoU  [0.839, 0.288, 0.356]
    F1   [0.913, 0.447, 0.525]
    Rcl  [0.889, 0.543, 0.480]
    Prc  [0.937, 0.380, 0.579]
    AccC [0.889, 0.543, 0.480]
✔ Saved improved model → general_dice_uxb_tpi_clr_segformer_b0_best.pth
[099/100] train_loss=0.470 train_acc=0.847 | val_loss=0.536 val_acc=0.845 | head_lr=5.00e-04 | enc_lr=1.00e-04
    IoU  [0.846, 0.288, 0.354]
    F1   [0.917, 0.447, 0.523]
    Rcl  [0.900, 0.518, 0.483]
    Prc  [0.934, 0.393, 0.571]
    AccC [0.900, 0.518, 0.483]
[100/100] train_loss=0.478 train_acc=0.850 | val_loss=0.533 val_acc=0.846 | head_lr=5.00e-04 | enc_lr=1.00e-04
    IoU  [0.846, 0.289, 0.358]
    F1   [0.917, 0.448, 0.528]
    Rcl  [0.900, 0.521, 0.474]
    Prc  [0.934, 0.393, 0.595]
    AccC [0.900, 0.521, 0.474]
✔ Saved improved model → general_dice_uxb_tpi_clr_segformer_b0_best.pth
