Some weights of SegformerForSemanticSegmentation were not initialized from the model checkpoint at nvidia/segformer-b0-finetuned-ade-512-512 and are newly initialized because the shapes did not match:
- decode_head.classifier.weight: found shape torch.Size([150, 256, 1, 1]) in the checkpoint and torch.Size([3, 256, 1, 1]) in the model instantiated
- decode_head.classifier.bias: found shape torch.Size([150]) in the checkpoint and torch.Size([3]) in the model instantiated
You should probably TRAIN this model on a down-stream task to be able to use it for predictions and inference.
/work/archcomplab/yorazov2/Swin3DEnv/lib/python3.9/site-packages/torch/optim/lr_scheduler.py:143: UserWarning: Detected call of `lr_scheduler.step()` before `optimizer.step()`. In PyTorch 1.1.0 and later, you should call them in the opposite order: `optimizer.step()` before `lr_scheduler.step()`.  Failure to do this will result in PyTorch skipping the first value of the learning rate schedule. See more details at https://pytorch.org/docs/stable/optim.html#how-to-adjust-learning-rate
  warnings.warn("Detected call of `lr_scheduler.step()` before `optimizer.step()`. "
/work/archcomplab/yorazov2/Swin3DEnv/lib/python3.9/site-packages/torch/nn/modules/conv.py:456: UserWarning: Applied workaround for CuDNN issue, install nvrtc.so (Triggered internally at ../aten/src/ATen/native/cudnn/Conv_v8.cpp:80.)
  return F.conv2d(input, weight, bias, self.stride,
[001/100] train_loss=0.943 train_acc=0.209 | val_loss=0.938 val_acc=0.164 | head_lr=2.60e-05
    IoU  [0.119, 0.090, 0.035]
    F1   [0.212, 0.165, 0.068]
    Rcl  [0.120, 0.384, 0.624]
    Prc  [0.923, 0.105, 0.036]
    AccC [0.120, 0.384, 0.624]
✔ Saved improved model → general_dice_uxb_tpi_clr_segformer_b0_best.pth
[002/100] train_loss=0.941 train_acc=0.217 | val_loss=0.934 val_acc=0.182 | head_lr=5.09e-05
    IoU  [0.141, 0.082, 0.042]
    F1   [0.248, 0.152, 0.081]
    Rcl  [0.143, 0.343, 0.734]
    Prc  [0.939, 0.097, 0.043]
    AccC [0.143, 0.343, 0.734]
✔ Saved improved model → general_dice_uxb_tpi_clr_segformer_b0_best.pth
[003/100] train_loss=0.937 train_acc=0.245 | val_loss=0.929 val_acc=0.204 | head_lr=7.58e-05
    IoU  [0.163, 0.080, 0.050]
    F1   [0.281, 0.149, 0.095]
    Rcl  [0.165, 0.367, 0.747]
    Prc  [0.942, 0.093, 0.051]
    AccC [0.165, 0.367, 0.747]
✔ Saved improved model → general_dice_uxb_tpi_clr_segformer_b0_best.pth
[004/100] train_loss=0.931 train_acc=0.278 | val_loss=0.921 val_acc=0.280 | head_lr=1.01e-04
    IoU  [0.245, 0.086, 0.065]
    F1   [0.394, 0.158, 0.121]
    Rcl  [0.249, 0.410, 0.713]
    Prc  [0.936, 0.097, 0.066]
    AccC [0.249, 0.410, 0.713]
✔ Saved improved model → general_dice_uxb_tpi_clr_segformer_b0_best.pth
[005/100] train_loss=0.920 train_acc=0.347 | val_loss=0.906 val_acc=0.335 | head_lr=1.26e-04
    IoU  [0.298, 0.096, 0.086]
    F1   [0.459, 0.176, 0.158]
    Rcl  [0.304, 0.494, 0.652]
    Prc  [0.938, 0.107, 0.090]
    AccC [0.304, 0.494, 0.652]
✔ Saved improved model → general_dice_uxb_tpi_clr_segformer_b0_best.pth
[006/100] train_loss=0.907 train_acc=0.435 | val_loss=0.882 val_acc=0.454 | head_lr=1.51e-04
    IoU  [0.428, 0.108, 0.129]
    F1   [0.600, 0.195, 0.228]
    Rcl  [0.442, 0.509, 0.595]
    Prc  [0.932, 0.120, 0.141]
    AccC [0.442, 0.509, 0.595]
✔ Saved improved model → general_dice_uxb_tpi_clr_segformer_b0_best.pth
[007/100] train_loss=0.875 train_acc=0.526 | val_loss=0.846 val_acc=0.572 | head_lr=1.76e-04
    IoU  [0.560, 0.117, 0.170]
    F1   [0.718, 0.210, 0.291]
    Rcl  [0.589, 0.456, 0.533]
    Prc  [0.922, 0.136, 0.200]
    AccC [0.589, 0.456, 0.533]
✔ Saved improved model → general_dice_uxb_tpi_clr_segformer_b0_best.pth
[008/100] train_loss=0.837 train_acc=0.619 | val_loss=0.802 val_acc=0.647 | head_lr=2.01e-04
    IoU  [0.643, 0.124, 0.195]
    F1   [0.782, 0.221, 0.326]
    Rcl  [0.683, 0.406, 0.496]
    Prc  [0.916, 0.151, 0.242]
    AccC [0.683, 0.406, 0.496]
✔ Saved improved model → general_dice_uxb_tpi_clr_segformer_b0_best.pth
[009/100] train_loss=0.795 train_acc=0.700 | val_loss=0.767 val_acc=0.712 | head_lr=2.26e-04
    IoU  [0.714, 0.128, 0.207]
    F1   [0.833, 0.226, 0.343]
    Rcl  [0.768, 0.340, 0.480]
    Prc  [0.911, 0.170, 0.268]
    AccC [0.768, 0.340, 0.480]
✔ Saved improved model → general_dice_uxb_tpi_clr_segformer_b0_best.pth
[010/100] train_loss=0.758 train_acc=0.738 | val_loss=0.741 val_acc=0.746 | head_lr=2.51e-04
    IoU  [0.750, 0.133, 0.215]
    F1   [0.857, 0.234, 0.354]
    Rcl  [0.813, 0.313, 0.436]
    Prc  [0.907, 0.187, 0.299]
    AccC [0.813, 0.313, 0.436]
✔ Saved improved model → general_dice_uxb_tpi_clr_segformer_b0_best.pth
[011/100] train_loss=0.740 train_acc=0.759 | val_loss=0.727 val_acc=0.769 | head_lr=2.75e-04
    IoU  [0.774, 0.140, 0.218]
    F1   [0.872, 0.245, 0.358]
    Rcl  [0.841, 0.303, 0.419]
    Prc  [0.907, 0.206, 0.313]
    AccC [0.841, 0.303, 0.419]
✔ Saved improved model → general_dice_uxb_tpi_clr_segformer_b0_best.pth
[012/100] train_loss=0.711 train_acc=0.773 | val_loss=0.711 val_acc=0.795 | head_lr=3.00e-04
    IoU  [0.800, 0.134, 0.225]
    F1   [0.889, 0.236, 0.367]
    Rcl  [0.879, 0.253, 0.388]
    Prc  [0.900, 0.220, 0.349]
    AccC [0.879, 0.253, 0.388]
✔ Saved improved model → general_dice_uxb_tpi_clr_segformer_b0_best.pth
[013/100] train_loss=0.709 train_acc=0.786 | val_loss=0.707 val_acc=0.784 | head_lr=3.25e-04
    IoU  [0.789, 0.143, 0.224]
    F1   [0.882, 0.250, 0.365]
    Rcl  [0.860, 0.290, 0.418]
    Prc  [0.906, 0.220, 0.325]
    AccC [0.860, 0.290, 0.418]
✔ Saved improved model → general_dice_uxb_tpi_clr_segformer_b0_best.pth
[014/100] train_loss=0.687 train_acc=0.786 | val_loss=0.698 val_acc=0.793 | head_lr=3.50e-04
    IoU  [0.799, 0.141, 0.226]
    F1   [0.888, 0.246, 0.368]
    Rcl  [0.874, 0.271, 0.396]
    Prc  [0.902, 0.226, 0.344]
    AccC [0.874, 0.271, 0.396]
✔ Saved improved model → general_dice_uxb_tpi_clr_segformer_b0_best.pth
[015/100] train_loss=0.667 train_acc=0.798 | val_loss=0.692 val_acc=0.791 | head_lr=3.75e-04
    IoU  [0.796, 0.156, 0.233]
    F1   [0.887, 0.269, 0.377]
    Rcl  [0.867, 0.310, 0.405]
    Prc  [0.907, 0.238, 0.353]
    AccC [0.867, 0.310, 0.405]
✔ Saved improved model → general_dice_uxb_tpi_clr_segformer_b0_best.pth
[016/100] train_loss=0.675 train_acc=0.803 | val_loss=0.691 val_acc=0.815 | head_lr=4.00e-04
    IoU  [0.820, 0.150, 0.232]
    F1   [0.901, 0.262, 0.377]
    Rcl  [0.902, 0.262, 0.362]
    Prc  [0.900, 0.261, 0.393]
    AccC [0.902, 0.262, 0.362]
✔ Saved improved model → general_dice_uxb_tpi_clr_segformer_b0_best.pth
[017/100] train_loss=0.669 train_acc=0.802 | val_loss=0.678 val_acc=0.803 | head_lr=4.25e-04
    IoU  [0.808, 0.161, 0.243]
    F1   [0.894, 0.277, 0.391]
    Rcl  [0.881, 0.305, 0.406]
    Prc  [0.907, 0.254, 0.378]
    AccC [0.881, 0.305, 0.406]
✔ Saved improved model → general_dice_uxb_tpi_clr_segformer_b0_best.pth
[018/100] train_loss=0.655 train_acc=0.802 | val_loss=0.674 val_acc=0.800 | head_lr=4.50e-04
    IoU  [0.804, 0.166, 0.248]
    F1   [0.891, 0.285, 0.398]
    Rcl  [0.875, 0.324, 0.409]
    Prc  [0.909, 0.254, 0.388]
    AccC [0.875, 0.324, 0.409]
✔ Saved improved model → general_dice_uxb_tpi_clr_segformer_b0_best.pth
[019/100] train_loss=0.649 train_acc=0.801 | val_loss=0.663 val_acc=0.808 | head_lr=4.75e-04
    IoU  [0.814, 0.166, 0.254]
    F1   [0.897, 0.285, 0.405]
    Rcl  [0.886, 0.308, 0.427]
    Prc  [0.909, 0.265, 0.386]
    AccC [0.886, 0.308, 0.427]
✔ Saved improved model → general_dice_uxb_tpi_clr_segformer_b0_best.pth
[020/100] train_loss=0.657 train_acc=0.808 | val_loss=0.658 val_acc=0.800 | head_lr=5.00e-04
    IoU  [0.804, 0.179, 0.254]
    F1   [0.891, 0.304, 0.405]
    Rcl  [0.870, 0.356, 0.426]
    Prc  [0.914, 0.266, 0.386]
    AccC [0.870, 0.356, 0.426]
✔ Saved improved model → general_dice_uxb_tpi_clr_segformer_b0_best.pth
→ Unfroze last backbone stage at epoch 21
[021/100] train_loss=0.629 train_acc=0.802 | val_loss=0.652 val_acc=0.806 | head_lr=5.00e-04 | enc_lr=5.95e-06
    IoU  [0.810, 0.183, 0.263]
    F1   [0.895, 0.309, 0.416]
    Rcl  [0.877, 0.356, 0.415]
    Prc  [0.913, 0.273, 0.417]
    AccC [0.877, 0.356, 0.415]
✔ Saved improved model → general_dice_uxb_tpi_clr_segformer_b0_best.pth
[022/100] train_loss=0.640 train_acc=0.801 | val_loss=0.648 val_acc=0.797 | head_lr=5.00e-04 | enc_lr=1.09e-05
    IoU  [0.803, 0.180, 0.257]
    F1   [0.891, 0.305, 0.410]
    Rcl  [0.864, 0.361, 0.489]
    Prc  [0.919, 0.264, 0.352]
    AccC [0.864, 0.361, 0.489]
✔ Saved improved model → general_dice_uxb_tpi_clr_segformer_b0_best.pth
[023/100] train_loss=0.624 train_acc=0.808 | val_loss=0.648 val_acc=0.810 | head_lr=5.00e-04 | enc_lr=1.58e-05
    IoU  [0.816, 0.180, 0.259]
    F1   [0.899, 0.304, 0.412]
    Rcl  [0.884, 0.337, 0.449]
    Prc  [0.914, 0.278, 0.380]
    AccC [0.884, 0.337, 0.449]
✔ Saved improved model → general_dice_uxb_tpi_clr_segformer_b0_best.pth
[024/100] train_loss=0.630 train_acc=0.806 | val_loss=0.655 val_acc=0.807 | head_lr=5.00e-04 | enc_lr=2.08e-05
    IoU  [0.812, 0.184, 0.254]
    F1   [0.896, 0.311, 0.405]
    Rcl  [0.878, 0.355, 0.422]
    Prc  [0.914, 0.277, 0.390]
    AccC [0.878, 0.355, 0.422]
[025/100] train_loss=0.615 train_acc=0.808 | val_loss=0.650 val_acc=0.809 | head_lr=5.00e-04 | enc_lr=2.58e-05
    IoU  [0.812, 0.198, 0.259]
    F1   [0.896, 0.331, 0.412]
    Rcl  [0.877, 0.389, 0.388]
    Prc  [0.916, 0.288, 0.438]
    AccC [0.877, 0.389, 0.388]
[026/100] train_loss=0.613 train_acc=0.814 | val_loss=0.642 val_acc=0.811 | head_lr=5.00e-04 | enc_lr=3.07e-05
    IoU  [0.816, 0.194, 0.264]
    F1   [0.899, 0.325, 0.418]
    Rcl  [0.881, 0.370, 0.441]
    Prc  [0.918, 0.289, 0.397]
    AccC [0.881, 0.370, 0.441]
✔ Saved improved model → general_dice_uxb_tpi_clr_segformer_b0_best.pth
[027/100] train_loss=0.609 train_acc=0.813 | val_loss=0.639 val_acc=0.815 | head_lr=5.00e-04 | enc_lr=3.56e-05
    IoU  [0.820, 0.203, 0.266]
    F1   [0.901, 0.338, 0.420]
    Rcl  [0.883, 0.386, 0.435]
    Prc  [0.920, 0.300, 0.407]
    AccC [0.883, 0.386, 0.435]
✔ Saved improved model → general_dice_uxb_tpi_clr_segformer_b0_best.pth
[028/100] train_loss=0.615 train_acc=0.817 | val_loss=0.641 val_acc=0.820 | head_lr=5.00e-04 | enc_lr=4.06e-05
    IoU  [0.826, 0.196, 0.267]
    F1   [0.905, 0.328, 0.421]
    Rcl  [0.893, 0.357, 0.434]
    Prc  [0.916, 0.303, 0.409]
    AccC [0.893, 0.357, 0.434]
[029/100] train_loss=0.604 train_acc=0.819 | val_loss=0.640 val_acc=0.815 | head_lr=5.00e-04 | enc_lr=4.56e-05
    IoU  [0.819, 0.206, 0.265]
    F1   [0.901, 0.341, 0.419]
    Rcl  [0.883, 0.394, 0.408]
    Prc  [0.919, 0.301, 0.431]
    AccC [0.883, 0.394, 0.408]
[030/100] train_loss=0.592 train_acc=0.815 | val_loss=0.639 val_acc=0.808 | head_lr=5.00e-04 | enc_lr=5.05e-05
    IoU  [0.813, 0.206, 0.264]
    F1   [0.897, 0.342, 0.418]
    Rcl  [0.873, 0.406, 0.446]
    Prc  [0.922, 0.295, 0.392]
    AccC [0.873, 0.406, 0.446]
[031/100] train_loss=0.590 train_acc=0.822 | val_loss=0.635 val_acc=0.828 | head_lr=5.00e-04 | enc_lr=5.54e-05
    IoU  [0.833, 0.195, 0.269]
    F1   [0.909, 0.326, 0.424]
    Rcl  [0.905, 0.336, 0.421]
    Prc  [0.913, 0.316, 0.427]
    AccC [0.905, 0.336, 0.421]
✔ Saved improved model → general_dice_uxb_tpi_clr_segformer_b0_best.pth
[032/100] train_loss=0.592 train_acc=0.824 | val_loss=0.639 val_acc=0.821 | head_lr=5.00e-04 | enc_lr=6.04e-05
    IoU  [0.825, 0.215, 0.265]
    F1   [0.904, 0.353, 0.420]
    Rcl  [0.889, 0.403, 0.393]
    Prc  [0.919, 0.315, 0.451]
    AccC [0.889, 0.403, 0.393]
[033/100] train_loss=0.585 train_acc=0.822 | val_loss=0.630 val_acc=0.823 | head_lr=5.00e-04 | enc_lr=6.54e-05
    IoU  [0.827, 0.218, 0.269]
    F1   [0.905, 0.358, 0.424]
    Rcl  [0.891, 0.404, 0.408]
    Prc  [0.920, 0.321, 0.440]
    AccC [0.891, 0.404, 0.408]
✔ Saved improved model → general_dice_uxb_tpi_clr_segformer_b0_best.pth
[034/100] train_loss=0.600 train_acc=0.819 | val_loss=0.627 val_acc=0.823 | head_lr=5.00e-04 | enc_lr=7.03e-05
    IoU  [0.828, 0.218, 0.276]
    F1   [0.906, 0.358, 0.432]
    Rcl  [0.891, 0.403, 0.428]
    Prc  [0.921, 0.322, 0.436]
    AccC [0.891, 0.403, 0.428]
✔ Saved improved model → general_dice_uxb_tpi_clr_segformer_b0_best.pth
[035/100] train_loss=0.579 train_acc=0.816 | val_loss=0.630 val_acc=0.825 | head_lr=5.00e-04 | enc_lr=7.52e-05
    IoU  [0.829, 0.219, 0.274]
    F1   [0.906, 0.360, 0.431]
    Rcl  [0.893, 0.405, 0.408]
    Prc  [0.920, 0.324, 0.456]
    AccC [0.893, 0.405, 0.408]
[036/100] train_loss=0.575 train_acc=0.821 | val_loss=0.619 val_acc=0.818 | head_lr=5.00e-04 | enc_lr=8.02e-05
    IoU  [0.821, 0.226, 0.281]
    F1   [0.902, 0.368, 0.439]
    Rcl  [0.880, 0.436, 0.448]
    Prc  [0.925, 0.319, 0.430]
    AccC [0.880, 0.436, 0.448]
✔ Saved improved model → general_dice_uxb_tpi_clr_segformer_b0_best.pth
[037/100] train_loss=0.573 train_acc=0.823 | val_loss=0.621 val_acc=0.823 | head_lr=5.00e-04 | enc_lr=8.51e-05
    IoU  [0.827, 0.225, 0.281]
    F1   [0.905, 0.368, 0.439]
    Rcl  [0.888, 0.423, 0.427]
    Prc  [0.923, 0.325, 0.452]
    AccC [0.888, 0.423, 0.427]
[038/100] train_loss=0.566 train_acc=0.821 | val_loss=0.616 val_acc=0.821 | head_lr=5.00e-04 | enc_lr=9.01e-05
    IoU  [0.825, 0.229, 0.286]
    F1   [0.904, 0.373, 0.444]
    Rcl  [0.884, 0.438, 0.431]
    Prc  [0.925, 0.324, 0.459]
    AccC [0.884, 0.438, 0.431]
✔ Saved improved model → general_dice_uxb_tpi_clr_segformer_b0_best.pth
[039/100] train_loss=0.581 train_acc=0.823 | val_loss=0.616 val_acc=0.830 | head_lr=5.00e-04 | enc_lr=9.51e-05
    IoU  [0.834, 0.223, 0.284]
    F1   [0.909, 0.365, 0.442]
    Rcl  [0.899, 0.401, 0.421]
    Prc  [0.920, 0.335, 0.465]
    AccC [0.899, 0.401, 0.421]
[040/100] train_loss=0.581 train_acc=0.820 | val_loss=0.624 val_acc=0.817 | head_lr=5.00e-04 | enc_lr=1.00e-04
    IoU  [0.819, 0.238, 0.274]
    F1   [0.900, 0.385, 0.430]
    Rcl  [0.875, 0.474, 0.408]
    Prc  [0.928, 0.324, 0.454]
    AccC [0.875, 0.474, 0.408]
[041/100] train_loss=0.585 train_acc=0.822 | val_loss=0.628 val_acc=0.832 | head_lr=5.00e-04 | enc_lr=1.00e-04
    IoU  [0.835, 0.227, 0.269]
    F1   [0.910, 0.370, 0.424]
    Rcl  [0.902, 0.403, 0.385]
    Prc  [0.918, 0.341, 0.472]
    AccC [0.902, 0.403, 0.385]
[042/100] train_loss=0.544 train_acc=0.826 | val_loss=0.619 val_acc=0.827 | head_lr=5.00e-04 | enc_lr=1.00e-04
    IoU  [0.830, 0.236, 0.285]
    F1   [0.907, 0.382, 0.444]
    Rcl  [0.892, 0.439, 0.401]
    Prc  [0.922, 0.338, 0.497]
    AccC [0.892, 0.439, 0.401]
[043/100] train_loss=0.555 train_acc=0.828 | val_loss=0.617 val_acc=0.835 | head_lr=5.00e-04 | enc_lr=1.00e-04
    IoU  [0.838, 0.228, 0.284]
    F1   [0.912, 0.371, 0.442]
    Rcl  [0.905, 0.399, 0.412]
    Prc  [0.919, 0.347, 0.478]
    AccC [0.905, 0.399, 0.412]
[044/100] train_loss=0.552 train_acc=0.830 | val_loss=0.612 val_acc=0.826 | head_lr=5.00e-04 | enc_lr=1.00e-04
    IoU  [0.829, 0.241, 0.283]
    F1   [0.906, 0.388, 0.442]
    Rcl  [0.889, 0.452, 0.409]
    Prc  [0.925, 0.340, 0.480]
    AccC [0.889, 0.452, 0.409]
✔ Saved improved model → general_dice_uxb_tpi_clr_segformer_b0_best.pth
[045/100] train_loss=0.547 train_acc=0.825 | val_loss=0.603 val_acc=0.823 | head_lr=5.00e-04 | enc_lr=1.00e-04
    IoU  [0.826, 0.241, 0.291]
    F1   [0.905, 0.388, 0.450]
    Rcl  [0.883, 0.460, 0.441]
    Prc  [0.927, 0.335, 0.460]
    AccC [0.883, 0.460, 0.441]
✔ Saved improved model → general_dice_uxb_tpi_clr_segformer_b0_best.pth
[046/100] train_loss=0.570 train_acc=0.830 | val_loss=0.608 val_acc=0.833 | head_lr=5.00e-04 | enc_lr=1.00e-04
    IoU  [0.836, 0.236, 0.287]
    F1   [0.911, 0.381, 0.446]
    Rcl  [0.900, 0.420, 0.420]
    Prc  [0.921, 0.349, 0.476]
    AccC [0.900, 0.420, 0.420]
[047/100] train_loss=0.556 train_acc=0.824 | val_loss=0.603 val_acc=0.820 | head_lr=5.00e-04 | enc_lr=1.00e-04
    IoU  [0.821, 0.247, 0.293]
    F1   [0.902, 0.396, 0.453]
    Rcl  [0.876, 0.488, 0.428]
    Prc  [0.929, 0.333, 0.482]
    AccC [0.876, 0.488, 0.428]
✔ Saved improved model → general_dice_uxb_tpi_clr_segformer_b0_best.pth
[048/100] train_loss=0.542 train_acc=0.830 | val_loss=0.601 val_acc=0.830 | head_lr=5.00e-04 | enc_lr=1.00e-04
    IoU  [0.832, 0.244, 0.296]
    F1   [0.908, 0.393, 0.457]
    Rcl  [0.893, 0.453, 0.408]
    Prc  [0.924, 0.347, 0.519]
    AccC [0.893, 0.453, 0.408]
✔ Saved improved model → general_dice_uxb_tpi_clr_segformer_b0_best.pth
[049/100] train_loss=0.549 train_acc=0.825 | val_loss=0.602 val_acc=0.825 | head_lr=5.00e-04 | enc_lr=1.00e-04
    IoU  [0.827, 0.244, 0.294]
    F1   [0.906, 0.393, 0.455]
    Rcl  [0.885, 0.463, 0.445]
    Prc  [0.927, 0.341, 0.465]
    AccC [0.885, 0.463, 0.445]
[050/100] train_loss=0.561 train_acc=0.831 | val_loss=0.604 val_acc=0.826 | head_lr=5.00e-04 | enc_lr=1.00e-04
    IoU  [0.828, 0.247, 0.293]
    F1   [0.906, 0.396, 0.453]
    Rcl  [0.886, 0.471, 0.407]
    Prc  [0.926, 0.342, 0.510]
    AccC [0.886, 0.471, 0.407]
[051/100] train_loss=0.539 train_acc=0.830 | val_loss=0.608 val_acc=0.822 | head_lr=5.00e-04 | enc_lr=1.00e-04
    IoU  [0.823, 0.252, 0.291]
    F1   [0.903, 0.402, 0.451]
    Rcl  [0.878, 0.497, 0.398]
    Prc  [0.929, 0.338, 0.521]
    AccC [0.878, 0.497, 0.398]
[052/100] train_loss=0.547 train_acc=0.829 | val_loss=0.604 val_acc=0.812 | head_lr=5.00e-04 | enc_lr=1.00e-04
    IoU  [0.812, 0.252, 0.293]
    F1   [0.896, 0.403, 0.453]
    Rcl  [0.861, 0.529, 0.426]
    Prc  [0.934, 0.325, 0.483]
    AccC [0.861, 0.529, 0.426]
[053/100] train_loss=0.539 train_acc=0.831 | val_loss=0.593 val_acc=0.826 | head_lr=5.00e-04 | enc_lr=1.00e-04
    IoU  [0.829, 0.250, 0.302]
    F1   [0.906, 0.400, 0.464]
    Rcl  [0.884, 0.478, 0.451]
    Prc  [0.930, 0.345, 0.477]
    AccC [0.884, 0.478, 0.451]
✔ Saved improved model → general_dice_uxb_tpi_clr_segformer_b0_best.pth
[054/100] train_loss=0.538 train_acc=0.824 | val_loss=0.591 val_acc=0.827 | head_lr=5.00e-04 | enc_lr=1.00e-04
    IoU  [0.828, 0.258, 0.305]
    F1   [0.906, 0.410, 0.467]
    Rcl  [0.883, 0.497, 0.439]
    Prc  [0.931, 0.349, 0.499]
    AccC [0.883, 0.497, 0.439]
✔ Saved improved model → general_dice_uxb_tpi_clr_segformer_b0_best.pth
[055/100] train_loss=0.535 train_acc=0.830 | val_loss=0.597 val_acc=0.826 | head_lr=5.00e-04 | enc_lr=1.00e-04
    IoU  [0.827, 0.252, 0.300]
    F1   [0.905, 0.403, 0.461]
    Rcl  [0.883, 0.487, 0.421]
    Prc  [0.928, 0.344, 0.510]
    AccC [0.883, 0.487, 0.421]
[056/100] train_loss=0.548 train_acc=0.830 | val_loss=0.587 val_acc=0.826 | head_lr=5.00e-04 | enc_lr=1.00e-04
    IoU  [0.828, 0.254, 0.309]
    F1   [0.906, 0.405, 0.473]
    Rcl  [0.883, 0.488, 0.449]
    Prc  [0.930, 0.346, 0.498]
    AccC [0.883, 0.488, 0.449]
✔ Saved improved model → general_dice_uxb_tpi_clr_segformer_b0_best.pth
[057/100] train_loss=0.527 train_acc=0.833 | val_loss=0.586 val_acc=0.828 | head_lr=5.00e-04 | enc_lr=1.00e-04
    IoU  [0.829, 0.257, 0.313]
    F1   [0.907, 0.410, 0.477]
    Rcl  [0.885, 0.492, 0.445]
    Prc  [0.930, 0.351, 0.513]
    AccC [0.885, 0.492, 0.445]
✔ Saved improved model → general_dice_uxb_tpi_clr_segformer_b0_best.pth
[058/100] train_loss=0.541 train_acc=0.833 | val_loss=0.584 val_acc=0.825 | head_lr=5.00e-04 | enc_lr=1.00e-04
    IoU  [0.825, 0.259, 0.316]
    F1   [0.904, 0.411, 0.480]
    Rcl  [0.879, 0.508, 0.442]
    Prc  [0.931, 0.346, 0.525]
    AccC [0.879, 0.508, 0.442]
✔ Saved improved model → general_dice_uxb_tpi_clr_segformer_b0_best.pth
[059/100] train_loss=0.530 train_acc=0.832 | val_loss=0.588 val_acc=0.827 | head_lr=5.00e-04 | enc_lr=1.00e-04
    IoU  [0.827, 0.259, 0.313]
    F1   [0.906, 0.412, 0.477]
    Rcl  [0.882, 0.502, 0.439]
    Prc  [0.930, 0.349, 0.523]
    AccC [0.882, 0.502, 0.439]
[060/100] train_loss=0.527 train_acc=0.831 | val_loss=0.587 val_acc=0.824 | head_lr=5.00e-04 | enc_lr=1.00e-04
    IoU  [0.825, 0.259, 0.311]
    F1   [0.904, 0.411, 0.474]
    Rcl  [0.879, 0.508, 0.431]
    Prc  [0.931, 0.345, 0.527]
    AccC [0.879, 0.508, 0.431]
[061/100] train_loss=0.530 train_acc=0.833 | val_loss=0.576 val_acc=0.828 | head_lr=5.00e-04 | enc_lr=1.00e-04
    IoU  [0.830, 0.257, 0.323]
    F1   [0.907, 0.409, 0.488]
    Rcl  [0.884, 0.489, 0.473]
    Prc  [0.931, 0.351, 0.504]
    AccC [0.884, 0.489, 0.473]
✔ Saved improved model → general_dice_uxb_tpi_clr_segformer_b0_best.pth
[062/100] train_loss=0.515 train_acc=0.831 | val_loss=0.581 val_acc=0.826 | head_lr=5.00e-04 | enc_lr=1.00e-04
    IoU  [0.826, 0.261, 0.313]
    F1   [0.905, 0.415, 0.477]
    Rcl  [0.879, 0.512, 0.436]
    Prc  [0.932, 0.348, 0.526]
    AccC [0.879, 0.512, 0.436]
[063/100] train_loss=0.508 train_acc=0.833 | val_loss=0.580 val_acc=0.823 | head_lr=5.00e-04 | enc_lr=1.00e-04
    IoU  [0.823, 0.259, 0.312]
    F1   [0.903, 0.412, 0.475]
    Rcl  [0.875, 0.513, 0.461]
    Prc  [0.933, 0.344, 0.491]
    AccC [0.875, 0.513, 0.461]
[064/100] train_loss=0.515 train_acc=0.839 | val_loss=0.579 val_acc=0.835 | head_lr=5.00e-04 | enc_lr=1.00e-04
    IoU  [0.837, 0.254, 0.320]
    F1   [0.911, 0.405, 0.484]
    Rcl  [0.897, 0.460, 0.458]
    Prc  [0.926, 0.361, 0.514]
    AccC [0.897, 0.460, 0.458]
[065/100] train_loss=0.519 train_acc=0.837 | val_loss=0.575 val_acc=0.832 | head_lr=5.00e-04 | enc_lr=1.00e-04
    IoU  [0.833, 0.259, 0.322]
    F1   [0.909, 0.412, 0.487]
    Rcl  [0.889, 0.486, 0.456]
    Prc  [0.929, 0.357, 0.522]
    AccC [0.889, 0.486, 0.456]
✔ Saved improved model → general_dice_uxb_tpi_clr_segformer_b0_best.pth
[066/100] train_loss=0.516 train_acc=0.836 | val_loss=0.585 val_acc=0.836 | head_lr=5.00e-04 | enc_lr=1.00e-04
    IoU  [0.836, 0.260, 0.317]
    F1   [0.911, 0.413, 0.481]
    Rcl  [0.896, 0.476, 0.425]
    Prc  [0.926, 0.364, 0.555]
    AccC [0.896, 0.476, 0.425]
[067/100] train_loss=0.503 train_acc=0.839 | val_loss=0.565 val_acc=0.834 | head_lr=5.00e-04 | enc_lr=1.00e-04
    IoU  [0.836, 0.258, 0.326]
    F1   [0.910, 0.411, 0.491]
    Rcl  [0.893, 0.476, 0.466]
    Prc  [0.929, 0.361, 0.520]
    AccC [0.893, 0.476, 0.466]
✔ Saved improved model → general_dice_uxb_tpi_clr_segformer_b0_best.pth
[068/100] train_loss=0.526 train_acc=0.833 | val_loss=0.571 val_acc=0.828 | head_lr=5.00e-04 | enc_lr=1.00e-04
    IoU  [0.827, 0.268, 0.326]
    F1   [0.905, 0.422, 0.492]
    Rcl  [0.880, 0.526, 0.425]
    Prc  [0.932, 0.353, 0.584]
    AccC [0.880, 0.526, 0.425]
[069/100] train_loss=0.509 train_acc=0.836 | val_loss=0.572 val_acc=0.817 | head_lr=5.00e-04 | enc_lr=1.00e-04
    IoU  [0.817, 0.260, 0.322]
    F1   [0.899, 0.412, 0.487]
    Rcl  [0.865, 0.533, 0.480]
    Prc  [0.936, 0.336, 0.495]
    AccC [0.865, 0.533, 0.480]
[070/100] train_loss=0.516 train_acc=0.835 | val_loss=0.564 val_acc=0.833 | head_lr=5.00e-04 | enc_lr=1.00e-04
    IoU  [0.834, 0.266, 0.331]
    F1   [0.909, 0.420, 0.497]
    Rcl  [0.889, 0.501, 0.457]
    Prc  [0.931, 0.361, 0.546]
    AccC [0.889, 0.501, 0.457]
✔ Saved improved model → general_dice_uxb_tpi_clr_segformer_b0_best.pth
[071/100] train_loss=0.512 train_acc=0.837 | val_loss=0.566 val_acc=0.830 | head_lr=5.00e-04 | enc_lr=1.00e-04
    IoU  [0.831, 0.267, 0.325]
    F1   [0.908, 0.422, 0.490]
    Rcl  [0.884, 0.513, 0.457]
    Prc  [0.933, 0.358, 0.529]
    AccC [0.884, 0.513, 0.457]
[072/100] train_loss=0.510 train_acc=0.837 | val_loss=0.584 val_acc=0.835 | head_lr=5.00e-04 | enc_lr=1.00e-04
    IoU  [0.835, 0.273, 0.319]
    F1   [0.910, 0.429, 0.484]
    Rcl  [0.890, 0.517, 0.412]
    Prc  [0.931, 0.366, 0.587]
    AccC [0.890, 0.517, 0.412]
[073/100] train_loss=0.510 train_acc=0.838 | val_loss=0.580 val_acc=0.828 | head_lr=5.00e-04 | enc_lr=1.00e-04
    IoU  [0.828, 0.268, 0.314]
    F1   [0.906, 0.422, 0.478]
    Rcl  [0.881, 0.521, 0.438]
    Prc  [0.933, 0.355, 0.526]
    AccC [0.881, 0.521, 0.438]
[074/100] train_loss=0.498 train_acc=0.835 | val_loss=0.574 val_acc=0.834 | head_lr=5.00e-04 | enc_lr=1.00e-04
    IoU  [0.835, 0.267, 0.323]
    F1   [0.910, 0.421, 0.488]
    Rcl  [0.890, 0.501, 0.443]
    Prc  [0.931, 0.363, 0.544]
    AccC [0.890, 0.501, 0.443]
[075/100] train_loss=0.509 train_acc=0.835 | val_loss=0.562 val_acc=0.829 | head_lr=5.00e-04 | enc_lr=1.00e-04
    IoU  [0.830, 0.267, 0.332]
    F1   [0.907, 0.421, 0.499]
    Rcl  [0.882, 0.516, 0.480]
    Prc  [0.934, 0.356, 0.519]
    AccC [0.882, 0.516, 0.480]
✔ Saved improved model → general_dice_uxb_tpi_clr_segformer_b0_best.pth
[076/100] train_loss=0.512 train_acc=0.837 | val_loss=0.564 val_acc=0.826 | head_lr=5.00e-04 | enc_lr=1.00e-04
    IoU  [0.825, 0.274, 0.333]
    F1   [0.904, 0.430, 0.500]
    Rcl  [0.875, 0.551, 0.432]
    Prc  [0.935, 0.353, 0.592]
    AccC [0.875, 0.551, 0.432]
[077/100] train_loss=0.497 train_acc=0.836 | val_loss=0.569 val_acc=0.834 | head_lr=5.00e-04 | enc_lr=1.00e-04
    IoU  [0.833, 0.276, 0.324]
    F1   [0.909, 0.432, 0.490]
    Rcl  [0.887, 0.529, 0.417]
    Prc  [0.933, 0.365, 0.593]
    AccC [0.887, 0.529, 0.417]
[078/100] train_loss=0.514 train_acc=0.833 | val_loss=0.558 val_acc=0.832 | head_lr=5.00e-04 | enc_lr=1.00e-04
    IoU  [0.832, 0.276, 0.332]
    F1   [0.908, 0.433, 0.499]
    Rcl  [0.884, 0.534, 0.441]
    Prc  [0.934, 0.364, 0.574]
    AccC [0.884, 0.534, 0.441]
✔ Saved improved model → general_dice_uxb_tpi_clr_segformer_b0_best.pth
[079/100] train_loss=0.498 train_acc=0.837 | val_loss=0.559 val_acc=0.833 | head_lr=5.00e-04 | enc_lr=1.00e-04
    IoU  [0.833, 0.275, 0.337]
    F1   [0.909, 0.431, 0.504]
    Rcl  [0.886, 0.526, 0.448]
    Prc  [0.933, 0.365, 0.576]
    AccC [0.886, 0.526, 0.448]
[080/100] train_loss=0.491 train_acc=0.841 | val_loss=0.555 val_acc=0.842 | head_lr=5.00e-04 | enc_lr=1.00e-04
    IoU  [0.844, 0.270, 0.338]
    F1   [0.915, 0.425, 0.505]
    Rcl  [0.902, 0.481, 0.455]
    Prc  [0.929, 0.380, 0.567]
    AccC [0.902, 0.481, 0.455]
✔ Saved improved model → general_dice_uxb_tpi_clr_segformer_b0_best.pth
[081/100] train_loss=0.496 train_acc=0.840 | val_loss=0.554 val_acc=0.840 | head_lr=5.00e-04 | enc_lr=1.00e-04
    IoU  [0.841, 0.271, 0.338]
    F1   [0.914, 0.426, 0.505]
    Rcl  [0.899, 0.490, 0.459]
    Prc  [0.930, 0.377, 0.562]
    AccC [0.899, 0.490, 0.459]
✔ Saved improved model → general_dice_uxb_tpi_clr_segformer_b0_best.pth
[082/100] train_loss=0.490 train_acc=0.843 | val_loss=0.551 val_acc=0.835 | head_lr=5.00e-04 | enc_lr=1.00e-04
    IoU  [0.835, 0.277, 0.341]
    F1   [0.910, 0.434, 0.509]
    Rcl  [0.887, 0.527, 0.465]
    Prc  [0.934, 0.369, 0.562]
    AccC [0.887, 0.527, 0.465]
✔ Saved improved model → general_dice_uxb_tpi_clr_segformer_b0_best.pth
[083/100] train_loss=0.510 train_acc=0.839 | val_loss=0.562 val_acc=0.840 | head_lr=5.00e-04 | enc_lr=1.00e-04
    IoU  [0.840, 0.277, 0.337]
    F1   [0.913, 0.433, 0.504]
    Rcl  [0.896, 0.509, 0.439]
    Prc  [0.931, 0.377, 0.591]
    AccC [0.896, 0.509, 0.439]
[084/100] train_loss=0.485 train_acc=0.842 | val_loss=0.552 val_acc=0.842 | head_lr=5.00e-04 | enc_lr=1.00e-04
    IoU  [0.843, 0.275, 0.343]
    F1   [0.915, 0.432, 0.511]
    Rcl  [0.900, 0.496, 0.464]
    Prc  [0.931, 0.382, 0.568]
    AccC [0.900, 0.496, 0.464]
[085/100] train_loss=0.481 train_acc=0.840 | val_loss=0.546 val_acc=0.841 | head_lr=5.00e-04 | enc_lr=1.00e-04
    IoU  [0.842, 0.275, 0.347]
    F1   [0.914, 0.431, 0.516]
    Rcl  [0.898, 0.500, 0.463]
    Prc  [0.931, 0.379, 0.581]
    AccC [0.898, 0.500, 0.463]
✔ Saved improved model → general_dice_uxb_tpi_clr_segformer_b0_best.pth
[086/100] train_loss=0.482 train_acc=0.843 | val_loss=0.545 val_acc=0.840 | head_lr=5.00e-04 | enc_lr=1.00e-04
    IoU  [0.841, 0.277, 0.346]
    F1   [0.914, 0.434, 0.514]
    Rcl  [0.896, 0.507, 0.463]
    Prc  [0.932, 0.379, 0.578]
    AccC [0.896, 0.507, 0.463]
✔ Saved improved model → general_dice_uxb_tpi_clr_segformer_b0_best.pth
[087/100] train_loss=0.496 train_acc=0.840 | val_loss=0.543 val_acc=0.832 | head_lr=5.00e-04 | enc_lr=1.00e-04
    IoU  [0.832, 0.275, 0.349]
    F1   [0.908, 0.431, 0.517]
    Rcl  [0.882, 0.532, 0.480]
    Prc  [0.935, 0.363, 0.560]
    AccC [0.882, 0.532, 0.480]
✔ Saved improved model → general_dice_uxb_tpi_clr_segformer_b0_best.pth
[088/100] train_loss=0.484 train_acc=0.843 | val_loss=0.542 val_acc=0.843 | head_lr=5.00e-04 | enc_lr=1.00e-04
    IoU  [0.843, 0.279, 0.351]
    F1   [0.915, 0.436, 0.520]
    Rcl  [0.899, 0.505, 0.461]
    Prc  [0.931, 0.384, 0.596]
    AccC [0.899, 0.505, 0.461]
✔ Saved improved model → general_dice_uxb_tpi_clr_segformer_b0_best.pth
[089/100] train_loss=0.496 train_acc=0.842 | val_loss=0.542 val_acc=0.844 | head_lr=5.00e-04 | enc_lr=1.00e-04
    IoU  [0.844, 0.280, 0.351]
    F1   [0.915, 0.438, 0.520]
    Rcl  [0.900, 0.505, 0.461]
    Prc  [0.931, 0.386, 0.595]
    AccC [0.900, 0.505, 0.461]
✔ Saved improved model → general_dice_uxb_tpi_clr_segformer_b0_best.pth
[090/100] train_loss=0.493 train_acc=0.840 | val_loss=0.545 val_acc=0.837 | head_lr=5.00e-04 | enc_lr=1.00e-04
    IoU  [0.836, 0.283, 0.350]
    F1   [0.911, 0.441, 0.518]
    Rcl  [0.889, 0.537, 0.454]
    Prc  [0.934, 0.374, 0.604]
    AccC [0.889, 0.537, 0.454]
[091/100] train_loss=0.493 train_acc=0.841 | val_loss=0.553 val_acc=0.844 | head_lr=5.00e-04 | enc_lr=1.00e-04
    IoU  [0.844, 0.279, 0.342]
    F1   [0.916, 0.436, 0.510]
    Rcl  [0.902, 0.499, 0.433]
    Prc  [0.929, 0.386, 0.619]
    AccC [0.902, 0.499, 0.433]
[092/100] train_loss=0.481 train_acc=0.845 | val_loss=0.542 val_acc=0.830 | head_lr=5.00e-04 | enc_lr=1.00e-04
    IoU  [0.830, 0.277, 0.349]
    F1   [0.907, 0.433, 0.517]
    Rcl  [0.879, 0.541, 0.483]
    Prc  [0.936, 0.361, 0.558]
    AccC [0.879, 0.541, 0.483]
[093/100] train_loss=0.474 train_acc=0.847 | val_loss=0.539 val_acc=0.838 | head_lr=5.00e-04 | enc_lr=1.00e-04
    IoU  [0.838, 0.279, 0.353]
    F1   [0.912, 0.436, 0.522]
    Rcl  [0.891, 0.521, 0.480]
    Prc  [0.934, 0.375, 0.571]
    AccC [0.891, 0.521, 0.480]
✔ Saved improved model → general_dice_uxb_tpi_clr_segformer_b0_best.pth
[094/100] train_loss=0.459 train_acc=0.846 | val_loss=0.544 val_acc=0.842 | head_lr=5.00e-04 | enc_lr=1.00e-04
    IoU  [0.842, 0.279, 0.347]
    F1   [0.914, 0.437, 0.515]
    Rcl  [0.898, 0.508, 0.466]
    Prc  [0.931, 0.383, 0.576]
    AccC [0.898, 0.508, 0.466]
[095/100] train_loss=0.479 train_acc=0.844 | val_loss=0.541 val_acc=0.847 | head_lr=5.00e-04 | enc_lr=1.00e-04
    IoU  [0.847, 0.280, 0.353]
    F1   [0.917, 0.437, 0.522]
    Rcl  [0.906, 0.492, 0.459]
    Prc  [0.929, 0.393, 0.607]
    AccC [0.906, 0.492, 0.459]
[096/100] train_loss=0.467 train_acc=0.845 | val_loss=0.540 val_acc=0.846 | head_lr=5.00e-04 | enc_lr=1.00e-04
    IoU  [0.846, 0.284, 0.354]
    F1   [0.917, 0.442, 0.523]
    Rcl  [0.903, 0.507, 0.449]
    Prc  [0.930, 0.392, 0.626]
    AccC [0.903, 0.507, 0.449]
[097/100] train_loss=0.468 train_acc=0.845 | val_loss=0.537 val_acc=0.845 | head_lr=5.00e-04 | enc_lr=1.00e-04
    IoU  [0.844, 0.286, 0.357]
    F1   [0.916, 0.445, 0.526]
    Rcl  [0.900, 0.518, 0.456]
    Prc  [0.932, 0.390, 0.623]
    AccC [0.900, 0.518, 0.456]
✔ Saved improved model → general_dice_uxb_tpi_clr_segformer_b0_best.pth
[098/100] train_loss=0.471 train_acc=0.844 | val_loss=0.534 val_acc=0.841 | head_lr=5.00e-04 | enc_lr=1.00e-04
    IoU  [0.840, 0.282, 0.359]
    F1   [0.913, 0.440, 0.528]
    Rcl  [0.894, 0.520, 0.475]
    Prc  [0.933, 0.381, 0.594]
    AccC [0.894, 0.520, 0.475]
✔ Saved improved model → general_dice_uxb_tpi_clr_segformer_b0_best.pth
[099/100] train_loss=0.473 train_acc=0.842 | val_loss=0.534 val_acc=0.837 | head_lr=5.00e-04 | enc_lr=1.00e-04
    IoU  [0.836, 0.284, 0.358]
    F1   [0.911, 0.442, 0.528]
    Rcl  [0.887, 0.542, 0.464]
    Prc  [0.935, 0.373, 0.611]
    AccC [0.887, 0.542, 0.464]
✔ Saved improved model → general_dice_uxb_tpi_clr_segformer_b0_best.pth
[100/100] train_loss=0.471 train_acc=0.845 | val_loss=0.532 val_acc=0.840 | head_lr=5.00e-04 | enc_lr=1.00e-04
    IoU  [0.840, 0.284, 0.358]
    F1   [0.913, 0.442, 0.528]
    Rcl  [0.894, 0.525, 0.473]
    Prc  [0.934, 0.381, 0.597]
    AccC [0.894, 0.525, 0.473]
✔ Saved improved model → general_dice_uxb_tpi_clr_segformer_b0_best.pth
