Some weights of SegformerForSemanticSegmentation were not initialized from the model checkpoint at nvidia/segformer-b0-finetuned-ade-512-512 and are newly initialized because the shapes did not match:
- decode_head.classifier.weight: found shape torch.Size([150, 256, 1, 1]) in the checkpoint and torch.Size([3, 256, 1, 1]) in the model instantiated
- decode_head.classifier.bias: found shape torch.Size([150]) in the checkpoint and torch.Size([3]) in the model instantiated
You should probably TRAIN this model on a down-stream task to be able to use it for predictions and inference.
/work/archcomplab/yorazov2/Swin3DEnv/lib/python3.9/site-packages/torch/optim/lr_scheduler.py:143: UserWarning: Detected call of `lr_scheduler.step()` before `optimizer.step()`. In PyTorch 1.1.0 and later, you should call them in the opposite order: `optimizer.step()` before `lr_scheduler.step()`.  Failure to do this will result in PyTorch skipping the first value of the learning rate schedule. See more details at https://pytorch.org/docs/stable/optim.html#how-to-adjust-learning-rate
  warnings.warn("Detected call of `lr_scheduler.step()` before `optimizer.step()`. "
/work/archcomplab/yorazov2/Swin3DEnv/lib/python3.9/site-packages/torch/nn/modules/conv.py:456: UserWarning: Applied workaround for CuDNN issue, install nvrtc.so (Triggered internally at ../aten/src/ATen/native/cudnn/Conv_v8.cpp:80.)
  return F.conv2d(input, weight, bias, self.stride,
[001/100] train_loss=0.945 train_acc=0.118 | val_loss=0.942 val_acc=0.112 | head_lr=2.60e-05
    IoU  [0.002, 0.112, 0.027]
    F1   [0.004, 0.202, 0.053]
    Rcl  [0.002, 0.964, 0.058]
    Prc  [0.901, 0.113, 0.048]
    AccC [0.002, 0.964, 0.058]
✔ Saved improved model → general_dice_uxb_tpi_clr_segformer_b0_best.pth
[002/100] train_loss=0.942 train_acc=0.119 | val_loss=0.938 val_acc=0.110 | head_lr=5.09e-05
    IoU  [0.002, 0.110, 0.048]
    F1   [0.004, 0.198, 0.091]
    Rcl  [0.002, 0.935, 0.119]
    Prc  [0.907, 0.111, 0.074]
    AccC [0.002, 0.935, 0.119]
✔ Saved improved model → general_dice_uxb_tpi_clr_segformer_b0_best.pth
[003/100] train_loss=0.937 train_acc=0.114 | val_loss=0.931 val_acc=0.107 | head_lr=7.58e-05
    IoU  [0.001, 0.105, 0.083]
    F1   [0.002, 0.189, 0.153]
    Rcl  [0.001, 0.881, 0.255]
    Prc  [0.917, 0.106, 0.109]
    AccC [0.001, 0.881, 0.255]
✔ Saved improved model → general_dice_uxb_tpi_clr_segformer_b0_best.pth
[004/100] train_loss=0.929 train_acc=0.108 | val_loss=0.920 val_acc=0.103 | head_lr=1.01e-04
    IoU  [0.001, 0.098, 0.110]
    F1   [0.002, 0.178, 0.199]
    Rcl  [0.001, 0.811, 0.408]
    Prc  [0.912, 0.100, 0.131]
    AccC [0.001, 0.811, 0.408]
✔ Saved improved model → general_dice_uxb_tpi_clr_segformer_b0_best.pth
[005/100] train_loss=0.916 train_acc=0.103 | val_loss=0.904 val_acc=0.102 | head_lr=1.26e-04
    IoU  [0.000, 0.095, 0.133]
    F1   [0.000, 0.173, 0.235]
    Rcl  [0.000, 0.787, 0.496]
    Prc  [0.929, 0.097, 0.154]
    AccC [0.000, 0.787, 0.496]
✔ Saved improved model → general_dice_uxb_tpi_clr_segformer_b0_best.pth
[006/100] train_loss=0.899 train_acc=0.102 | val_loss=0.876 val_acc=0.105 | head_lr=1.51e-04
    IoU  [0.000, 0.096, 0.172]
    F1   [0.000, 0.176, 0.293]
    Rcl  [0.000, 0.820, 0.470]
    Prc  [1.000, 0.098, 0.213]
    AccC [0.000, 0.820, 0.470]
✔ Saved improved model → general_dice_uxb_tpi_clr_segformer_b0_best.pth
[007/100] train_loss=0.867 train_acc=0.106 | val_loss=0.834 val_acc=0.109 | head_lr=1.76e-04
    IoU  [0.000, 0.100, 0.195]
    F1   [0.000, 0.182, 0.326]
    Rcl  [0.000, 0.867, 0.407]
    Prc  [0.000, 0.102, 0.272]
    AccC [0.000, 0.867, 0.407]
✔ Saved improved model → general_dice_uxb_tpi_clr_segformer_b0_best.pth
[008/100] train_loss=0.829 train_acc=0.108 | val_loss=0.795 val_acc=0.109 | head_lr=2.01e-04
    IoU  [0.000, 0.101, 0.201]
    F1   [0.000, 0.183, 0.334]
    Rcl  [0.000, 0.871, 0.403]
    Prc  [0.000, 0.102, 0.286]
    AccC [0.000, 0.871, 0.403]
✔ Saved improved model → general_dice_uxb_tpi_clr_segformer_b0_best.pth
[009/100] train_loss=0.800 train_acc=0.110 | val_loss=0.768 val_acc=0.109 | head_lr=2.26e-04
    IoU  [0.000, 0.100, 0.207]
    F1   [0.000, 0.181, 0.343]
    Rcl  [0.000, 0.861, 0.437]
    Prc  [0.000, 0.101, 0.283]
    AccC [0.000, 0.861, 0.437]
✔ Saved improved model → general_dice_uxb_tpi_clr_segformer_b0_best.pth
[010/100] train_loss=0.765 train_acc=0.112 | val_loss=0.745 val_acc=0.111 | head_lr=2.51e-04
    IoU  [0.000, 0.102, 0.214]
    F1   [0.000, 0.185, 0.353]
    Rcl  [0.000, 0.884, 0.403]
    Prc  [0.000, 0.103, 0.314]
    AccC [0.000, 0.884, 0.403]
✔ Saved improved model → general_dice_uxb_tpi_clr_segformer_b0_best.pth
[011/100] train_loss=0.747 train_acc=0.113 | val_loss=0.732 val_acc=0.111 | head_lr=2.75e-04
    IoU  [0.000, 0.102, 0.214]
    F1   [0.000, 0.185, 0.353]
    Rcl  [0.000, 0.888, 0.395]
    Prc  [0.000, 0.104, 0.319]
    AccC [0.000, 0.888, 0.395]
✔ Saved improved model → general_dice_uxb_tpi_clr_segformer_b0_best.pth
[012/100] train_loss=0.715 train_acc=0.115 | val_loss=0.718 val_acc=0.112 | head_lr=3.00e-04
    IoU  [0.000, 0.103, 0.222]
    F1   [0.000, 0.186, 0.364]
    Rcl  [0.000, 0.893, 0.398]
    Prc  [0.000, 0.104, 0.335]
    AccC [0.000, 0.893, 0.398]
✔ Saved improved model → general_dice_uxb_tpi_clr_segformer_b0_best.pth
[013/100] train_loss=0.702 train_acc=0.116 | val_loss=0.708 val_acc=0.113 | head_lr=3.25e-04
    IoU  [0.000, 0.105, 0.226]
    F1   [0.000, 0.190, 0.369]
    Rcl  [0.000, 0.915, 0.361]
    Prc  [0.000, 0.106, 0.377]
    AccC [0.000, 0.915, 0.361]
✔ Saved improved model → general_dice_uxb_tpi_clr_segformer_b0_best.pth
[014/100] train_loss=0.694 train_acc=0.116 | val_loss=0.700 val_acc=0.112 | head_lr=3.50e-04
    IoU  [0.000, 0.103, 0.235]
    F1   [0.000, 0.186, 0.380]
    Rcl  [0.000, 0.894, 0.412]
    Prc  [0.000, 0.104, 0.353]
    AccC [0.000, 0.894, 0.412]
✔ Saved improved model → general_dice_uxb_tpi_clr_segformer_b0_best.pth
[015/100] train_loss=0.686 train_acc=0.116 | val_loss=0.699 val_acc=0.113 | head_lr=3.75e-04
    IoU  [0.000, 0.104, 0.231]
    F1   [0.000, 0.188, 0.376]
    Rcl  [0.000, 0.907, 0.385]
    Prc  [0.000, 0.105, 0.367]
    AccC [0.000, 0.907, 0.385]
✔ Saved improved model → general_dice_uxb_tpi_clr_segformer_b0_best.pth
[016/100] train_loss=0.672 train_acc=0.117 | val_loss=0.693 val_acc=0.114 | head_lr=4.00e-04
    IoU  [0.000, 0.106, 0.236]
    F1   [0.000, 0.192, 0.381]
    Rcl  [0.000, 0.929, 0.349]
    Prc  [0.000, 0.107, 0.420]
    AccC [0.000, 0.929, 0.349]
✔ Saved improved model → general_dice_uxb_tpi_clr_segformer_b0_best.pth
[017/100] train_loss=0.661 train_acc=0.118 | val_loss=0.684 val_acc=0.113 | head_lr=4.25e-04
    IoU  [0.000, 0.105, 0.240]
    F1   [0.000, 0.189, 0.387]
    Rcl  [0.000, 0.912, 0.391]
    Prc  [0.000, 0.106, 0.383]
    AccC [0.000, 0.912, 0.391]
✔ Saved improved model → general_dice_uxb_tpi_clr_segformer_b0_best.pth
[018/100] train_loss=0.644 train_acc=0.118 | val_loss=0.677 val_acc=0.114 | head_lr=4.50e-04
    IoU  [0.000, 0.104, 0.245]
    F1   [0.000, 0.189, 0.394]
    Rcl  [0.000, 0.911, 0.399]
    Prc  [0.000, 0.106, 0.389]
    AccC [0.000, 0.911, 0.399]
✔ Saved improved model → general_dice_uxb_tpi_clr_segformer_b0_best.pth
[019/100] train_loss=0.648 train_acc=0.118 | val_loss=0.673 val_acc=0.114 | head_lr=4.75e-04
    IoU  [0.000, 0.105, 0.245]
    F1   [0.000, 0.191, 0.393]
    Rcl  [0.000, 0.921, 0.374]
    Prc  [0.000, 0.106, 0.414]
    AccC [0.000, 0.921, 0.374]
✔ Saved improved model → general_dice_uxb_tpi_clr_segformer_b0_best.pth
[020/100] train_loss=0.651 train_acc=0.118 | val_loss=0.670 val_acc=0.114 | head_lr=5.00e-04
    IoU  [0.000, 0.105, 0.247]
    F1   [0.000, 0.191, 0.396]
    Rcl  [0.000, 0.920, 0.380]
    Prc  [0.000, 0.106, 0.414]
    AccC [0.000, 0.920, 0.380]
✔ Saved improved model → general_dice_uxb_tpi_clr_segformer_b0_best.pth
→ Unfroze last backbone stage at epoch 21
[021/100] train_loss=0.628 train_acc=0.119 | val_loss=0.666 val_acc=0.112 | head_lr=5.00e-04 | enc_lr=5.95e-06
    IoU  [0.000, 0.102, 0.245]
    F1   [0.000, 0.186, 0.394]
    Rcl  [0.000, 0.890, 0.432]
    Prc  [0.000, 0.104, 0.361]
    AccC [0.000, 0.890, 0.432]
✔ Saved improved model → general_dice_uxb_tpi_clr_segformer_b0_best.pth
[022/100] train_loss=0.633 train_acc=0.119 | val_loss=0.658 val_acc=0.113 | head_lr=5.00e-04 | enc_lr=1.09e-05
    IoU  [0.000, 0.103, 0.257]
    F1   [0.000, 0.187, 0.409]
    Rcl  [0.000, 0.900, 0.431]
    Prc  [0.000, 0.104, 0.390]
    AccC [0.000, 0.900, 0.431]
✔ Saved improved model → general_dice_uxb_tpi_clr_segformer_b0_best.pth
[023/100] train_loss=0.627 train_acc=0.119 | val_loss=0.659 val_acc=0.114 | head_lr=5.00e-04 | enc_lr=1.58e-05
    IoU  [0.000, 0.104, 0.257]
    F1   [0.000, 0.188, 0.409]
    Rcl  [0.000, 0.907, 0.416]
    Prc  [0.000, 0.105, 0.403]
    AccC [0.000, 0.907, 0.416]
[024/100] train_loss=0.626 train_acc=0.119 | val_loss=0.663 val_acc=0.114 | head_lr=5.00e-04 | enc_lr=2.08e-05
    IoU  [0.000, 0.106, 0.251]
    F1   [0.000, 0.191, 0.402]
    Rcl  [0.000, 0.923, 0.378]
    Prc  [0.000, 0.107, 0.429]
    AccC [0.000, 0.923, 0.378]
[025/100] train_loss=0.634 train_acc=0.119 | val_loss=0.667 val_acc=0.115 | head_lr=5.00e-04 | enc_lr=2.58e-05
    IoU  [0.000, 0.106, 0.250]
    F1   [0.000, 0.192, 0.400]
    Rcl  [0.000, 0.931, 0.361]
    Prc  [0.000, 0.107, 0.449]
    AccC [0.000, 0.931, 0.361]
[026/100] train_loss=0.623 train_acc=0.119 | val_loss=0.654 val_acc=0.115 | head_lr=5.00e-04 | enc_lr=3.07e-05
    IoU  [0.000, 0.106, 0.253]
    F1   [0.000, 0.191, 0.404]
    Rcl  [0.000, 0.922, 0.390]
    Prc  [0.000, 0.107, 0.418]
    AccC [0.000, 0.922, 0.390]
✔ Saved improved model → general_dice_uxb_tpi_clr_segformer_b0_best.pth
[027/100] train_loss=0.623 train_acc=0.118 | val_loss=0.653 val_acc=0.115 | head_lr=5.00e-04 | enc_lr=3.56e-05
    IoU  [0.000, 0.106, 0.257]
    F1   [0.000, 0.192, 0.409]
    Rcl  [0.000, 0.930, 0.381]
    Prc  [0.000, 0.107, 0.441]
    AccC [0.000, 0.930, 0.381]
✔ Saved improved model → general_dice_uxb_tpi_clr_segformer_b0_best.pth
[028/100] train_loss=0.623 train_acc=0.119 | val_loss=0.647 val_acc=0.115 | head_lr=5.00e-04 | enc_lr=4.06e-05
    IoU  [0.000, 0.106, 0.258]
    F1   [0.000, 0.191, 0.410]
    Rcl  [0.000, 0.924, 0.389]
    Prc  [0.000, 0.107, 0.434]
    AccC [0.000, 0.924, 0.389]
✔ Saved improved model → general_dice_uxb_tpi_clr_segformer_b0_best.pth
[029/100] train_loss=0.610 train_acc=0.119 | val_loss=0.644 val_acc=0.114 | head_lr=5.00e-04 | enc_lr=4.56e-05
    IoU  [0.000, 0.104, 0.264]
    F1   [0.000, 0.189, 0.418]
    Rcl  [0.000, 0.907, 0.427]
    Prc  [0.000, 0.105, 0.409]
    AccC [0.000, 0.907, 0.427]
✔ Saved improved model → general_dice_uxb_tpi_clr_segformer_b0_best.pth
[030/100] train_loss=0.605 train_acc=0.120 | val_loss=0.645 val_acc=0.115 | head_lr=5.00e-04 | enc_lr=5.05e-05
    IoU  [0.000, 0.106, 0.262]
    F1   [0.000, 0.192, 0.415]
    Rcl  [0.000, 0.926, 0.387]
    Prc  [0.000, 0.107, 0.447]
    AccC [0.000, 0.926, 0.387]
[031/100] train_loss=0.602 train_acc=0.121 | val_loss=0.639 val_acc=0.115 | head_lr=5.00e-04 | enc_lr=5.54e-05
    IoU  [0.000, 0.106, 0.269]
    F1   [0.000, 0.191, 0.423]
    Rcl  [0.000, 0.921, 0.409]
    Prc  [0.000, 0.106, 0.439]
    AccC [0.000, 0.921, 0.409]
✔ Saved improved model → general_dice_uxb_tpi_clr_segformer_b0_best.pth
[032/100] train_loss=0.599 train_acc=0.120 | val_loss=0.642 val_acc=0.115 | head_lr=5.00e-04 | enc_lr=6.04e-05
    IoU  [0.000, 0.106, 0.262]
    F1   [0.000, 0.191, 0.416]
    Rcl  [0.000, 0.923, 0.390]
    Prc  [0.000, 0.107, 0.444]
    AccC [0.000, 0.923, 0.390]
[033/100] train_loss=0.580 train_acc=0.121 | val_loss=0.637 val_acc=0.115 | head_lr=5.00e-04 | enc_lr=6.54e-05
    IoU  [0.000, 0.106, 0.271]
    F1   [0.000, 0.191, 0.426]
    Rcl  [0.000, 0.923, 0.409]
    Prc  [0.000, 0.107, 0.445]
    AccC [0.000, 0.923, 0.409]
✔ Saved improved model → general_dice_uxb_tpi_clr_segformer_b0_best.pth
[034/100] train_loss=0.579 train_acc=0.120 | val_loss=0.636 val_acc=0.115 | head_lr=5.00e-04 | enc_lr=7.03e-05
    IoU  [0.000, 0.106, 0.275]
    F1   [0.000, 0.191, 0.431]
    Rcl  [0.000, 0.921, 0.415]
    Prc  [0.000, 0.106, 0.448]
    AccC [0.000, 0.921, 0.415]
✔ Saved improved model → general_dice_uxb_tpi_clr_segformer_b0_best.pth
[035/100] train_loss=0.592 train_acc=0.120 | val_loss=0.635 val_acc=0.113 | head_lr=5.00e-04 | enc_lr=7.52e-05
    IoU  [0.000, 0.103, 0.265]
    F1   [0.000, 0.187, 0.419]
    Rcl  [0.000, 0.897, 0.444]
    Prc  [0.000, 0.104, 0.396]
    AccC [0.000, 0.897, 0.444]
✔ Saved improved model → general_dice_uxb_tpi_clr_segformer_b0_best.pth
[036/100] train_loss=0.596 train_acc=0.120 | val_loss=0.640 val_acc=0.116 | head_lr=5.00e-04 | enc_lr=8.02e-05
    IoU  [0.000, 0.107, 0.270]
    F1   [0.000, 0.193, 0.425]
    Rcl  [0.000, 0.932, 0.389]
    Prc  [0.000, 0.107, 0.468]
    AccC [0.000, 0.932, 0.389]
[037/100] train_loss=0.596 train_acc=0.120 | val_loss=0.633 val_acc=0.115 | head_lr=5.00e-04 | enc_lr=8.51e-05
    IoU  [0.000, 0.105, 0.274]
    F1   [0.000, 0.190, 0.430]
    Rcl  [0.000, 0.916, 0.425]
    Prc  [0.000, 0.106, 0.434]
    AccC [0.000, 0.916, 0.425]
✔ Saved improved model → general_dice_uxb_tpi_clr_segformer_b0_best.pth
[038/100] train_loss=0.577 train_acc=0.121 | val_loss=0.627 val_acc=0.116 | head_lr=5.00e-04 | enc_lr=9.01e-05
    IoU  [0.000, 0.106, 0.276]
    F1   [0.000, 0.192, 0.433]
    Rcl  [0.000, 0.927, 0.406]
    Prc  [0.000, 0.107, 0.465]
    AccC [0.000, 0.927, 0.406]
✔ Saved improved model → general_dice_uxb_tpi_clr_segformer_b0_best.pth
[039/100] train_loss=0.574 train_acc=0.121 | val_loss=0.634 val_acc=0.116 | head_lr=5.00e-04 | enc_lr=9.51e-05
    IoU  [0.000, 0.107, 0.273]
    F1   [0.000, 0.194, 0.428]
    Rcl  [0.000, 0.939, 0.379]
    Prc  [0.000, 0.108, 0.492]
    AccC [0.000, 0.939, 0.379]
[040/100] train_loss=0.583 train_acc=0.121 | val_loss=0.630 val_acc=0.115 | head_lr=5.00e-04 | enc_lr=1.00e-04
    IoU  [0.000, 0.106, 0.275]
    F1   [0.000, 0.191, 0.431]
    Rcl  [0.000, 0.923, 0.412]
    Prc  [0.000, 0.107, 0.452]
    AccC [0.000, 0.923, 0.412]
[041/100] train_loss=0.560 train_acc=0.122 | val_loss=0.628 val_acc=0.116 | head_lr=5.00e-04 | enc_lr=1.00e-04
    IoU  [0.000, 0.106, 0.280]
    F1   [0.000, 0.192, 0.438]
    Rcl  [0.000, 0.929, 0.410]
    Prc  [0.000, 0.107, 0.470]
    AccC [0.000, 0.929, 0.410]
[042/100] train_loss=0.581 train_acc=0.120 | val_loss=0.621 val_acc=0.116 | head_lr=5.00e-04 | enc_lr=1.00e-04
    IoU  [0.000, 0.106, 0.288]
    F1   [0.000, 0.192, 0.447]
    Rcl  [0.000, 0.926, 0.423]
    Prc  [0.000, 0.107, 0.474]
    AccC [0.000, 0.926, 0.423]
✔ Saved improved model → general_dice_uxb_tpi_clr_segformer_b0_best.pth
[043/100] train_loss=0.563 train_acc=0.121 | val_loss=0.619 val_acc=0.115 | head_lr=5.00e-04 | enc_lr=1.00e-04
    IoU  [0.000, 0.105, 0.281]
    F1   [0.000, 0.191, 0.439]
    Rcl  [0.000, 0.920, 0.425]
    Prc  [0.000, 0.106, 0.455]
    AccC [0.000, 0.920, 0.425]
✔ Saved improved model → general_dice_uxb_tpi_clr_segformer_b0_best.pth
[044/100] train_loss=0.562 train_acc=0.121 | val_loss=0.621 val_acc=0.117 | head_lr=5.00e-04 | enc_lr=1.00e-04
    IoU  [0.000, 0.107, 0.287]
    F1   [0.000, 0.194, 0.446]
    Rcl  [0.000, 0.939, 0.397]
    Prc  [0.000, 0.108, 0.509]
    AccC [0.000, 0.939, 0.397]
[045/100] train_loss=0.550 train_acc=0.122 | val_loss=0.619 val_acc=0.116 | head_lr=5.00e-04 | enc_lr=1.00e-04
    IoU  [0.000, 0.106, 0.284]
    F1   [0.000, 0.191, 0.443]
    Rcl  [0.000, 0.924, 0.422]
    Prc  [0.000, 0.107, 0.466]
    AccC [0.000, 0.924, 0.422]
[046/100] train_loss=0.562 train_acc=0.122 | val_loss=0.619 val_acc=0.116 | head_lr=5.00e-04 | enc_lr=1.00e-04
    IoU  [0.000, 0.106, 0.290]
    F1   [0.000, 0.192, 0.449]
    Rcl  [0.000, 0.925, 0.431]
    Prc  [0.000, 0.107, 0.470]
    AccC [0.000, 0.925, 0.431]
✔ Saved improved model → general_dice_uxb_tpi_clr_segformer_b0_best.pth
[047/100] train_loss=0.571 train_acc=0.121 | val_loss=0.613 val_acc=0.116 | head_lr=5.00e-04 | enc_lr=1.00e-04
    IoU  [0.000, 0.105, 0.293]
    F1   [0.000, 0.190, 0.453]
    Rcl  [0.000, 0.916, 0.452]
    Prc  [0.000, 0.106, 0.453]
    AccC [0.000, 0.916, 0.452]
✔ Saved improved model → general_dice_uxb_tpi_clr_segformer_b0_best.pth
[048/100] train_loss=0.554 train_acc=0.122 | val_loss=0.615 val_acc=0.116 | head_lr=5.00e-04 | enc_lr=1.00e-04
    IoU  [0.000, 0.106, 0.293]
    F1   [0.000, 0.192, 0.453]
    Rcl  [0.000, 0.930, 0.422]
    Prc  [0.000, 0.107, 0.489]
    AccC [0.000, 0.930, 0.422]
[049/100] train_loss=0.556 train_acc=0.121 | val_loss=0.609 val_acc=0.117 | head_lr=5.00e-04 | enc_lr=1.00e-04
    IoU  [0.000, 0.107, 0.301]
    F1   [0.000, 0.193, 0.462]
    Rcl  [0.000, 0.932, 0.429]
    Prc  [0.000, 0.108, 0.501]
    AccC [0.000, 0.932, 0.429]
✔ Saved improved model → general_dice_uxb_tpi_clr_segformer_b0_best.pth
[050/100] train_loss=0.560 train_acc=0.122 | val_loss=0.605 val_acc=0.116 | head_lr=5.00e-04 | enc_lr=1.00e-04
    IoU  [0.000, 0.105, 0.298]
    F1   [0.000, 0.190, 0.460]
    Rcl  [0.000, 0.915, 0.459]
    Prc  [0.000, 0.106, 0.460]
    AccC [0.000, 0.915, 0.459]
✔ Saved improved model → general_dice_uxb_tpi_clr_segformer_b0_best.pth
[051/100] train_loss=0.561 train_acc=0.122 | val_loss=0.620 val_acc=0.117 | head_lr=5.00e-04 | enc_lr=1.00e-04
    IoU  [0.000, 0.108, 0.289]
    F1   [0.000, 0.195, 0.449]
    Rcl  [0.000, 0.944, 0.387]
    Prc  [0.000, 0.108, 0.534]
    AccC [0.000, 0.944, 0.387]
[052/100] train_loss=0.562 train_acc=0.122 | val_loss=0.609 val_acc=0.117 | head_lr=5.00e-04 | enc_lr=1.00e-04
    IoU  [0.000, 0.107, 0.298]
    F1   [0.000, 0.193, 0.459]
    Rcl  [0.000, 0.936, 0.420]
    Prc  [0.000, 0.108, 0.508]
    AccC [0.000, 0.936, 0.420]
[053/100] train_loss=0.559 train_acc=0.122 | val_loss=0.613 val_acc=0.117 | head_lr=5.00e-04 | enc_lr=1.00e-04
    IoU  [0.000, 0.107, 0.292]
    F1   [0.000, 0.193, 0.452]
    Rcl  [0.000, 0.933, 0.414]
    Prc  [0.000, 0.108, 0.496]
    AccC [0.000, 0.933, 0.414]
[054/100] train_loss=0.543 train_acc=0.122 | val_loss=0.603 val_acc=0.117 | head_lr=5.00e-04 | enc_lr=1.00e-04
    IoU  [0.000, 0.106, 0.302]
    F1   [0.000, 0.192, 0.464]
    Rcl  [0.000, 0.927, 0.441]
    Prc  [0.000, 0.107, 0.490]
    AccC [0.000, 0.927, 0.441]
✔ Saved improved model → general_dice_uxb_tpi_clr_segformer_b0_best.pth
[055/100] train_loss=0.533 train_acc=0.123 | val_loss=0.607 val_acc=0.117 | head_lr=5.00e-04 | enc_lr=1.00e-04
    IoU  [0.000, 0.108, 0.300]
    F1   [0.000, 0.194, 0.461]
    Rcl  [0.000, 0.942, 0.405]
    Prc  [0.000, 0.108, 0.535]
    AccC [0.000, 0.942, 0.405]
[056/100] train_loss=0.544 train_acc=0.123 | val_loss=0.594 val_acc=0.116 | head_lr=5.00e-04 | enc_lr=1.00e-04
    IoU  [0.000, 0.105, 0.309]
    F1   [0.000, 0.190, 0.473]
    Rcl  [0.000, 0.917, 0.468]
    Prc  [0.000, 0.106, 0.477]
    AccC [0.000, 0.917, 0.468]
✔ Saved improved model → general_dice_uxb_tpi_clr_segformer_b0_best.pth
[057/100] train_loss=0.547 train_acc=0.122 | val_loss=0.603 val_acc=0.117 | head_lr=5.00e-04 | enc_lr=1.00e-04
    IoU  [0.000, 0.107, 0.304]
    F1   [0.000, 0.194, 0.466]
    Rcl  [0.000, 0.937, 0.422]
    Prc  [0.000, 0.108, 0.521]
    AccC [0.000, 0.937, 0.422]
[058/100] train_loss=0.549 train_acc=0.122 | val_loss=0.603 val_acc=0.117 | head_lr=5.00e-04 | enc_lr=1.00e-04
    IoU  [0.000, 0.106, 0.305]
    F1   [0.000, 0.192, 0.467]
    Rcl  [0.000, 0.930, 0.438]
    Prc  [0.000, 0.107, 0.501]
    AccC [0.000, 0.930, 0.438]
[059/100] train_loss=0.538 train_acc=0.123 | val_loss=0.595 val_acc=0.117 | head_lr=5.00e-04 | enc_lr=1.00e-04
    IoU  [0.000, 0.107, 0.311]
    F1   [0.000, 0.193, 0.474]
    Rcl  [0.000, 0.934, 0.436]
    Prc  [0.000, 0.108, 0.518]
    AccC [0.000, 0.934, 0.436]
[060/100] train_loss=0.536 train_acc=0.123 | val_loss=0.600 val_acc=0.117 | head_lr=5.00e-04 | enc_lr=1.00e-04
    IoU  [0.000, 0.107, 0.308]
    F1   [0.000, 0.193, 0.470]
    Rcl  [0.000, 0.936, 0.432]
    Prc  [0.000, 0.108, 0.516]
    AccC [0.000, 0.936, 0.432]
[061/100] train_loss=0.538 train_acc=0.123 | val_loss=0.596 val_acc=0.117 | head_lr=5.00e-04 | enc_lr=1.00e-04
    IoU  [0.000, 0.107, 0.311]
    F1   [0.000, 0.193, 0.475]
    Rcl  [0.000, 0.932, 0.444]
    Prc  [0.000, 0.108, 0.510]
    AccC [0.000, 0.932, 0.444]
[062/100] train_loss=0.537 train_acc=0.122 | val_loss=0.593 val_acc=0.117 | head_lr=5.00e-04 | enc_lr=1.00e-04
    IoU  [0.000, 0.107, 0.313]
    F1   [0.000, 0.193, 0.477]
    Rcl  [0.000, 0.935, 0.437]
    Prc  [0.000, 0.108, 0.524]
    AccC [0.000, 0.935, 0.437]
✔ Saved improved model → general_dice_uxb_tpi_clr_segformer_b0_best.pth
[063/100] train_loss=0.535 train_acc=0.122 | val_loss=0.590 val_acc=0.118 | head_lr=5.00e-04 | enc_lr=1.00e-04
    IoU  [0.000, 0.107, 0.320]
    F1   [0.000, 0.194, 0.485]
    Rcl  [0.000, 0.939, 0.435]
    Prc  [0.000, 0.108, 0.546]
    AccC [0.000, 0.939, 0.435]
✔ Saved improved model → general_dice_uxb_tpi_clr_segformer_b0_best.pth
[064/100] train_loss=0.529 train_acc=0.123 | val_loss=0.587 val_acc=0.116 | head_lr=5.00e-04 | enc_lr=1.00e-04
    IoU  [0.000, 0.104, 0.316]
    F1   [0.000, 0.189, 0.480]
    Rcl  [0.000, 0.910, 0.491]
    Prc  [0.000, 0.106, 0.469]
    AccC [0.000, 0.910, 0.491]
✔ Saved improved model → general_dice_uxb_tpi_clr_segformer_b0_best.pth
[065/100] train_loss=0.534 train_acc=0.123 | val_loss=0.582 val_acc=0.118 | head_lr=5.00e-04 | enc_lr=1.00e-04
    IoU  [0.000, 0.107, 0.321]
    F1   [0.000, 0.194, 0.486]
    Rcl  [0.000, 0.938, 0.441]
    Prc  [0.000, 0.108, 0.542]
    AccC [0.000, 0.938, 0.441]
✔ Saved improved model → general_dice_uxb_tpi_clr_segformer_b0_best.pth
[066/100] train_loss=0.535 train_acc=0.122 | val_loss=0.590 val_acc=0.118 | head_lr=5.00e-04 | enc_lr=1.00e-04
    IoU  [0.000, 0.108, 0.313]
    F1   [0.000, 0.194, 0.477]
    Rcl  [0.000, 0.941, 0.428]
    Prc  [0.000, 0.108, 0.539]
    AccC [0.000, 0.941, 0.428]
[067/100] train_loss=0.531 train_acc=0.123 | val_loss=0.588 val_acc=0.118 | head_lr=5.00e-04 | enc_lr=1.00e-04
    IoU  [0.000, 0.107, 0.317]
    F1   [0.000, 0.194, 0.481]
    Rcl  [0.000, 0.936, 0.442]
    Prc  [0.000, 0.108, 0.528]
    AccC [0.000, 0.936, 0.442]
[068/100] train_loss=0.538 train_acc=0.122 | val_loss=0.585 val_acc=0.117 | head_lr=5.00e-04 | enc_lr=1.00e-04
    IoU  [0.000, 0.106, 0.322]
    F1   [0.000, 0.192, 0.487]
    Rcl  [0.000, 0.925, 0.472]
    Prc  [0.000, 0.107, 0.504]
    AccC [0.000, 0.925, 0.472]
[069/100] train_loss=0.530 train_acc=0.123 | val_loss=0.586 val_acc=0.117 | head_lr=5.00e-04 | enc_lr=1.00e-04
    IoU  [0.000, 0.107, 0.318]
    F1   [0.000, 0.193, 0.483]
    Rcl  [0.000, 0.931, 0.455]
    Prc  [0.000, 0.107, 0.514]
    AccC [0.000, 0.931, 0.455]
[070/100] train_loss=0.520 train_acc=0.124 | val_loss=0.585 val_acc=0.118 | head_lr=5.00e-04 | enc_lr=1.00e-04
    IoU  [0.000, 0.107, 0.321]
    F1   [0.000, 0.193, 0.486]
    Rcl  [0.000, 0.934, 0.448]
    Prc  [0.000, 0.108, 0.532]
    AccC [0.000, 0.934, 0.448]
[071/100] train_loss=0.510 train_acc=0.123 | val_loss=0.590 val_acc=0.118 | head_lr=5.00e-04 | enc_lr=1.00e-04
    IoU  [0.000, 0.108, 0.317]
    F1   [0.000, 0.195, 0.481]
    Rcl  [0.000, 0.948, 0.417]
    Prc  [0.000, 0.109, 0.569]
    AccC [0.000, 0.948, 0.417]
[072/100] train_loss=0.526 train_acc=0.123 | val_loss=0.583 val_acc=0.118 | head_lr=5.00e-04 | enc_lr=1.00e-04
    IoU  [0.000, 0.107, 0.322]
    F1   [0.000, 0.194, 0.487]
    Rcl  [0.000, 0.937, 0.444]
    Prc  [0.000, 0.108, 0.540]
    AccC [0.000, 0.937, 0.444]
[073/100] train_loss=0.526 train_acc=0.123 | val_loss=0.585 val_acc=0.118 | head_lr=5.00e-04 | enc_lr=1.00e-04
    IoU  [0.000, 0.107, 0.322]
    F1   [0.000, 0.194, 0.487]
    Rcl  [0.000, 0.939, 0.441]
    Prc  [0.000, 0.108, 0.544]
    AccC [0.000, 0.939, 0.441]
[074/100] train_loss=0.505 train_acc=0.124 | val_loss=0.580 val_acc=0.118 | head_lr=5.00e-04 | enc_lr=1.00e-04
    IoU  [0.000, 0.107, 0.322]
    F1   [0.000, 0.194, 0.488]
    Rcl  [0.000, 0.937, 0.446]
    Prc  [0.000, 0.108, 0.538]
    AccC [0.000, 0.937, 0.446]
✔ Saved improved model → general_dice_uxb_tpi_clr_segformer_b0_best.pth
[075/100] train_loss=0.548 train_acc=0.123 | val_loss=0.582 val_acc=0.118 | head_lr=5.00e-04 | enc_lr=1.00e-04
    IoU  [0.000, 0.108, 0.329]
    F1   [0.000, 0.195, 0.495]
    Rcl  [0.000, 0.943, 0.440]
    Prc  [0.000, 0.109, 0.566]
    AccC [0.000, 0.943, 0.440]
[076/100] train_loss=0.527 train_acc=0.123 | val_loss=0.582 val_acc=0.118 | head_lr=5.00e-04 | enc_lr=1.00e-04
    IoU  [0.000, 0.108, 0.325]
    F1   [0.000, 0.195, 0.491]
    Rcl  [0.000, 0.944, 0.439]
    Prc  [0.000, 0.109, 0.556]
    AccC [0.000, 0.944, 0.439]
[077/100] train_loss=0.533 train_acc=0.122 | val_loss=0.572 val_acc=0.119 | head_lr=5.00e-04 | enc_lr=1.00e-04
    IoU  [0.000, 0.107, 0.336]
    F1   [0.000, 0.194, 0.503]
    Rcl  [0.000, 0.935, 0.480]
    Prc  [0.000, 0.108, 0.528]
    AccC [0.000, 0.935, 0.480]
✔ Saved improved model → general_dice_uxb_tpi_clr_segformer_b0_best.pth
[078/100] train_loss=0.517 train_acc=0.123 | val_loss=0.572 val_acc=0.118 | head_lr=5.00e-04 | enc_lr=1.00e-04
    IoU  [0.000, 0.107, 0.327]
    F1   [0.000, 0.193, 0.493]
    Rcl  [0.000, 0.930, 0.465]
    Prc  [0.000, 0.107, 0.524]
    AccC [0.000, 0.930, 0.465]
[079/100] train_loss=0.519 train_acc=0.123 | val_loss=0.569 val_acc=0.118 | head_lr=5.00e-04 | enc_lr=1.00e-04
    IoU  [0.000, 0.107, 0.336]
    F1   [0.000, 0.194, 0.503]
    Rcl  [0.000, 0.936, 0.468]
    Prc  [0.000, 0.108, 0.542]
    AccC [0.000, 0.936, 0.468]
✔ Saved improved model → general_dice_uxb_tpi_clr_segformer_b0_best.pth
[080/100] train_loss=0.496 train_acc=0.124 | val_loss=0.571 val_acc=0.119 | head_lr=5.00e-04 | enc_lr=1.00e-04
    IoU  [0.000, 0.108, 0.335]
    F1   [0.000, 0.195, 0.502]
    Rcl  [0.000, 0.948, 0.439]
    Prc  [0.000, 0.109, 0.586]
    AccC [0.000, 0.948, 0.439]
[081/100] train_loss=0.503 train_acc=0.124 | val_loss=0.570 val_acc=0.118 | head_lr=5.00e-04 | enc_lr=1.00e-04
    IoU  [0.000, 0.107, 0.334]
    F1   [0.000, 0.193, 0.501]
    Rcl  [0.000, 0.935, 0.470]
    Prc  [0.000, 0.108, 0.536]
    AccC [0.000, 0.935, 0.470]
[082/100] train_loss=0.500 train_acc=0.124 | val_loss=0.569 val_acc=0.119 | head_lr=5.00e-04 | enc_lr=1.00e-04
    IoU  [0.000, 0.108, 0.336]
    F1   [0.000, 0.195, 0.503]
    Rcl  [0.000, 0.946, 0.446]
    Prc  [0.000, 0.109, 0.578]
    AccC [0.000, 0.946, 0.446]
[083/100] train_loss=0.503 train_acc=0.124 | val_loss=0.565 val_acc=0.119 | head_lr=5.00e-04 | enc_lr=1.00e-04
    IoU  [0.000, 0.107, 0.339]
    F1   [0.000, 0.194, 0.507]
    Rcl  [0.000, 0.939, 0.468]
    Prc  [0.000, 0.108, 0.552]
    AccC [0.000, 0.939, 0.468]
✔ Saved improved model → general_dice_uxb_tpi_clr_segformer_b0_best.pth
[084/100] train_loss=0.512 train_acc=0.123 | val_loss=0.564 val_acc=0.118 | head_lr=5.00e-04 | enc_lr=1.00e-04
    IoU  [0.000, 0.107, 0.339]
    F1   [0.000, 0.193, 0.506]
    Rcl  [0.000, 0.934, 0.478]
    Prc  [0.000, 0.108, 0.538]
    AccC [0.000, 0.934, 0.478]
✔ Saved improved model → general_dice_uxb_tpi_clr_segformer_b0_best.pth
[085/100] train_loss=0.516 train_acc=0.124 | val_loss=0.562 val_acc=0.119 | head_lr=5.00e-04 | enc_lr=1.00e-04
    IoU  [0.000, 0.108, 0.342]
    F1   [0.000, 0.195, 0.510]
    Rcl  [0.000, 0.943, 0.460]
    Prc  [0.000, 0.109, 0.572]
    AccC [0.000, 0.943, 0.460]
✔ Saved improved model → general_dice_uxb_tpi_clr_segformer_b0_best.pth
[086/100] train_loss=0.500 train_acc=0.124 | val_loss=0.560 val_acc=0.119 | head_lr=5.00e-04 | enc_lr=1.00e-04
    IoU  [0.000, 0.108, 0.346]
    F1   [0.000, 0.194, 0.514]
    Rcl  [0.000, 0.941, 0.468]
    Prc  [0.000, 0.108, 0.571]
    AccC [0.000, 0.941, 0.468]
✔ Saved improved model → general_dice_uxb_tpi_clr_segformer_b0_best.pth
[087/100] train_loss=0.494 train_acc=0.125 | val_loss=0.558 val_acc=0.119 | head_lr=5.00e-04 | enc_lr=1.00e-04
    IoU  [0.000, 0.108, 0.347]
    F1   [0.000, 0.195, 0.516]
    Rcl  [0.000, 0.942, 0.465]
    Prc  [0.000, 0.109, 0.579]
    AccC [0.000, 0.942, 0.465]
✔ Saved improved model → general_dice_uxb_tpi_clr_segformer_b0_best.pth
[088/100] train_loss=0.492 train_acc=0.124 | val_loss=0.559 val_acc=0.119 | head_lr=5.00e-04 | enc_lr=1.00e-04
    IoU  [0.000, 0.108, 0.348]
    F1   [0.000, 0.195, 0.516]
    Rcl  [0.000, 0.944, 0.463]
    Prc  [0.000, 0.109, 0.583]
    AccC [0.000, 0.944, 0.463]
[089/100] train_loss=0.511 train_acc=0.124 | val_loss=0.560 val_acc=0.118 | head_lr=5.00e-04 | enc_lr=1.00e-04
    IoU  [0.000, 0.107, 0.344]
    F1   [0.000, 0.193, 0.511]
    Rcl  [0.000, 0.931, 0.488]
    Prc  [0.000, 0.107, 0.537]
    AccC [0.000, 0.931, 0.488]
[090/100] train_loss=0.504 train_acc=0.124 | val_loss=0.564 val_acc=0.119 | head_lr=5.00e-04 | enc_lr=1.00e-04
    IoU  [0.000, 0.108, 0.341]
    F1   [0.000, 0.195, 0.509]
    Rcl  [0.000, 0.946, 0.449]
    Prc  [0.000, 0.109, 0.588]
    AccC [0.000, 0.946, 0.449]
[091/100] train_loss=0.503 train_acc=0.124 | val_loss=0.561 val_acc=0.119 | head_lr=5.00e-04 | enc_lr=1.00e-04
    IoU  [0.000, 0.107, 0.345]
    F1   [0.000, 0.194, 0.513]
    Rcl  [0.000, 0.939, 0.471]
    Prc  [0.000, 0.108, 0.564]
    AccC [0.000, 0.939, 0.471]
[092/100] train_loss=0.512 train_acc=0.124 | val_loss=0.556 val_acc=0.118 | head_lr=5.00e-04 | enc_lr=1.00e-04
    IoU  [0.000, 0.106, 0.349]
    F1   [0.000, 0.192, 0.517]
    Rcl  [0.000, 0.926, 0.505]
    Prc  [0.000, 0.107, 0.530]
    AccC [0.000, 0.926, 0.505]
✔ Saved improved model → general_dice_uxb_tpi_clr_segformer_b0_best.pth
[093/100] train_loss=0.487 train_acc=0.124 | val_loss=0.554 val_acc=0.120 | head_lr=5.00e-04 | enc_lr=1.00e-04
    IoU  [0.000, 0.108, 0.352]
    F1   [0.000, 0.196, 0.521]
    Rcl  [0.000, 0.947, 0.464]
    Prc  [0.000, 0.109, 0.593]
    AccC [0.000, 0.947, 0.464]
✔ Saved improved model → general_dice_uxb_tpi_clr_segformer_b0_best.pth
[094/100] train_loss=0.520 train_acc=0.124 | val_loss=0.567 val_acc=0.119 | head_lr=5.00e-04 | enc_lr=1.00e-04
    IoU  [0.000, 0.109, 0.345]
    F1   [0.000, 0.196, 0.513]
    Rcl  [0.000, 0.952, 0.443]
    Prc  [0.000, 0.109, 0.609]
    AccC [0.000, 0.952, 0.443]
[095/100] train_loss=0.495 train_acc=0.125 | val_loss=0.555 val_acc=0.119 | head_lr=5.00e-04 | enc_lr=1.00e-04
    IoU  [0.000, 0.107, 0.350]
    F1   [0.000, 0.193, 0.519]
    Rcl  [0.000, 0.935, 0.488]
    Prc  [0.000, 0.108, 0.553]
    AccC [0.000, 0.935, 0.488]
[096/100] train_loss=0.489 train_acc=0.125 | val_loss=0.554 val_acc=0.119 | head_lr=5.00e-04 | enc_lr=1.00e-04
    IoU  [0.000, 0.108, 0.351]
    F1   [0.000, 0.195, 0.519]
    Rcl  [0.000, 0.941, 0.474]
    Prc  [0.000, 0.108, 0.574]
    AccC [0.000, 0.941, 0.474]
[097/100] train_loss=0.488 train_acc=0.125 | val_loss=0.559 val_acc=0.119 | head_lr=5.00e-04 | enc_lr=1.00e-04
    IoU  [0.000, 0.108, 0.346]
    F1   [0.000, 0.196, 0.514]
    Rcl  [0.000, 0.949, 0.451]
    Prc  [0.000, 0.109, 0.597]
    AccC [0.000, 0.949, 0.451]
[098/100] train_loss=0.512 train_acc=0.124 | val_loss=0.563 val_acc=0.120 | head_lr=5.00e-04 | enc_lr=1.00e-04
    IoU  [0.000, 0.109, 0.347]
    F1   [0.000, 0.197, 0.515]
    Rcl  [0.000, 0.957, 0.435]
    Prc  [0.000, 0.110, 0.631]
    AccC [0.000, 0.957, 0.435]
[099/100] train_loss=0.497 train_acc=0.124 | val_loss=0.554 val_acc=0.120 | head_lr=5.00e-04 | enc_lr=1.00e-04
    IoU  [0.000, 0.109, 0.351]
    F1   [0.000, 0.196, 0.520]
    Rcl  [0.000, 0.953, 0.446]
    Prc  [0.000, 0.110, 0.622]
    AccC [0.000, 0.953, 0.446]
✔ Saved improved model → general_dice_uxb_tpi_clr_segformer_b0_best.pth
[100/100] train_loss=0.478 train_acc=0.125 | val_loss=0.565 val_acc=0.120 | head_lr=5.00e-04 | enc_lr=1.00e-04
    IoU  [0.000, 0.109, 0.345]
    F1   [0.000, 0.197, 0.513]
    Rcl  [0.000, 0.956, 0.434]
    Prc  [0.000, 0.110, 0.628]
    AccC [0.000, 0.956, 0.434]
